In file included from [01m[K/home/winner_bishal/ros2_delta_ws/build/delta_interfaces/rosidl_generator_c/delta_interfaces/msg/detail/all_detections__functions.h:19[m[K,
                 from [01m[K/home/winner_bishal/ros2_delta_ws/build/delta_interfaces/rosidl_generator_c/delta_interfaces/msg/detail/all_detections__functions.c:4[m[K:
[01m[K/home/winner_bishal/ros2_delta_ws/build/delta_interfaces/rosidl_generator_c/delta_interfaces/msg/detail/all_detections__struct.h:22:10:[m[K [01;31m[Kfatal error: [m[Kstd_msgs/msg/detail/header__struct.h: No such file or directory
   22 | #include [01;31m[K"std_msgs/msg/detail/header__struct.h"[m[K
      |          [01;31m[K^~~~~~~~~~~~~~~~~~~~~~~~~~~~~~~~~~~~~~[m[K
compilation terminated.
gmake[2]: *** [CMakeFiles/delta_interfaces__rosidl_generator_c.dir/build.make:135: CMakeFiles/delta_interfaces__rosidl_generator_c.dir/rosidl_generator_c/delta_interfaces/msg/detail/all_detections__functions.c.o] Error 1
gmake[2]: *** Waiting for unfinished jobs....
gmake[1]: *** [CMakeFiles/Makefile2:213: CMakeFiles/delta_interfaces__rosidl_generator_c.dir/all] Error 2
gmake[1]: *** Waiting for unfinished jobs....
In file included from [01m[K/home/winner_bishal/ros2_delta_ws/build/delta_interfaces/rosidl_typesupport_cpp/delta_interfaces/msg/all_detections__type_support.cpp:7[m[K:
[01m[K/home/winner_bishal/ros2_delta_ws/build/delta_interfaces/rosidl_generator_cpp/delta_interfaces/msg/detail/all_detections__struct.hpp:20:10:[m[K [01;31m[Kfatal error: [m[Kstd_msgs/msg/detail/header__struct.hpp: No such file or directory
   20 | #include [01;31m[K"std_msgs/msg/detail/header__struct.hpp"[m[K
      |          [01;31m[K^~~~~~~~~~~~~~~~~~~~~~~~~~~~~~~~~~~~~~~~[m[K
compilation terminated.
gmake[2]: *** [CMakeFiles/delta_interfaces__rosidl_typesupport_cpp.dir/build.make:104: CMakeFiles/delta_interfaces__rosidl_typesupport_cpp.dir/rosidl_typesupport_cpp/delta_interfaces/msg/all_detections__type_support.cpp.o] Error 1
gmake[2]: *** Waiting for unfinished jobs....
In file included from [01m[K/home/winner_bishal/ros2_delta_ws/build/delta_interfaces/rosidl_typesupport_introspection_cpp/delta_interfaces/msg/detail/all_detections__type_support.cpp:12[m[K:
[01m[K/home/winner_bishal/ros2_delta_ws/build/delta_interfaces/rosidl_generator_cpp/delta_interfaces/msg/detail/all_detections__struct.hpp:20:10:[m[K [01;31m[Kfatal error: [m[Kstd_msgs/msg/detail/header__struct.hpp: No such file or directory
   20 | #include [01;31m[K"std_msgs/msg/detail/header__struct.hpp"[m[K
      |          [01;31m[K^~~~~~~~~~~~~~~~~~~~~~~~~~~~~~~~~~~~~~~~[m[K
compilation terminated.
gmake[2]: *** [CMakeFiles/delta_interfaces__rosidl_typesupport_introspection_cpp.dir/build.make:112: CMakeFiles/delta_interfaces__rosidl_typesupport_introspection_cpp.dir/rosidl_typesupport_introspection_cpp/delta_interfaces/msg/detail/all_detections__type_support.cpp.o] Error 1
gmake[2]: *** Waiting for unfinished jobs....
In file included from [01m[K/home/winner_bishal/ros2_delta_ws/build/delta_interfaces/rosidl_typesupport_fastrtps_cpp/delta_interfaces/msg/detail/all_detections__rosidl_typesupport_fastrtps_cpp.hpp:11[m[K,
                 from [01m[K/home/winner_bishal/ros2_delta_ws/build/delta_interfaces/rosidl_typesupport_fastrtps_cpp/delta_interfaces/msg/detail/dds_fastrtps/all_detections__type_support.cpp:4[m[K:
[01m[K/home/winner_bishal/ros2_delta_ws/build/delta_interfaces/rosidl_generator_cpp/delta_interfaces/msg/detail/all_detections__struct.hpp:20:10:[m[K [01;31m[Kfatal error: [m[Kstd_msgs/msg/detail/header__struct.hpp: No such file or directory
   20 | #include [01;31m[K"std_msgs/msg/detail/header__struct.hpp"[m[K
      |          [01;31m[K^~~~~~~~~~~~~~~~~~~~~~~~~~~~~~~~~~~~~~~~[m[K
compilation terminated.
gmake[2]: *** [CMakeFiles/delta_interfaces__rosidl_typesupport_fastrtps_cpp.dir/build.make:112: CMakeFiles/delta_interfaces__rosidl_typesupport_fastrtps_cpp.dir/rosidl_typesupport_fastrtps_cpp/delta_interfaces/msg/detail/dds_fastrtps/all_detections__type_support.cpp.o] Error 1
gmake[2]: *** Waiting for unfinished jobs....
gmake[1]: *** [CMakeFiles/Makefile2:395: CMakeFiles/delta_interfaces__rosidl_typesupport_cpp.dir/all] Error 2
gmake[1]: *** [CMakeFiles/Makefile2:369: CMakeFiles/delta_interfaces__rosidl_typesupport_introspection_cpp.dir/all] Error 2
gmake[1]: *** [CMakeFiles/Makefile2:343: CMakeFiles/delta_interfaces__rosidl_typesupport_fastrtps_cpp.dir/all] Error 2
gmake: *** [Makefile:146: all] Error 2
