[0.073s] Invoking command in '/home/winner_bishal/ros2_delta_ws/build/delta_interfaces': CMAKE_PREFIX_PATH=${CMAKE_PREFIX_PATH}:/home/winner_bishal/ros2_delta_ws/install/delta_vision:/opt/ros/humble /usr/bin/cmake --build /home/winner_bishal/ros2_delta_ws/build/delta_interfaces -- -j12 -l12
[0.094s] -- Found ament_cmake: 1.3.8 (/opt/ros/humble/share/ament_cmake/cmake)
[0.203s] -- Found rosidl_default_generators: 1.2.0 (/opt/ros/humble/share/rosidl_default_generators/cmake)
[0.205s] -- Using all available rosidl_typesupport_c: rosidl_typesupport_fastrtps_c;rosidl_typesupport_introspection_c
[0.207s] -- Found rosidl_adapter: 3.1.5 (/opt/ros/humble/share/rosidl_adapter/cmake)
[0.233s] -- Using all available rosidl_typesupport_cpp: rosidl_typesupport_fastrtps_cpp;rosidl_typesupport_introspection_cpp
[0.257s] -- Found std_msgs: 4.2.3 (/opt/ros/humble/share/std_msgs/cmake)
[0.532s] -- Found ament_cmake_ros: 0.10.0 (/opt/ros/humble/share/ament_cmake_ros/cmake)
[0.713s] -- Using all available rosidl_typesupport_c: rosidl_typesupport_fastrtps_c;rosidl_typesupport_introspection_c
[0.956s] -- Using all available rosidl_typesupport_cpp: rosidl_typesupport_fastrtps_cpp;rosidl_typesupport_introspection_cpp
[0.976s] -- Found python_cmake_module: 0.10.0 (/opt/ros/humble/share/python_cmake_module/cmake)
[0.996s] -- Using PYTHON_EXECUTABLE: /usr/bin/python3
[0.996s] -- Using PYTHON_INCLUDE_DIRS: /usr/include/python3.10
[0.996s] -- Using PYTHON_LIBRARIES: /usr/lib/x86_64-linux-gnu/libpython3.10.so
[1.022s] -- Configuring done
[1.052s] -- Generating done
[1.054s] -- Build files have been written to: /home/winner_bishal/ros2_delta_ws/build/delta_interfaces
[1.078s] [35m[1mConsolidate compiler generated dependencies of target delta_interfaces__rosidl_generator_c[0m
[1.087s] [  2%] Built target delta_interfaces__cpp
[1.089s] [  5%] [32mBuilding C object CMakeFiles/delta_interfaces__rosidl_generator_c.dir/rosidl_generator_c/delta_interfaces/msg/detail/detection__functions.c.o[0m
[1.089s] [  7%] [32mBuilding C object CMakeFiles/delta_interfaces__rosidl_generator_c.dir/rosidl_generator_c/delta_interfaces/msg/detail/all_detections__functions.c.o[0m
[1.096s] [  7%] Built target ament_cmake_python_copy_delta_interfaces
[1.097s] [35m[1mConsolidate compiler generated dependencies of target delta_interfaces__rosidl_typesupport_cpp[0m
[1.097s] [35m[1mConsolidate compiler generated dependencies of target delta_interfaces__rosidl_typesupport_introspection_cpp[0m
[1.097s] [35m[1mConsolidate compiler generated dependencies of target delta_interfaces__rosidl_typesupport_fastrtps_cpp[0m
[1.111s] [ 10%] [32mBuilding CXX object CMakeFiles/delta_interfaces__rosidl_typesupport_cpp.dir/rosidl_typesupport_cpp/delta_interfaces/msg/detection__type_support.cpp.o[0m
[1.112s] [ 12%] [32mBuilding CXX object CMakeFiles/delta_interfaces__rosidl_typesupport_introspection_cpp.dir/rosidl_typesupport_introspection_cpp/delta_interfaces/msg/detail/detection__type_support.cpp.o[0m
[1.113s] [ 17%] [32mBuilding CXX object CMakeFiles/delta_interfaces__rosidl_typesupport_cpp.dir/rosidl_typesupport_cpp/delta_interfaces/msg/all_detections__type_support.cpp.o[0m
[1.113s] [ 17%] [32mBuilding CXX object CMakeFiles/delta_interfaces__rosidl_typesupport_introspection_cpp.dir/rosidl_typesupport_introspection_cpp/delta_interfaces/msg/detail/all_detections__type_support.cpp.o[0m
[1.114s] [ 20%] [32mBuilding CXX object CMakeFiles/delta_interfaces__rosidl_typesupport_fastrtps_cpp.dir/rosidl_typesupport_fastrtps_cpp/delta_interfaces/msg/detail/dds_fastrtps/detection__type_support.cpp.o[0m
[1.115s] [ 23%] [32mBuilding CXX object CMakeFiles/delta_interfaces__rosidl_typesupport_fastrtps_cpp.dir/rosidl_typesupport_fastrtps_cpp/delta_interfaces/msg/detail/dds_fastrtps/all_detections__type_support.cpp.o[0m
[1.143s] [ 25%] [32m[1mLinking C shared library libdelta_interfaces__rosidl_generator_c.so[0m
[1.180s] [ 28%] Built target delta_interfaces__rosidl_generator_c
[1.191s] [ 30%] [34m[1mGenerating C type support for eProsima Fast-RTPS[0m
[1.193s] [ 33%] [34m[1mGenerating C introspection for ROS interfaces[0m
[1.193s] [ 35%] [34m[1mGenerating C type support dispatch for ROS interfaces[0m
[1.494s] running egg_info
[1.495s] writing delta_interfaces.egg-info/PKG-INFO
[1.495s] writing dependency_links to delta_interfaces.egg-info/dependency_links.txt
[1.495s] writing top-level names to delta_interfaces.egg-info/top_level.txt
[1.498s] reading manifest file 'delta_interfaces.egg-info/SOURCES.txt'
[1.498s] writing manifest file 'delta_interfaces.egg-info/SOURCES.txt'
[1.520s] [ 38%] [32m[1mLinking CXX shared library libdelta_interfaces__rosidl_typesupport_cpp.so[0m
[1.540s] [ 38%] Built target ament_cmake_python_build_delta_interfaces_egg
[1.572s] [ 41%] Built target delta_interfaces__rosidl_typesupport_cpp
[1.585s] [35m[1mConsolidate compiler generated dependencies of target delta_interfaces__rosidl_typesupport_c[0m
[1.600s] [ 46%] [32mBuilding CXX object CMakeFiles/delta_interfaces__rosidl_typesupport_c.dir/rosidl_typesupport_c/delta_interfaces/msg/detection__type_support.cpp.o[0m
[1.600s] [ 46%] [32mBuilding CXX object CMakeFiles/delta_interfaces__rosidl_typesupport_c.dir/rosidl_typesupport_c/delta_interfaces/msg/all_detections__type_support.cpp.o[0m
[1.626s] [35m[1mConsolidate compiler generated dependencies of target delta_interfaces__rosidl_typesupport_fastrtps_c[0m
[1.634s] [ 48%] [32m[1mLinking CXX shared library libdelta_interfaces__rosidl_typesupport_c.so[0m
[1.641s] [35m[1mConsolidate compiler generated dependencies of target delta_interfaces__rosidl_typesupport_introspection_c[0m
[1.643s] [ 53%] [32mBuilding CXX object CMakeFiles/delta_interfaces__rosidl_typesupport_fastrtps_c.dir/rosidl_typesupport_fastrtps_c/delta_interfaces/msg/detail/detection__type_support_c.cpp.o[0m
[1.643s] [ 53%] [32mBuilding CXX object CMakeFiles/delta_interfaces__rosidl_typesupport_fastrtps_c.dir/rosidl_typesupport_fastrtps_c/delta_interfaces/msg/detail/all_detections__type_support_c.cpp.o[0m
[1.657s] [ 58%] [32mBuilding C object CMakeFiles/delta_interfaces__rosidl_typesupport_introspection_c.dir/rosidl_typesupport_introspection_c/delta_interfaces/msg/detail/all_detections__type_support.c.o[0m
[1.657s] [ 58%] [32mBuilding C object CMakeFiles/delta_interfaces__rosidl_typesupport_introspection_c.dir/rosidl_typesupport_introspection_c/delta_interfaces/msg/detail/detection__type_support.c.o[0m
[1.658s] [ 61%] [32m[1mLinking CXX shared library libdelta_interfaces__rosidl_typesupport_fastrtps_cpp.so[0m
[1.682s] [ 61%] Built target delta_interfaces__rosidl_typesupport_c
[1.693s] [ 64%] [32m[1mLinking CXX shared library libdelta_interfaces__rosidl_typesupport_introspection_cpp.so[0m
[1.699s] [ 66%] [32m[1mLinking C shared library libdelta_interfaces__rosidl_typesupport_introspection_c.so[0m
[1.734s] [ 66%] Built target delta_interfaces__rosidl_typesupport_introspection_c
[1.757s] [ 69%] Built target delta_interfaces__rosidl_typesupport_fastrtps_cpp
[1.779s] [ 71%] Built target delta_interfaces__rosidl_typesupport_introspection_cpp
[1.941s] [ 74%] [32m[1mLinking CXX shared library libdelta_interfaces__rosidl_typesupport_fastrtps_c.so[0m
[2.003s] [ 74%] Built target delta_interfaces__rosidl_typesupport_fastrtps_c
[2.020s] [ 74%] Built target delta_interfaces
[2.039s] [ 76%] [34m[1mGenerating Python code for ROS interfaces[0m
[2.348s] [ 76%] Built target delta_interfaces__py
[2.358s] [35m[1mConsolidate compiler generated dependencies of target delta_interfaces__rosidl_generator_py[0m
[2.371s] [ 79%] [32mBuilding C object CMakeFiles/delta_interfaces__rosidl_generator_py.dir/rosidl_generator_py/delta_interfaces/msg/_detection_s.c.o[0m
[2.371s] [ 82%] [32mBuilding C object CMakeFiles/delta_interfaces__rosidl_generator_py.dir/rosidl_generator_py/delta_interfaces/msg/_all_detections_s.c.o[0m
[2.461s] [ 84%] [32m[1mLinking C shared library rosidl_generator_py/delta_interfaces/libdelta_interfaces__rosidl_generator_py.so[0m
[2.498s] [ 84%] Built target delta_interfaces__rosidl_generator_py
[2.508s] [35m[1mConsolidate compiler generated dependencies of target delta_interfaces__rosidl_typesupport_introspection_c__pyext[0m
[2.508s] [35m[1mConsolidate compiler generated dependencies of target delta_interfaces__rosidl_typesupport_c__pyext[0m
[2.508s] [35m[1mConsolidate compiler generated dependencies of target delta_interfaces__rosidl_typesupport_fastrtps_c__pyext[0m
[2.519s] [ 92%] [32mBuilding C object CMakeFiles/delta_interfaces__rosidl_typesupport_c__pyext.dir/rosidl_generator_py/delta_interfaces/_delta_interfaces_s.ep.rosidl_typesupport_c.c.o[0m
[2.519s] [ 92%] [32mBuilding C object CMakeFiles/delta_interfaces__rosidl_typesupport_introspection_c__pyext.dir/rosidl_generator_py/delta_interfaces/_delta_interfaces_s.ep.rosidl_typesupport_introspection_c.c.o[0m
[2.519s] [ 92%] [32mBuilding C object CMakeFiles/delta_interfaces__rosidl_typesupport_fastrtps_c__pyext.dir/rosidl_generator_py/delta_interfaces/_delta_interfaces_s.ep.rosidl_typesupport_fastrtps_c.c.o[0m
[2.614s] [100%] [32m[1mLinking C shared library rosidl_generator_py/delta_interfaces/delta_interfaces_s__rosidl_typesupport_fastrtps_c.cpython-310-x86_64-linux-gnu.so[0m
[2.614s] [100%] [32m[1mLinking C shared library rosidl_generator_py/delta_interfaces/delta_interfaces_s__rosidl_typesupport_introspection_c.cpython-310-x86_64-linux-gnu.so[0m
[2.614s] [100%] [32m[1mLinking C shared library rosidl_generator_py/delta_interfaces/delta_interfaces_s__rosidl_typesupport_c.cpython-310-x86_64-linux-gnu.so[0m
[2.650s] [100%] Built target delta_interfaces__rosidl_typesupport_fastrtps_c__pyext
[2.650s] [100%] Built target delta_interfaces__rosidl_typesupport_c__pyext
[2.650s] [100%] Built target delta_interfaces__rosidl_typesupport_introspection_c__pyext
[2.661s] Invoked command in '/home/winner_bishal/ros2_delta_ws/build/delta_interfaces' returned '0': CMAKE_PREFIX_PATH=${CMAKE_PREFIX_PATH}:/home/winner_bishal/ros2_delta_ws/install/delta_vision:/opt/ros/humble /usr/bin/cmake --build /home/winner_bishal/ros2_delta_ws/build/delta_interfaces -- -j12 -l12
[2.748s] Invoking command in '/home/winner_bishal/ros2_delta_ws/build/delta_interfaces': CMAKE_PREFIX_PATH=${CMAKE_PREFIX_PATH}:/home/winner_bishal/ros2_delta_ws/install/delta_vision:/opt/ros/humble /usr/bin/cmake --install /home/winner_bishal/ros2_delta_ws/build/delta_interfaces
[2.759s] -- Install configuration: ""
[2.759s] -- Up-to-date: /home/winner_bishal/ros2_delta_ws/install/delta_interfaces/share/ament_index/resource_index/rosidl_interfaces/delta_interfaces
[2.759s] -- Up-to-date: /home/winner_bishal/ros2_delta_ws/install/delta_interfaces/include/delta_interfaces/delta_interfaces
[2.759s] -- Up-to-date: /home/winner_bishal/ros2_delta_ws/install/delta_interfaces/include/delta_interfaces/delta_interfaces/msg
[2.760s] -- Up-to-date: /home/winner_bishal/ros2_delta_ws/install/delta_interfaces/include/delta_interfaces/delta_interfaces/msg/rosidl_generator_c__visibility_control.h
[2.760s] -- Installing: /home/winner_bishal/ros2_delta_ws/install/delta_interfaces/include/delta_interfaces/delta_interfaces/msg/all_detections.h
[2.760s] -- Up-to-date: /home/winner_bishal/ros2_delta_ws/install/delta_interfaces/include/delta_interfaces/delta_interfaces/msg/detail
[2.760s] -- Installing: /home/winner_bishal/ros2_delta_ws/install/delta_interfaces/include/delta_interfaces/delta_interfaces/msg/detail/all_detections__functions.c
[2.761s] -- Installing: /home/winner_bishal/ros2_delta_ws/install/delta_interfaces/include/delta_interfaces/delta_interfaces/msg/detail/detection__struct.h
[2.761s] -- Installing: /home/winner_bishal/ros2_delta_ws/install/delta_interfaces/include/delta_interfaces/delta_interfaces/msg/detail/detection__functions.h
[2.761s] -- Installing: /home/winner_bishal/ros2_delta_ws/install/delta_interfaces/include/delta_interfaces/delta_interfaces/msg/detail/detection__functions.c
[2.761s] -- Installing: /home/winner_bishal/ros2_delta_ws/install/delta_interfaces/include/delta_interfaces/delta_interfaces/msg/detail/all_detections__type_support.h
[2.761s] -- Installing: /home/winner_bishal/ros2_delta_ws/install/delta_interfaces/include/delta_interfaces/delta_interfaces/msg/detail/all_detections__functions.h
[2.762s] -- Installing: /home/winner_bishal/ros2_delta_ws/install/delta_interfaces/include/delta_interfaces/delta_interfaces/msg/detail/detection__type_support.h
[2.762s] -- Installing: /home/winner_bishal/ros2_delta_ws/install/delta_interfaces/include/delta_interfaces/delta_interfaces/msg/detail/all_detections__struct.h
[2.762s] -- Installing: /home/winner_bishal/ros2_delta_ws/install/delta_interfaces/include/delta_interfaces/delta_interfaces/msg/detection.h
[2.762s] -- Up-to-date: /home/winner_bishal/ros2_delta_ws/install/delta_interfaces/share/delta_interfaces/environment/library_path.sh
[2.763s] -- Installing: /home/winner_bishal/ros2_delta_ws/install/delta_interfaces/share/delta_interfaces/environment/library_path.dsv
[2.763s] -- Installing: /home/winner_bishal/ros2_delta_ws/install/delta_interfaces/lib/libdelta_interfaces__rosidl_generator_c.so
[2.763s] -- Set runtime path of "/home/winner_bishal/ros2_delta_ws/install/delta_interfaces/lib/libdelta_interfaces__rosidl_generator_c.so" to ""
[2.764s] -- Up-to-date: /home/winner_bishal/ros2_delta_ws/install/delta_interfaces/include/delta_interfaces/delta_interfaces
[2.764s] -- Up-to-date: /home/winner_bishal/ros2_delta_ws/install/delta_interfaces/include/delta_interfaces/delta_interfaces/msg
[2.764s] -- Up-to-date: /home/winner_bishal/ros2_delta_ws/install/delta_interfaces/include/delta_interfaces/delta_interfaces/msg/detail
[2.764s] -- Installing: /home/winner_bishal/ros2_delta_ws/install/delta_interfaces/include/delta_interfaces/delta_interfaces/msg/detail/detection__rosidl_typesupport_fastrtps_c.h
[2.764s] -- Installing: /home/winner_bishal/ros2_delta_ws/install/delta_interfaces/include/delta_interfaces/delta_interfaces/msg/detail/all_detections__rosidl_typesupport_fastrtps_c.h
[2.765s] -- Up-to-date: /home/winner_bishal/ros2_delta_ws/install/delta_interfaces/include/delta_interfaces/delta_interfaces/msg/rosidl_typesupport_fastrtps_c__visibility_control.h
[2.765s] -- Installing: /home/winner_bishal/ros2_delta_ws/install/delta_interfaces/lib/libdelta_interfaces__rosidl_typesupport_fastrtps_c.so
[2.766s] -- Set runtime path of "/home/winner_bishal/ros2_delta_ws/install/delta_interfaces/lib/libdelta_interfaces__rosidl_typesupport_fastrtps_c.so" to ""
[2.766s] -- Up-to-date: /home/winner_bishal/ros2_delta_ws/install/delta_interfaces/include/delta_interfaces/delta_interfaces
[2.766s] -- Up-to-date: /home/winner_bishal/ros2_delta_ws/install/delta_interfaces/include/delta_interfaces/delta_interfaces/msg
[2.766s] -- Up-to-date: /home/winner_bishal/ros2_delta_ws/install/delta_interfaces/include/delta_interfaces/delta_interfaces/msg/detail
[2.766s] -- Installing: /home/winner_bishal/ros2_delta_ws/install/delta_interfaces/include/delta_interfaces/delta_interfaces/msg/detail/detection__rosidl_typesupport_introspection_c.h
[2.767s] -- Installing: /home/winner_bishal/ros2_delta_ws/install/delta_interfaces/include/delta_interfaces/delta_interfaces/msg/detail/detection__type_support.c
[2.767s] -- Installing: /home/winner_bishal/ros2_delta_ws/install/delta_interfaces/include/delta_interfaces/delta_interfaces/msg/detail/all_detections__rosidl_typesupport_introspection_c.h
[2.767s] -- Installing: /home/winner_bishal/ros2_delta_ws/install/delta_interfaces/include/delta_interfaces/delta_interfaces/msg/detail/all_detections__type_support.c
[2.767s] -- Up-to-date: /home/winner_bishal/ros2_delta_ws/install/delta_interfaces/include/delta_interfaces/delta_interfaces/msg/rosidl_typesupport_introspection_c__visibility_control.h
[2.767s] -- Installing: /home/winner_bishal/ros2_delta_ws/install/delta_interfaces/lib/libdelta_interfaces__rosidl_typesupport_introspection_c.so
[2.768s] -- Set runtime path of "/home/winner_bishal/ros2_delta_ws/install/delta_interfaces/lib/libdelta_interfaces__rosidl_typesupport_introspection_c.so" to ""
[2.768s] -- Installing: /home/winner_bishal/ros2_delta_ws/install/delta_interfaces/lib/libdelta_interfaces__rosidl_typesupport_c.so
[2.769s] -- Set runtime path of "/home/winner_bishal/ros2_delta_ws/install/delta_interfaces/lib/libdelta_interfaces__rosidl_typesupport_c.so" to ""
[2.769s] -- Up-to-date: /home/winner_bishal/ros2_delta_ws/install/delta_interfaces/include/delta_interfaces/delta_interfaces
[2.769s] -- Up-to-date: /home/winner_bishal/ros2_delta_ws/install/delta_interfaces/include/delta_interfaces/delta_interfaces/msg
[2.770s] -- Up-to-date: /home/winner_bishal/ros2_delta_ws/install/delta_interfaces/include/delta_interfaces/delta_interfaces/msg/detail
[2.770s] -- Installing: /home/winner_bishal/ros2_delta_ws/install/delta_interfaces/include/delta_interfaces/delta_interfaces/msg/detail/detection__builder.hpp
[2.770s] -- Installing: /home/winner_bishal/ros2_delta_ws/install/delta_interfaces/include/delta_interfaces/delta_interfaces/msg/detail/detection__struct.hpp
[2.770s] -- Installing: /home/winner_bishal/ros2_delta_ws/install/delta_interfaces/include/delta_interfaces/delta_interfaces/msg/detail/all_detections__struct.hpp
[2.771s] -- Installing: /home/winner_bishal/ros2_delta_ws/install/delta_interfaces/include/delta_interfaces/delta_interfaces/msg/detail/all_detections__traits.hpp
[2.771s] -- Installing: /home/winner_bishal/ros2_delta_ws/install/delta_interfaces/include/delta_interfaces/delta_interfaces/msg/detail/all_detections__builder.hpp
[2.771s] -- Installing: /home/winner_bishal/ros2_delta_ws/install/delta_interfaces/include/delta_interfaces/delta_interfaces/msg/detail/detection__traits.hpp
[2.771s] -- Installing: /home/winner_bishal/ros2_delta_ws/install/delta_interfaces/include/delta_interfaces/delta_interfaces/msg/detection.hpp
[2.772s] -- Installing: /home/winner_bishal/ros2_delta_ws/install/delta_interfaces/include/delta_interfaces/delta_interfaces/msg/all_detections.hpp
[2.772s] -- Up-to-date: /home/winner_bishal/ros2_delta_ws/install/delta_interfaces/include/delta_interfaces/delta_interfaces
[2.772s] -- Up-to-date: /home/winner_bishal/ros2_delta_ws/install/delta_interfaces/include/delta_interfaces/delta_interfaces/msg
[2.772s] -- Up-to-date: /home/winner_bishal/ros2_delta_ws/install/delta_interfaces/include/delta_interfaces/delta_interfaces/msg/detail
[2.773s] -- Installing: /home/winner_bishal/ros2_delta_ws/install/delta_interfaces/include/delta_interfaces/delta_interfaces/msg/detail/detection__rosidl_typesupport_fastrtps_cpp.hpp
[2.773s] -- Up-to-date: /home/winner_bishal/ros2_delta_ws/install/delta_interfaces/include/delta_interfaces/delta_interfaces/msg/detail/dds_fastrtps
[2.773s] -- Installing: /home/winner_bishal/ros2_delta_ws/install/delta_interfaces/include/delta_interfaces/delta_interfaces/msg/detail/all_detections__rosidl_typesupport_fastrtps_cpp.hpp
[2.773s] -- Up-to-date: /home/winner_bishal/ros2_delta_ws/install/delta_interfaces/include/delta_interfaces/delta_interfaces/msg/rosidl_typesupport_fastrtps_cpp__visibility_control.h
[2.773s] -- Installing: /home/winner_bishal/ros2_delta_ws/install/delta_interfaces/lib/libdelta_interfaces__rosidl_typesupport_fastrtps_cpp.so
[2.774s] -- Set runtime path of "/home/winner_bishal/ros2_delta_ws/install/delta_interfaces/lib/libdelta_interfaces__rosidl_typesupport_fastrtps_cpp.so" to ""
[2.774s] -- Up-to-date: /home/winner_bishal/ros2_delta_ws/install/delta_interfaces/include/delta_interfaces/delta_interfaces
[2.774s] -- Up-to-date: /home/winner_bishal/ros2_delta_ws/install/delta_interfaces/include/delta_interfaces/delta_interfaces/msg
[2.774s] -- Up-to-date: /home/winner_bishal/ros2_delta_ws/install/delta_interfaces/include/delta_interfaces/delta_interfaces/msg/detail
[2.774s] -- Installing: /home/winner_bishal/ros2_delta_ws/install/delta_interfaces/include/delta_interfaces/delta_interfaces/msg/detail/all_detections__rosidl_typesupport_introspection_cpp.hpp
[2.775s] -- Installing: /home/winner_bishal/ros2_delta_ws/install/delta_interfaces/include/delta_interfaces/delta_interfaces/msg/detail/detection__type_support.cpp
[2.775s] -- Installing: /home/winner_bishal/ros2_delta_ws/install/delta_interfaces/include/delta_interfaces/delta_interfaces/msg/detail/all_detections__type_support.cpp
[2.775s] -- Installing: /home/winner_bishal/ros2_delta_ws/install/delta_interfaces/include/delta_interfaces/delta_interfaces/msg/detail/detection__rosidl_typesupport_introspection_cpp.hpp
[2.775s] -- Installing: /home/winner_bishal/ros2_delta_ws/install/delta_interfaces/lib/libdelta_interfaces__rosidl_typesupport_introspection_cpp.so
[2.776s] -- Set runtime path of "/home/winner_bishal/ros2_delta_ws/install/delta_interfaces/lib/libdelta_interfaces__rosidl_typesupport_introspection_cpp.so" to ""
[2.776s] -- Installing: /home/winner_bishal/ros2_delta_ws/install/delta_interfaces/lib/libdelta_interfaces__rosidl_typesupport_cpp.so
[2.777s] -- Set runtime path of "/home/winner_bishal/ros2_delta_ws/install/delta_interfaces/lib/libdelta_interfaces__rosidl_typesupport_cpp.so" to ""
[2.777s] -- Up-to-date: /home/winner_bishal/ros2_delta_ws/install/delta_interfaces/share/delta_interfaces/environment/pythonpath.sh
[2.777s] -- Installing: /home/winner_bishal/ros2_delta_ws/install/delta_interfaces/share/delta_interfaces/environment/pythonpath.dsv
[2.777s] -- Up-to-date: /home/winner_bishal/ros2_delta_ws/install/delta_interfaces/local/lib/python3.10/dist-packages/delta_interfaces-0.0.0-py3.10.egg-info
[2.778s] -- Installing: /home/winner_bishal/ros2_delta_ws/install/delta_interfaces/local/lib/python3.10/dist-packages/delta_interfaces-0.0.0-py3.10.egg-info/SOURCES.txt
[2.778s] -- Installing: /home/winner_bishal/ros2_delta_ws/install/delta_interfaces/local/lib/python3.10/dist-packages/delta_interfaces-0.0.0-py3.10.egg-info/top_level.txt
[2.778s] -- Installing: /home/winner_bishal/ros2_delta_ws/install/delta_interfaces/local/lib/python3.10/dist-packages/delta_interfaces-0.0.0-py3.10.egg-info/PKG-INFO
[2.778s] -- Installing: /home/winner_bishal/ros2_delta_ws/install/delta_interfaces/local/lib/python3.10/dist-packages/delta_interfaces-0.0.0-py3.10.egg-info/dependency_links.txt
[2.778s] -- Up-to-date: /home/winner_bishal/ros2_delta_ws/install/delta_interfaces/local/lib/python3.10/dist-packages/delta_interfaces
[2.779s] -- Installing: /home/winner_bishal/ros2_delta_ws/install/delta_interfaces/local/lib/python3.10/dist-packages/delta_interfaces/delta_interfaces_s__rosidl_typesupport_c.cpython-310-x86_64-linux-gnu.so
[2.779s] -- Up-to-date: /home/winner_bishal/ros2_delta_ws/install/delta_interfaces/local/lib/python3.10/dist-packages/delta_interfaces/msg
[2.779s] -- Installing: /home/winner_bishal/ros2_delta_ws/install/delta_interfaces/local/lib/python3.10/dist-packages/delta_interfaces/msg/_detection.py
[2.779s] -- Installing: /home/winner_bishal/ros2_delta_ws/install/delta_interfaces/local/lib/python3.10/dist-packages/delta_interfaces/msg/_detection_s.c
[2.779s] -- Installing: /home/winner_bishal/ros2_delta_ws/install/delta_interfaces/local/lib/python3.10/dist-packages/delta_interfaces/msg/__init__.py
[2.780s] -- Installing: /home/winner_bishal/ros2_delta_ws/install/delta_interfaces/local/lib/python3.10/dist-packages/delta_interfaces/msg/_all_detections_s.c
[2.780s] -- Installing: /home/winner_bishal/ros2_delta_ws/install/delta_interfaces/local/lib/python3.10/dist-packages/delta_interfaces/msg/_all_detections.py
[2.780s] -- Installing: /home/winner_bishal/ros2_delta_ws/install/delta_interfaces/local/lib/python3.10/dist-packages/delta_interfaces/_delta_interfaces_s.ep.rosidl_typesupport_c.c
[2.780s] -- Installing: /home/winner_bishal/ros2_delta_ws/install/delta_interfaces/local/lib/python3.10/dist-packages/delta_interfaces/_delta_interfaces_s.ep.rosidl_typesupport_fastrtps_c.c
[2.781s] -- Installing: /home/winner_bishal/ros2_delta_ws/install/delta_interfaces/local/lib/python3.10/dist-packages/delta_interfaces/libdelta_interfaces__rosidl_generator_py.so
[2.781s] -- Installing: /home/winner_bishal/ros2_delta_ws/install/delta_interfaces/local/lib/python3.10/dist-packages/delta_interfaces/delta_interfaces_s__rosidl_typesupport_introspection_c.cpython-310-x86_64-linux-gnu.so
[2.781s] -- Installing: /home/winner_bishal/ros2_delta_ws/install/delta_interfaces/local/lib/python3.10/dist-packages/delta_interfaces/delta_interfaces_s__rosidl_typesupport_fastrtps_c.cpython-310-x86_64-linux-gnu.so
[2.781s] -- Installing: /home/winner_bishal/ros2_delta_ws/install/delta_interfaces/local/lib/python3.10/dist-packages/delta_interfaces/_delta_interfaces_s.ep.rosidl_typesupport_introspection_c.c
[2.782s] -- Installing: /home/winner_bishal/ros2_delta_ws/install/delta_interfaces/local/lib/python3.10/dist-packages/delta_interfaces/__init__.py
[2.817s] Listing '/home/winner_bishal/ros2_delta_ws/install/delta_interfaces/local/lib/python3.10/dist-packages/delta_interfaces'...
[2.817s] Compiling '/home/winner_bishal/ros2_delta_ws/install/delta_interfaces/local/lib/python3.10/dist-packages/delta_interfaces/__init__.py'...
[2.817s] Listing '/home/winner_bishal/ros2_delta_ws/install/delta_interfaces/local/lib/python3.10/dist-packages/delta_interfaces/msg'...
[2.817s] Compiling '/home/winner_bishal/ros2_delta_ws/install/delta_interfaces/local/lib/python3.10/dist-packages/delta_interfaces/msg/__init__.py'...
[2.817s] Compiling '/home/winner_bishal/ros2_delta_ws/install/delta_interfaces/local/lib/python3.10/dist-packages/delta_interfaces/msg/_all_detections.py'...
[2.817s] Compiling '/home/winner_bishal/ros2_delta_ws/install/delta_interfaces/local/lib/python3.10/dist-packages/delta_interfaces/msg/_detection.py'...
[2.820s] -- Installing: /home/winner_bishal/ros2_delta_ws/install/delta_interfaces/local/lib/python3.10/dist-packages/delta_interfaces/delta_interfaces_s__rosidl_typesupport_fastrtps_c.cpython-310-x86_64-linux-gnu.so
[2.821s] -- Set runtime path of "/home/winner_bishal/ros2_delta_ws/install/delta_interfaces/local/lib/python3.10/dist-packages/delta_interfaces/delta_interfaces_s__rosidl_typesupport_fastrtps_c.cpython-310-x86_64-linux-gnu.so" to ""
[2.821s] -- Installing: /home/winner_bishal/ros2_delta_ws/install/delta_interfaces/local/lib/python3.10/dist-packages/delta_interfaces/delta_interfaces_s__rosidl_typesupport_introspection_c.cpython-310-x86_64-linux-gnu.so
[2.822s] -- Set runtime path of "/home/winner_bishal/ros2_delta_ws/install/delta_interfaces/local/lib/python3.10/dist-packages/delta_interfaces/delta_interfaces_s__rosidl_typesupport_introspection_c.cpython-310-x86_64-linux-gnu.so" to ""
[2.822s] -- Installing: /home/winner_bishal/ros2_delta_ws/install/delta_interfaces/local/lib/python3.10/dist-packages/delta_interfaces/delta_interfaces_s__rosidl_typesupport_c.cpython-310-x86_64-linux-gnu.so
[2.822s] -- Set runtime path of "/home/winner_bishal/ros2_delta_ws/install/delta_interfaces/local/lib/python3.10/dist-packages/delta_interfaces/delta_interfaces_s__rosidl_typesupport_c.cpython-310-x86_64-linux-gnu.so" to ""
[2.822s] -- Installing: /home/winner_bishal/ros2_delta_ws/install/delta_interfaces/lib/libdelta_interfaces__rosidl_generator_py.so
[2.823s] -- Set runtime path of "/home/winner_bishal/ros2_delta_ws/install/delta_interfaces/lib/libdelta_interfaces__rosidl_generator_py.so" to ""
[2.823s] -- Up-to-date: /home/winner_bishal/ros2_delta_ws/install/delta_interfaces/share/delta_interfaces/msg/Detection.idl
[2.823s] -- Installing: /home/winner_bishal/ros2_delta_ws/install/delta_interfaces/share/delta_interfaces/msg/AllDetections.idl
[2.823s] -- Up-to-date: /home/winner_bishal/ros2_delta_ws/install/delta_interfaces/share/delta_interfaces/msg/Detection.msg
[2.824s] -- Installing: /home/winner_bishal/ros2_delta_ws/install/delta_interfaces/share/delta_interfaces/msg/AllDetections.msg
[2.824s] -- Up-to-date: /home/winner_bishal/ros2_delta_ws/install/delta_interfaces/share/ament_index/resource_index/package_run_dependencies/delta_interfaces
[2.824s] -- Up-to-date: /home/winner_bishal/ros2_delta_ws/install/delta_interfaces/share/ament_index/resource_index/parent_prefix_path/delta_interfaces
[2.824s] -- Up-to-date: /home/winner_bishal/ros2_delta_ws/install/delta_interfaces/share/delta_interfaces/environment/ament_prefix_path.sh
[2.824s] -- Installing: /home/winner_bishal/ros2_delta_ws/install/delta_interfaces/share/delta_interfaces/environment/ament_prefix_path.dsv
[2.824s] -- Up-to-date: /home/winner_bishal/ros2_delta_ws/install/delta_interfaces/share/delta_interfaces/environment/path.sh
[2.824s] -- Installing: /home/winner_bishal/ros2_delta_ws/install/delta_interfaces/share/delta_interfaces/environment/path.dsv
[2.825s] -- Up-to-date: /home/winner_bishal/ros2_delta_ws/install/delta_interfaces/share/delta_interfaces/local_setup.bash
[2.825s] -- Up-to-date: /home/winner_bishal/ros2_delta_ws/install/delta_interfaces/share/delta_interfaces/local_setup.sh
[2.825s] -- Up-to-date: /home/winner_bishal/ros2_delta_ws/install/delta_interfaces/share/delta_interfaces/local_setup.zsh
[2.825s] -- Installing: /home/winner_bishal/ros2_delta_ws/install/delta_interfaces/share/delta_interfaces/local_setup.dsv
[2.825s] -- Installing: /home/winner_bishal/ros2_delta_ws/install/delta_interfaces/share/delta_interfaces/package.dsv
[2.825s] -- Up-to-date: /home/winner_bishal/ros2_delta_ws/install/delta_interfaces/share/ament_index/resource_index/packages/delta_interfaces
[2.825s] -- Old export file "/home/winner_bishal/ros2_delta_ws/install/delta_interfaces/share/delta_interfaces/cmake/export_delta_interfaces__rosidl_generator_cExport.cmake" will be replaced.  Removing files [/home/winner_bishal/ros2_delta_ws/install/delta_interfaces/share/delta_interfaces/cmake/export_delta_interfaces__rosidl_generator_cExport-noconfig.cmake].
[2.825s] -- Installing: /home/winner_bishal/ros2_delta_ws/install/delta_interfaces/share/delta_interfaces/cmake/export_delta_interfaces__rosidl_generator_cExport.cmake
[2.826s] -- Installing: /home/winner_bishal/ros2_delta_ws/install/delta_interfaces/share/delta_interfaces/cmake/export_delta_interfaces__rosidl_generator_cExport-noconfig.cmake
[2.826s] -- Old export file "/home/winner_bishal/ros2_delta_ws/install/delta_interfaces/share/delta_interfaces/cmake/export_delta_interfaces__rosidl_typesupport_fastrtps_cExport.cmake" will be replaced.  Removing files [/home/winner_bishal/ros2_delta_ws/install/delta_interfaces/share/delta_interfaces/cmake/export_delta_interfaces__rosidl_typesupport_fastrtps_cExport-noconfig.cmake].
[2.826s] -- Installing: /home/winner_bishal/ros2_delta_ws/install/delta_interfaces/share/delta_interfaces/cmake/export_delta_interfaces__rosidl_typesupport_fastrtps_cExport.cmake
[2.826s] -- Installing: /home/winner_bishal/ros2_delta_ws/install/delta_interfaces/share/delta_interfaces/cmake/export_delta_interfaces__rosidl_typesupport_fastrtps_cExport-noconfig.cmake
[2.826s] -- Old export file "/home/winner_bishal/ros2_delta_ws/install/delta_interfaces/share/delta_interfaces/cmake/delta_interfaces__rosidl_typesupport_introspection_cExport.cmake" will be replaced.  Removing files [/home/winner_bishal/ros2_delta_ws/install/delta_interfaces/share/delta_interfaces/cmake/delta_interfaces__rosidl_typesupport_introspection_cExport-noconfig.cmake].
[2.826s] -- Installing: /home/winner_bishal/ros2_delta_ws/install/delta_interfaces/share/delta_interfaces/cmake/delta_interfaces__rosidl_typesupport_introspection_cExport.cmake
[2.826s] -- Installing: /home/winner_bishal/ros2_delta_ws/install/delta_interfaces/share/delta_interfaces/cmake/delta_interfaces__rosidl_typesupport_introspection_cExport-noconfig.cmake
[2.826s] -- Old export file "/home/winner_bishal/ros2_delta_ws/install/delta_interfaces/share/delta_interfaces/cmake/delta_interfaces__rosidl_typesupport_cExport.cmake" will be replaced.  Removing files [/home/winner_bishal/ros2_delta_ws/install/delta_interfaces/share/delta_interfaces/cmake/delta_interfaces__rosidl_typesupport_cExport-noconfig.cmake].
[2.827s] -- Installing: /home/winner_bishal/ros2_delta_ws/install/delta_interfaces/share/delta_interfaces/cmake/delta_interfaces__rosidl_typesupport_cExport.cmake
[2.827s] -- Installing: /home/winner_bishal/ros2_delta_ws/install/delta_interfaces/share/delta_interfaces/cmake/delta_interfaces__rosidl_typesupport_cExport-noconfig.cmake
[2.827s] -- Installing: /home/winner_bishal/ros2_delta_ws/install/delta_interfaces/share/delta_interfaces/cmake/export_delta_interfaces__rosidl_generator_cppExport.cmake
[2.827s] -- Old export file "/home/winner_bishal/ros2_delta_ws/install/delta_interfaces/share/delta_interfaces/cmake/export_delta_interfaces__rosidl_typesupport_fastrtps_cppExport.cmake" will be replaced.  Removing files [/home/winner_bishal/ros2_delta_ws/install/delta_interfaces/share/delta_interfaces/cmake/export_delta_interfaces__rosidl_typesupport_fastrtps_cppExport-noconfig.cmake].
[2.827s] -- Installing: /home/winner_bishal/ros2_delta_ws/install/delta_interfaces/share/delta_interfaces/cmake/export_delta_interfaces__rosidl_typesupport_fastrtps_cppExport.cmake
[2.828s] -- Installing: /home/winner_bishal/ros2_delta_ws/install/delta_interfaces/share/delta_interfaces/cmake/export_delta_interfaces__rosidl_typesupport_fastrtps_cppExport-noconfig.cmake
[2.828s] -- Old export file "/home/winner_bishal/ros2_delta_ws/install/delta_interfaces/share/delta_interfaces/cmake/delta_interfaces__rosidl_typesupport_introspection_cppExport.cmake" will be replaced.  Removing files [/home/winner_bishal/ros2_delta_ws/install/delta_interfaces/share/delta_interfaces/cmake/delta_interfaces__rosidl_typesupport_introspection_cppExport-noconfig.cmake].
[2.828s] -- Installing: /home/winner_bishal/ros2_delta_ws/install/delta_interfaces/share/delta_interfaces/cmake/delta_interfaces__rosidl_typesupport_introspection_cppExport.cmake
[2.828s] -- Installing: /home/winner_bishal/ros2_delta_ws/install/delta_interfaces/share/delta_interfaces/cmake/delta_interfaces__rosidl_typesupport_introspection_cppExport-noconfig.cmake
[2.828s] -- Old export file "/home/winner_bishal/ros2_delta_ws/install/delta_interfaces/share/delta_interfaces/cmake/delta_interfaces__rosidl_typesupport_cppExport.cmake" will be replaced.  Removing files [/home/winner_bishal/ros2_delta_ws/install/delta_interfaces/share/delta_interfaces/cmake/delta_interfaces__rosidl_typesupport_cppExport-noconfig.cmake].
[2.829s] -- Installing: /home/winner_bishal/ros2_delta_ws/install/delta_interfaces/share/delta_interfaces/cmake/delta_interfaces__rosidl_typesupport_cppExport.cmake
[2.829s] -- Installing: /home/winner_bishal/ros2_delta_ws/install/delta_interfaces/share/delta_interfaces/cmake/delta_interfaces__rosidl_typesupport_cppExport-noconfig.cmake
[2.829s] -- Old export file "/home/winner_bishal/ros2_delta_ws/install/delta_interfaces/share/delta_interfaces/cmake/export_delta_interfaces__rosidl_generator_pyExport.cmake" will be replaced.  Removing files [/home/winner_bishal/ros2_delta_ws/install/delta_interfaces/share/delta_interfaces/cmake/export_delta_interfaces__rosidl_generator_pyExport-noconfig.cmake].
[2.829s] -- Installing: /home/winner_bishal/ros2_delta_ws/install/delta_interfaces/share/delta_interfaces/cmake/export_delta_interfaces__rosidl_generator_pyExport.cmake
[2.829s] -- Installing: /home/winner_bishal/ros2_delta_ws/install/delta_interfaces/share/delta_interfaces/cmake/export_delta_interfaces__rosidl_generator_pyExport-noconfig.cmake
[2.830s] -- Up-to-date: /home/winner_bishal/ros2_delta_ws/install/delta_interfaces/share/delta_interfaces/cmake/rosidl_cmake-extras.cmake
[2.830s] -- Installing: /home/winner_bishal/ros2_delta_ws/install/delta_interfaces/share/delta_interfaces/cmake/ament_cmake_export_dependencies-extras.cmake
[2.830s] -- Up-to-date: /home/winner_bishal/ros2_delta_ws/install/delta_interfaces/share/delta_interfaces/cmake/ament_cmake_export_include_directories-extras.cmake
[2.830s] -- Up-to-date: /home/winner_bishal/ros2_delta_ws/install/delta_interfaces/share/delta_interfaces/cmake/ament_cmake_export_libraries-extras.cmake
[2.830s] -- Up-to-date: /home/winner_bishal/ros2_delta_ws/install/delta_interfaces/share/delta_interfaces/cmake/ament_cmake_export_targets-extras.cmake
[2.830s] -- Up-to-date: /home/winner_bishal/ros2_delta_ws/install/delta_interfaces/share/delta_interfaces/cmake/rosidl_cmake_export_typesupport_targets-extras.cmake
[2.830s] -- Up-to-date: /home/winner_bishal/ros2_delta_ws/install/delta_interfaces/share/delta_interfaces/cmake/rosidl_cmake_export_typesupport_libraries-extras.cmake
[2.831s] -- Installing: /home/winner_bishal/ros2_delta_ws/install/delta_interfaces/share/delta_interfaces/cmake/delta_interfacesConfig.cmake
[2.831s] -- Up-to-date: /home/winner_bishal/ros2_delta_ws/install/delta_interfaces/share/delta_interfaces/cmake/delta_interfacesConfig-version.cmake
[2.831s] -- Up-to-date: /home/winner_bishal/ros2_delta_ws/install/delta_interfaces/share/delta_interfaces/package.xml
[2.833s] Invoked command in '/home/winner_bishal/ros2_delta_ws/build/delta_interfaces' returned '0': CMAKE_PREFIX_PATH=${CMAKE_PREFIX_PATH}:/home/winner_bishal/ros2_delta_ws/install/delta_vision:/opt/ros/humble /usr/bin/cmake --install /home/winner_bishal/ros2_delta_ws/build/delta_interfaces
