[1.230s] DEBUG:colcon:Command line arguments: ['/usr/bin/colcon', 'build', '--packages-select', 'delta_interfaces']
[1.230s] DEBUG:colcon:Parsed command line arguments: Namespace(log_base=None, log_level=None, verb_name='build', build_base='build', install_base='install', merge_install=False, symlink_install=False, test_result_base=None, continue_on_error=False, executor='parallel', parallel_workers=12, event_handlers=None, ignore_user_meta=False, metas=['./colcon.meta'], base_paths=['.'], packages_ignore=None, packages_ignore_regex=None, paths=None, packages_up_to=None, packages_up_to_regex=None, packages_above=None, packages_above_and_dependencies=None, packages_above_depth=None, packages_select_by_dep=None, packages_skip_by_dep=None, packages_skip_up_to=None, packages_select_build_failed=False, packages_skip_build_finished=False, packages_select_test_failures=False, packages_skip_test_passed=False, packages_select=['delta_interfaces'], packages_skip=None, packages_select_regex=None, packages_skip_regex=None, packages_start=None, packages_end=None, allow_overriding=[], cmake_args=None, cmake_target=None, cmake_target_skip_unavailable=False, cmake_clean_cache=False, cmake_clean_first=False, cmake_force_configure=False, ament_cmake_args=None, catkin_cmake_args=None, catkin_skip_building_tests=False, verb_parser=<colcon_defaults.argument_parser.defaults.DefaultArgumentsDecorator object at 0x762e5fadaa40>, verb_extension=<colcon_core.verb.build.BuildVerb object at 0x762e5fada500>, main=<bound method BuildVerb.main of <colcon_core.verb.build.BuildVerb object at 0x762e5fada500>>)
[1.282s] Level 1:colcon.colcon_core.package_discovery:discover_packages(colcon_meta) check parameters
[1.282s] Level 1:colcon.colcon_core.package_discovery:discover_packages(recursive) check parameters
[1.282s] Level 1:colcon.colcon_core.package_discovery:discover_packages(ignore) check parameters
[1.282s] Level 1:colcon.colcon_core.package_discovery:discover_packages(path) check parameters
[1.282s] Level 1:colcon.colcon_core.package_discovery:discover_packages(colcon_meta) discover
[1.282s] Level 1:colcon.colcon_core.package_discovery:discover_packages(recursive) discover
[1.282s] INFO:colcon.colcon_core.package_discovery:Crawling recursively for packages in '/home/winner_bishal/ros2_delta_ws'
[1.282s] Level 1:colcon.colcon_core.package_identification:_identify(.) by extensions ['ignore', 'ignore_ament_install']
[1.282s] Level 1:colcon.colcon_core.package_identification:_identify(.) by extension 'ignore'
[1.282s] Level 1:colcon.colcon_core.package_identification:_identify(.) by extension 'ignore_ament_install'
[1.282s] Level 1:colcon.colcon_core.package_identification:_identify(.) by extensions ['colcon_pkg']
[1.282s] Level 1:colcon.colcon_core.package_identification:_identify(.) by extension 'colcon_pkg'
[1.282s] Level 1:colcon.colcon_core.package_identification:_identify(.) by extensions ['colcon_meta']
[1.282s] Level 1:colcon.colcon_core.package_identification:_identify(.) by extension 'colcon_meta'
[1.282s] Level 1:colcon.colcon_core.package_identification:_identify(.) by extensions ['ros']
[1.282s] Level 1:colcon.colcon_core.package_identification:_identify(.) by extension 'ros'
[1.295s] Level 1:colcon.colcon_core.package_identification:_identify(.) by extensions ['cmake', 'python']
[1.296s] Level 1:colcon.colcon_core.package_identification:_identify(.) by extension 'cmake'
[1.296s] Level 1:colcon.colcon_core.package_identification:_identify(.) by extension 'python'
[1.296s] Level 1:colcon.colcon_core.package_identification:_identify(.) by extensions ['python_setup_py']
[1.296s] Level 1:colcon.colcon_core.package_identification:_identify(.) by extension 'python_setup_py'
[1.296s] Level 1:colcon.colcon_core.package_identification:_identify(build) by extensions ['ignore', 'ignore_ament_install']
[1.296s] Level 1:colcon.colcon_core.package_identification:_identify(build) by extension 'ignore'
[1.296s] Level 1:colcon.colcon_core.package_identification:_identify(build) ignored
[1.296s] Level 1:colcon.colcon_core.package_identification:_identify(install) by extensions ['ignore', 'ignore_ament_install']
[1.296s] Level 1:colcon.colcon_core.package_identification:_identify(install) by extension 'ignore'
[1.296s] Level 1:colcon.colcon_core.package_identification:_identify(install) ignored
[1.296s] Level 1:colcon.colcon_core.package_identification:_identify(log) by extensions ['ignore', 'ignore_ament_install']
[1.296s] Level 1:colcon.colcon_core.package_identification:_identify(log) by extension 'ignore'
[1.296s] Level 1:colcon.colcon_core.package_identification:_identify(log) ignored
[1.297s] Level 1:colcon.colcon_core.package_identification:_identify(src) by extensions ['ignore', 'ignore_ament_install']
[1.297s] Level 1:colcon.colcon_core.package_identification:_identify(src) by extension 'ignore'
[1.297s] Level 1:colcon.colcon_core.package_identification:_identify(src) by extension 'ignore_ament_install'
[1.297s] Level 1:colcon.colcon_core.package_identification:_identify(src) by extensions ['colcon_pkg']
[1.297s] Level 1:colcon.colcon_core.package_identification:_identify(src) by extension 'colcon_pkg'
[1.297s] Level 1:colcon.colcon_core.package_identification:_identify(src) by extensions ['colcon_meta']
[1.297s] Level 1:colcon.colcon_core.package_identification:_identify(src) by extension 'colcon_meta'
[1.297s] Level 1:colcon.colcon_core.package_identification:_identify(src) by extensions ['ros']
[1.297s] Level 1:colcon.colcon_core.package_identification:_identify(src) by extension 'ros'
[1.297s] Level 1:colcon.colcon_core.package_identification:_identify(src) by extensions ['cmake', 'python']
[1.297s] Level 1:colcon.colcon_core.package_identification:_identify(src) by extension 'cmake'
[1.297s] Level 1:colcon.colcon_core.package_identification:_identify(src) by extension 'python'
[1.297s] Level 1:colcon.colcon_core.package_identification:_identify(src) by extensions ['python_setup_py']
[1.297s] Level 1:colcon.colcon_core.package_identification:_identify(src) by extension 'python_setup_py'
[1.297s] Level 1:colcon.colcon_core.package_identification:_identify(src/delta_interfaces) by extensions ['ignore', 'ignore_ament_install']
[1.297s] Level 1:colcon.colcon_core.package_identification:_identify(src/delta_interfaces) by extension 'ignore'
[1.297s] Level 1:colcon.colcon_core.package_identification:_identify(src/delta_interfaces) by extension 'ignore_ament_install'
[1.297s] Level 1:colcon.colcon_core.package_identification:_identify(src/delta_interfaces) by extensions ['colcon_pkg']
[1.298s] Level 1:colcon.colcon_core.package_identification:_identify(src/delta_interfaces) by extension 'colcon_pkg'
[1.298s] Level 1:colcon.colcon_core.package_identification:_identify(src/delta_interfaces) by extensions ['colcon_meta']
[1.298s] Level 1:colcon.colcon_core.package_identification:_identify(src/delta_interfaces) by extension 'colcon_meta'
[1.298s] Level 1:colcon.colcon_core.package_identification:_identify(src/delta_interfaces) by extensions ['ros']
[1.298s] Level 1:colcon.colcon_core.package_identification:_identify(src/delta_interfaces) by extension 'ros'
[1.300s] DEBUG:colcon.colcon_core.package_identification:Package 'src/delta_interfaces' with type 'ros.ament_cmake' and name 'delta_interfaces'
[1.300s] Level 1:colcon.colcon_core.package_identification:_identify(src/delta_vision) by extensions ['ignore', 'ignore_ament_install']
[1.300s] Level 1:colcon.colcon_core.package_identification:_identify(src/delta_vision) by extension 'ignore'
[1.300s] Level 1:colcon.colcon_core.package_identification:_identify(src/delta_vision) by extension 'ignore_ament_install'
[1.300s] Level 1:colcon.colcon_core.package_identification:_identify(src/delta_vision) by extensions ['colcon_pkg']
[1.301s] Level 1:colcon.colcon_core.package_identification:_identify(src/delta_vision) by extension 'colcon_pkg'
[1.301s] Level 1:colcon.colcon_core.package_identification:_identify(src/delta_vision) by extensions ['colcon_meta']
[1.301s] Level 1:colcon.colcon_core.package_identification:_identify(src/delta_vision) by extension 'colcon_meta'
[1.301s] Level 1:colcon.colcon_core.package_identification:_identify(src/delta_vision) by extensions ['ros']
[1.301s] Level 1:colcon.colcon_core.package_identification:_identify(src/delta_vision) by extension 'ros'
[1.301s] DEBUG:colcon.colcon_core.package_identification:Package 'src/delta_vision' with type 'ros.ament_python' and name 'delta_vision'
[1.301s] Level 1:colcon.colcon_core.package_discovery:discover_packages(recursive) using defaults
[1.301s] Level 1:colcon.colcon_core.package_discovery:discover_packages(ignore) discover
[1.302s] Level 1:colcon.colcon_core.package_discovery:discover_packages(ignore) using defaults
[1.302s] Level 1:colcon.colcon_core.package_discovery:discover_packages(path) discover
[1.302s] Level 1:colcon.colcon_core.package_discovery:discover_packages(path) using defaults
[1.375s] INFO:colcon.colcon_core.package_selection:Skipping not selected package 'delta_vision' in 'src/delta_vision'
[1.408s] Level 1:colcon.colcon_core.package_discovery:discover_packages(prefix_path) check parameters
[1.408s] Level 1:colcon.colcon_core.package_discovery:discover_packages(prefix_path) discover
[1.442s] DEBUG:colcon.colcon_installed_package_information.package_discovery:Found 2 installed packages in /home/winner_bishal/ros2_delta_ws/install
[1.479s] DEBUG:colcon.colcon_installed_package_information.package_discovery:Found 384 installed packages in /opt/ros/humble
[1.481s] Level 1:colcon.colcon_core.package_discovery:discover_packages(prefix_path) using defaults
[1.598s] Level 5:colcon.colcon_core.verb:set package 'delta_interfaces' build argument 'cmake_args' from command line to 'None'
[1.598s] Level 5:colcon.colcon_core.verb:set package 'delta_interfaces' build argument 'cmake_target' from command line to 'None'
[1.598s] Level 5:colcon.colcon_core.verb:set package 'delta_interfaces' build argument 'cmake_target_skip_unavailable' from command line to 'False'
[1.598s] Level 5:colcon.colcon_core.verb:set package 'delta_interfaces' build argument 'cmake_clean_cache' from command line to 'False'
[1.598s] Level 5:colcon.colcon_core.verb:set package 'delta_interfaces' build argument 'cmake_clean_first' from command line to 'False'
[1.598s] Level 5:colcon.colcon_core.verb:set package 'delta_interfaces' build argument 'cmake_force_configure' from command line to 'False'
[1.598s] Level 5:colcon.colcon_core.verb:set package 'delta_interfaces' build argument 'ament_cmake_args' from command line to 'None'
[1.598s] Level 5:colcon.colcon_core.verb:set package 'delta_interfaces' build argument 'catkin_cmake_args' from command line to 'None'
[1.598s] Level 5:colcon.colcon_core.verb:set package 'delta_interfaces' build argument 'catkin_skip_building_tests' from command line to 'False'
[1.598s] DEBUG:colcon.colcon_core.verb:Building package 'delta_interfaces' with the following arguments: {'ament_cmake_args': None, 'build_base': '/home/winner_bishal/ros2_delta_ws/build/delta_interfaces', 'catkin_cmake_args': None, 'catkin_skip_building_tests': False, 'cmake_args': None, 'cmake_clean_cache': False, 'cmake_clean_first': False, 'cmake_force_configure': False, 'cmake_target': None, 'cmake_target_skip_unavailable': False, 'install_base': '/home/winner_bishal/ros2_delta_ws/install/delta_interfaces', 'merge_install': False, 'path': '/home/winner_bishal/ros2_delta_ws/src/delta_interfaces', 'symlink_install': False, 'test_result_base': None}
[1.615s] INFO:colcon.colcon_core.executor:Executing jobs using 'parallel' executor
[1.632s] DEBUG:colcon.colcon_parallel_executor.executor.parallel:run_until_complete
[1.633s] INFO:colcon.colcon_ros.task.ament_cmake.build:Building ROS package in '/home/winner_bishal/ros2_delta_ws/src/delta_interfaces' with build type 'ament_cmake'
[1.633s] INFO:colcon.colcon_cmake.task.cmake.build:Building CMake package in '/home/winner_bishal/ros2_delta_ws/src/delta_interfaces'
[1.653s] INFO:colcon.colcon_core.plugin_system:Skipping extension 'colcon_core.shell.bat': Not used on non-Windows systems
[1.653s] INFO:colcon.colcon_core.shell:Skip shell extension 'powershell' for command environment: Not usable outside of PowerShell
[1.653s] DEBUG:colcon.colcon_core.shell:Skip shell extension 'dsv' for command environment
[1.737s] DEBUG:colcon.colcon_core.event_handler.log_command:Invoking command in '/home/winner_bishal/ros2_delta_ws/build/delta_interfaces': CMAKE_PREFIX_PATH=${CMAKE_PREFIX_PATH}:/home/winner_bishal/ros2_delta_ws/install/delta_vision:/opt/ros/humble /usr/bin/cmake --build /home/winner_bishal/ros2_delta_ws/build/delta_interfaces -- -j12 -l12
[11.997s] DEBUG:colcon.colcon_core.event_handler.log_command:Invoked command in '/home/winner_bishal/ros2_delta_ws/build/delta_interfaces' returned '0': CMAKE_PREFIX_PATH=${CMAKE_PREFIX_PATH}:/home/winner_bishal/ros2_delta_ws/install/delta_vision:/opt/ros/humble /usr/bin/cmake --build /home/winner_bishal/ros2_delta_ws/build/delta_interfaces -- -j12 -l12
[12.515s] DEBUG:colcon.colcon_core.event_handler.log_command:Invoking command in '/home/winner_bishal/ros2_delta_ws/build/delta_interfaces': CMAKE_PREFIX_PATH=${CMAKE_PREFIX_PATH}:/home/winner_bishal/ros2_delta_ws/install/delta_vision:/opt/ros/humble /usr/bin/cmake --install /home/winner_bishal/ros2_delta_ws/build/delta_interfaces
[12.951s] Level 1:colcon.colcon_core.environment:create_environment_scripts_only(delta_interfaces)
[12.956s] DEBUG:colcon.colcon_core.event_handler.log_command:Invoked command in '/home/winner_bishal/ros2_delta_ws/build/delta_interfaces' returned '0': CMAKE_PREFIX_PATH=${CMAKE_PREFIX_PATH}:/home/winner_bishal/ros2_delta_ws/install/delta_vision:/opt/ros/humble /usr/bin/cmake --install /home/winner_bishal/ros2_delta_ws/build/delta_interfaces
[13.063s] Level 1:colcon.colcon_core.environment:checking '/home/winner_bishal/ros2_delta_ws/install/delta_interfaces' for CMake module files
[13.068s] Level 1:colcon.colcon_core.environment:checking '/home/winner_bishal/ros2_delta_ws/install/delta_interfaces' for CMake config files
[13.070s] Level 1:colcon.colcon_core.shell:create_environment_hook('delta_interfaces', 'cmake_prefix_path')
[13.152s] INFO:colcon.colcon_core.shell:Creating environment hook '/home/winner_bishal/ros2_delta_ws/install/delta_interfaces/share/delta_interfaces/hook/cmake_prefix_path.ps1'
[13.156s] INFO:colcon.colcon_core.shell:Creating environment descriptor '/home/winner_bishal/ros2_delta_ws/install/delta_interfaces/share/delta_interfaces/hook/cmake_prefix_path.dsv'
[13.158s] INFO:colcon.colcon_core.shell:Creating environment hook '/home/winner_bishal/ros2_delta_ws/install/delta_interfaces/share/delta_interfaces/hook/cmake_prefix_path.sh'
[13.163s] Level 1:colcon.colcon_core.environment:checking '/home/winner_bishal/ros2_delta_ws/install/delta_interfaces/lib'
[13.164s] Level 1:colcon.colcon_core.shell:create_environment_hook('delta_interfaces', 'ld_library_path_lib')
[13.242s] INFO:colcon.colcon_core.shell:Creating environment hook '/home/winner_bishal/ros2_delta_ws/install/delta_interfaces/share/delta_interfaces/hook/ld_library_path_lib.ps1'
[13.245s] INFO:colcon.colcon_core.shell:Creating environment descriptor '/home/winner_bishal/ros2_delta_ws/install/delta_interfaces/share/delta_interfaces/hook/ld_library_path_lib.dsv'
[13.246s] INFO:colcon.colcon_core.shell:Creating environment hook '/home/winner_bishal/ros2_delta_ws/install/delta_interfaces/share/delta_interfaces/hook/ld_library_path_lib.sh'
[13.248s] Level 1:colcon.colcon_core.environment:checking '/home/winner_bishal/ros2_delta_ws/install/delta_interfaces/bin'
[13.248s] Level 1:colcon.colcon_core.environment:checking '/home/winner_bishal/ros2_delta_ws/install/delta_interfaces/lib/pkgconfig/delta_interfaces.pc'
[13.249s] Level 1:colcon.colcon_core.environment:checking '/home/winner_bishal/ros2_delta_ws/install/delta_interfaces/lib/python3.10/site-packages'
[13.250s] Level 1:colcon.colcon_core.environment:checking '/home/winner_bishal/ros2_delta_ws/install/delta_interfaces/bin'
[13.306s] INFO:colcon.colcon_core.shell:Creating package script '/home/winner_bishal/ros2_delta_ws/install/delta_interfaces/share/delta_interfaces/package.ps1'
[13.308s] INFO:colcon.colcon_core.shell:Creating package descriptor '/home/winner_bishal/ros2_delta_ws/install/delta_interfaces/share/delta_interfaces/package.dsv'
[13.309s] INFO:colcon.colcon_core.shell:Creating package script '/home/winner_bishal/ros2_delta_ws/install/delta_interfaces/share/delta_interfaces/package.sh'
[13.311s] INFO:colcon.colcon_core.shell:Creating package script '/home/winner_bishal/ros2_delta_ws/install/delta_interfaces/share/delta_interfaces/package.bash'
[13.312s] INFO:colcon.colcon_core.shell:Creating package script '/home/winner_bishal/ros2_delta_ws/install/delta_interfaces/share/delta_interfaces/package.zsh'
[13.313s] Level 1:colcon.colcon_core.environment:create_file_with_runtime_dependencies(/home/winner_bishal/ros2_delta_ws/install/delta_interfaces/share/colcon-core/packages/delta_interfaces)
[13.757s] Level 1:colcon.colcon_core.environment:create_environment_scripts_only(delta_interfaces)
[13.850s] Level 1:colcon.colcon_core.environment:checking '/home/winner_bishal/ros2_delta_ws/install/delta_interfaces' for CMake module files
[13.852s] Level 1:colcon.colcon_core.environment:checking '/home/winner_bishal/ros2_delta_ws/install/delta_interfaces' for CMake config files
[13.854s] Level 1:colcon.colcon_core.shell:create_environment_hook('delta_interfaces', 'cmake_prefix_path')
[13.946s] INFO:colcon.colcon_core.shell:Creating environment hook '/home/winner_bishal/ros2_delta_ws/install/delta_interfaces/share/delta_interfaces/hook/cmake_prefix_path.ps1'
[13.948s] INFO:colcon.colcon_core.shell:Creating environment descriptor '/home/winner_bishal/ros2_delta_ws/install/delta_interfaces/share/delta_interfaces/hook/cmake_prefix_path.dsv'
[13.949s] INFO:colcon.colcon_core.shell:Creating environment hook '/home/winner_bishal/ros2_delta_ws/install/delta_interfaces/share/delta_interfaces/hook/cmake_prefix_path.sh'
[13.951s] Level 1:colcon.colcon_core.environment:checking '/home/winner_bishal/ros2_delta_ws/install/delta_interfaces/lib'
[13.952s] Level 1:colcon.colcon_core.shell:create_environment_hook('delta_interfaces', 'ld_library_path_lib')
[14.012s] INFO:colcon.colcon_core.shell:Creating environment hook '/home/winner_bishal/ros2_delta_ws/install/delta_interfaces/share/delta_interfaces/hook/ld_library_path_lib.ps1'
[14.013s] INFO:colcon.colcon_core.shell:Creating environment descriptor '/home/winner_bishal/ros2_delta_ws/install/delta_interfaces/share/delta_interfaces/hook/ld_library_path_lib.dsv'
[14.013s] INFO:colcon.colcon_core.shell:Creating environment hook '/home/winner_bishal/ros2_delta_ws/install/delta_interfaces/share/delta_interfaces/hook/ld_library_path_lib.sh'
[14.014s] Level 1:colcon.colcon_core.environment:checking '/home/winner_bishal/ros2_delta_ws/install/delta_interfaces/bin'
[14.014s] Level 1:colcon.colcon_core.environment:checking '/home/winner_bishal/ros2_delta_ws/install/delta_interfaces/lib/pkgconfig/delta_interfaces.pc'
[14.014s] Level 1:colcon.colcon_core.environment:checking '/home/winner_bishal/ros2_delta_ws/install/delta_interfaces/lib/python3.10/site-packages'
[14.015s] Level 1:colcon.colcon_core.environment:checking '/home/winner_bishal/ros2_delta_ws/install/delta_interfaces/bin'
[14.040s] INFO:colcon.colcon_core.shell:Creating package script '/home/winner_bishal/ros2_delta_ws/install/delta_interfaces/share/delta_interfaces/package.ps1'
[14.041s] INFO:colcon.colcon_core.shell:Creating package descriptor '/home/winner_bishal/ros2_delta_ws/install/delta_interfaces/share/delta_interfaces/package.dsv'
[14.042s] INFO:colcon.colcon_core.shell:Creating package script '/home/winner_bishal/ros2_delta_ws/install/delta_interfaces/share/delta_interfaces/package.sh'
[14.042s] INFO:colcon.colcon_core.shell:Creating package script '/home/winner_bishal/ros2_delta_ws/install/delta_interfaces/share/delta_interfaces/package.bash'
[14.043s] INFO:colcon.colcon_core.shell:Creating package script '/home/winner_bishal/ros2_delta_ws/install/delta_interfaces/share/delta_interfaces/package.zsh'
[14.043s] Level 1:colcon.colcon_core.environment:create_file_with_runtime_dependencies(/home/winner_bishal/ros2_delta_ws/install/delta_interfaces/share/colcon-core/packages/delta_interfaces)
[14.044s] DEBUG:colcon.colcon_parallel_executor.executor.parallel:closing loop
[14.044s] DEBUG:colcon.colcon_parallel_executor.executor.parallel:loop closed
[14.044s] DEBUG:colcon.colcon_parallel_executor.executor.parallel:run_until_complete finished with '0'
[14.044s] DEBUG:colcon.colcon_core.event_reactor:joining thread
[14.070s] INFO:colcon.colcon_core.plugin_system:Skipping extension 'colcon_notification.desktop_notification.terminal_notifier': Not used on non-Darwin systems
[14.071s] INFO:colcon.colcon_core.plugin_system:Skipping extension 'colcon_notification.desktop_notification.win32': Not used on non-Windows systems
[14.071s] INFO:colcon.colcon_notification.desktop_notification:Sending desktop notification using 'notify2'
[14.094s] DEBUG:colcon.colcon_core.event_reactor:joined thread
[14.141s] INFO:colcon.colcon_core.shell:Creating prefix script '/home/winner_bishal/ros2_delta_ws/install/local_setup.ps1'
[14.143s] INFO:colcon.colcon_core.shell:Creating prefix util module '/home/winner_bishal/ros2_delta_ws/install/_local_setup_util_ps1.py'
[14.146s] INFO:colcon.colcon_core.shell:Creating prefix chain script '/home/winner_bishal/ros2_delta_ws/install/setup.ps1'
[14.200s] INFO:colcon.colcon_core.shell:Creating prefix script '/home/winner_bishal/ros2_delta_ws/install/local_setup.sh'
[14.203s] INFO:colcon.colcon_core.shell:Creating prefix util module '/home/winner_bishal/ros2_delta_ws/install/_local_setup_util_sh.py'
[14.206s] INFO:colcon.colcon_core.shell:Creating prefix chain script '/home/winner_bishal/ros2_delta_ws/install/setup.sh'
[14.263s] INFO:colcon.colcon_core.shell:Creating prefix script '/home/winner_bishal/ros2_delta_ws/install/local_setup.bash'
[14.266s] INFO:colcon.colcon_core.shell:Creating prefix chain script '/home/winner_bishal/ros2_delta_ws/install/setup.bash'
[14.318s] INFO:colcon.colcon_core.shell:Creating prefix script '/home/winner_bishal/ros2_delta_ws/install/local_setup.zsh'
[14.320s] INFO:colcon.colcon_core.shell:Creating prefix chain script '/home/winner_bishal/ros2_delta_ws/install/setup.zsh'
