[0.068s] Invoking command in '/home/winner_bishal/ros2_delta_ws/build/delta_interfaces': CMAKE_PREFIX_PATH=${CMAKE_PREFIX_PATH}:/home/winner_bishal/ros2_delta_ws/install/delta_vision:/opt/ros/humble /usr/bin/cmake --build /home/winner_bishal/ros2_delta_ws/build/delta_interfaces -- -j12 -l12
[0.088s] -- Found ament_cmake: 1.3.8 (/opt/ros/humble/share/ament_cmake/cmake)
[0.196s] -- Found rosidl_default_generators: 1.2.0 (/opt/ros/humble/share/rosidl_default_generators/cmake)
[0.197s] -- Using all available rosidl_typesupport_c: rosidl_typesupport_fastrtps_c;rosidl_typesupport_introspection_c
[0.199s] -- Found rosidl_adapter: 3.1.5 (/opt/ros/humble/share/rosidl_adapter/cmake)
[0.225s] -- Using all available rosidl_typesupport_cpp: rosidl_typesupport_fastrtps_cpp;rosidl_typesupport_introspection_cpp
[0.250s] -- Found std_msgs: 4.2.3 (/opt/ros/humble/share/std_msgs/cmake)
[0.511s] -- Found ament_cmake_ros: 0.10.0 (/opt/ros/humble/share/ament_cmake_ros/cmake)
[0.662s] -- Using all available rosidl_typesupport_c: rosidl_typesupport_fastrtps_c;rosidl_typesupport_introspection_c
[0.862s] -- Using all available rosidl_typesupport_cpp: rosidl_typesupport_fastrtps_cpp;rosidl_typesupport_introspection_cpp
[0.882s] -- Found python_cmake_module: 0.10.0 (/opt/ros/humble/share/python_cmake_module/cmake)
[0.900s] -- Using PYTHON_EXECUTABLE: /usr/bin/python3
[0.900s] -- Using PYTHON_INCLUDE_DIRS: /usr/include/python3.10
[0.901s] -- Using PYTHON_LIBRARIES: /usr/lib/x86_64-linux-gnu/libpython3.10.so
[0.913s] -- Configuring done
[0.939s] -- Generating done
[0.941s] -- Build files have been written to: /home/winner_bishal/ros2_delta_ws/build/delta_interfaces
[0.964s] [  2%] [34m[1mGenerating C code for ROS interfaces[0m
[0.973s] [  5%] [34m[1mGenerating C++ code for ROS interfaces[0m
[0.983s] [  5%] Built target ament_cmake_python_copy_delta_interfaces
[1.218s] [35m[1mConsolidate compiler generated dependencies of target delta_interfaces__rosidl_generator_c[0m
[1.224s] [  5%] Built target delta_interfaces__cpp
[1.228s] [  7%] [32mBuilding C object CMakeFiles/delta_interfaces__rosidl_generator_c.dir/rosidl_generator_c/delta_interfaces/msg/detail/detection__functions.c.o[0m
[1.228s] [ 10%] [32mBuilding C object CMakeFiles/delta_interfaces__rosidl_generator_c.dir/rosidl_generator_c/delta_interfaces/msg/detail/all_detections__functions.c.o[0m
[1.234s] [ 15%] [34m[1mGenerating C++ type support dispatch for ROS interfaces[0m
[1.234s] [ 15%] [34m[1mGenerating C++ type support for eProsima Fast-RTPS[0m
[1.235s] [ 17%] [34m[1mGenerating C++ introspection for ROS interfaces[0m
[1.239s] running egg_info
[1.239s] writing delta_interfaces.egg-info/PKG-INFO
[1.240s] writing dependency_links to delta_interfaces.egg-info/dependency_links.txt
[1.240s] writing top-level names to delta_interfaces.egg-info/top_level.txt
[1.242s] reading manifest file 'delta_interfaces.egg-info/SOURCES.txt'
[1.242s] In file included from [01m[K/home/winner_bishal/ros2_delta_ws/build/delta_interfaces/rosidl_generator_c/delta_interfaces/msg/detail/all_detections__functions.h:19[m[K,
[1.242s]                  from [01m[K/home/winner_bishal/ros2_delta_ws/build/delta_interfaces/rosidl_generator_c/delta_interfaces/msg/detail/all_detections__functions.c:4[m[K:
[1.242s] [01m[K/home/winner_bishal/ros2_delta_ws/build/delta_interfaces/rosidl_generator_c/delta_interfaces/msg/detail/all_detections__struct.h:22:10:[m[K [01;31m[Kfatal error: [m[Kstd_msgs/msg/detail/header__struct.h: No such file or directory
[1.242s]    22 | #include [01;31m[K"std_msgs/msg/detail/header__struct.h"[m[K
[1.242s]       |          [01;31m[K^~~~~~~~~~~~~~~~~~~~~~~~~~~~~~~~~~~~~~[m[K
[1.243s] compilation terminated.
[1.243s] writing manifest file 'delta_interfaces.egg-info/SOURCES.txt'
[1.243s] gmake[2]: *** [CMakeFiles/delta_interfaces__rosidl_generator_c.dir/build.make:135: CMakeFiles/delta_interfaces__rosidl_generator_c.dir/rosidl_generator_c/delta_interfaces/msg/detail/all_detections__functions.c.o] Error 1
[1.243s] gmake[2]: *** Waiting for unfinished jobs....
[1.267s] gmake[1]: *** [CMakeFiles/Makefile2:213: CMakeFiles/delta_interfaces__rosidl_generator_c.dir/all] Error 2
[1.267s] gmake[1]: *** Waiting for unfinished jobs....
[1.271s] [ 17%] Built target ament_cmake_python_build_delta_interfaces_egg
[1.437s] [35m[1mConsolidate compiler generated dependencies of target delta_interfaces__rosidl_typesupport_cpp[0m
[1.451s] [ 20%] [32mBuilding CXX object CMakeFiles/delta_interfaces__rosidl_typesupport_cpp.dir/rosidl_typesupport_cpp/delta_interfaces/msg/detection__type_support.cpp.o[0m
[1.451s] [ 23%] [32mBuilding CXX object CMakeFiles/delta_interfaces__rosidl_typesupport_cpp.dir/rosidl_typesupport_cpp/delta_interfaces/msg/all_detections__type_support.cpp.o[0m
[1.456s] [35m[1mConsolidate compiler generated dependencies of target delta_interfaces__rosidl_typesupport_introspection_cpp[0m
[1.471s] [ 28%] [32mBuilding CXX object CMakeFiles/delta_interfaces__rosidl_typesupport_introspection_cpp.dir/rosidl_typesupport_introspection_cpp/delta_interfaces/msg/detail/all_detections__type_support.cpp.o[0m
[1.471s] [ 28%] [32mBuilding CXX object CMakeFiles/delta_interfaces__rosidl_typesupport_introspection_cpp.dir/rosidl_typesupport_introspection_cpp/delta_interfaces/msg/detail/detection__type_support.cpp.o[0m
[1.471s] [35m[1mConsolidate compiler generated dependencies of target delta_interfaces__rosidl_typesupport_fastrtps_cpp[0m
[1.485s] [ 33%] [32mBuilding CXX object CMakeFiles/delta_interfaces__rosidl_typesupport_fastrtps_cpp.dir/rosidl_typesupport_fastrtps_cpp/delta_interfaces/msg/detail/dds_fastrtps/detection__type_support.cpp.o[0m
[1.485s] [ 33%] [32mBuilding CXX object CMakeFiles/delta_interfaces__rosidl_typesupport_fastrtps_cpp.dir/rosidl_typesupport_fastrtps_cpp/delta_interfaces/msg/detail/dds_fastrtps/all_detections__type_support.cpp.o[0m
[1.506s] In file included from [01m[K/home/winner_bishal/ros2_delta_ws/build/delta_interfaces/rosidl_typesupport_cpp/delta_interfaces/msg/all_detections__type_support.cpp:7[m[K:
[1.507s] [01m[K/home/winner_bishal/ros2_delta_ws/build/delta_interfaces/rosidl_generator_cpp/delta_interfaces/msg/detail/all_detections__struct.hpp:20:10:[m[K [01;31m[Kfatal error: [m[Kstd_msgs/msg/detail/header__struct.hpp: No such file or directory
[1.507s]    20 | #include [01;31m[K"std_msgs/msg/detail/header__struct.hpp"[m[K
[1.507s]       |          [01;31m[K^~~~~~~~~~~~~~~~~~~~~~~~~~~~~~~~~~~~~~~~[m[K
[1.507s] compilation terminated.
[1.508s] gmake[2]: *** [CMakeFiles/delta_interfaces__rosidl_typesupport_cpp.dir/build.make:104: CMakeFiles/delta_interfaces__rosidl_typesupport_cpp.dir/rosidl_typesupport_cpp/delta_interfaces/msg/all_detections__type_support.cpp.o] Error 1
[1.508s] gmake[2]: *** Waiting for unfinished jobs....
[1.530s] In file included from [01m[K/home/winner_bishal/ros2_delta_ws/build/delta_interfaces/rosidl_typesupport_introspection_cpp/delta_interfaces/msg/detail/all_detections__type_support.cpp:12[m[K:
[1.530s] [01m[K/home/winner_bishal/ros2_delta_ws/build/delta_interfaces/rosidl_generator_cpp/delta_interfaces/msg/detail/all_detections__struct.hpp:20:10:[m[K [01;31m[Kfatal error: [m[Kstd_msgs/msg/detail/header__struct.hpp: No such file or directory
[1.531s]    20 | #include [01;31m[K"std_msgs/msg/detail/header__struct.hpp"[m[K
[1.531s]       |          [01;31m[K^~~~~~~~~~~~~~~~~~~~~~~~~~~~~~~~~~~~~~~~[m[K
[1.531s] compilation terminated.
[1.532s] gmake[2]: *** [CMakeFiles/delta_interfaces__rosidl_typesupport_introspection_cpp.dir/build.make:112: CMakeFiles/delta_interfaces__rosidl_typesupport_introspection_cpp.dir/rosidl_typesupport_introspection_cpp/delta_interfaces/msg/detail/all_detections__type_support.cpp.o] Error 1
[1.532s] gmake[2]: *** Waiting for unfinished jobs....
[1.541s] In file included from [01m[K/home/winner_bishal/ros2_delta_ws/build/delta_interfaces/rosidl_typesupport_fastrtps_cpp/delta_interfaces/msg/detail/all_detections__rosidl_typesupport_fastrtps_cpp.hpp:11[m[K,
[1.541s]                  from [01m[K/home/winner_bishal/ros2_delta_ws/build/delta_interfaces/rosidl_typesupport_fastrtps_cpp/delta_interfaces/msg/detail/dds_fastrtps/all_detections__type_support.cpp:4[m[K:
[1.541s] [01m[K/home/winner_bishal/ros2_delta_ws/build/delta_interfaces/rosidl_generator_cpp/delta_interfaces/msg/detail/all_detections__struct.hpp:20:10:[m[K [01;31m[Kfatal error: [m[Kstd_msgs/msg/detail/header__struct.hpp: No such file or directory
[1.541s]    20 | #include [01;31m[K"std_msgs/msg/detail/header__struct.hpp"[m[K
[1.541s]       |          [01;31m[K^~~~~~~~~~~~~~~~~~~~~~~~~~~~~~~~~~~~~~~~[m[K
[1.541s] compilation terminated.
[1.542s] gmake[2]: *** [CMakeFiles/delta_interfaces__rosidl_typesupport_fastrtps_cpp.dir/build.make:112: CMakeFiles/delta_interfaces__rosidl_typesupport_fastrtps_cpp.dir/rosidl_typesupport_fastrtps_cpp/delta_interfaces/msg/detail/dds_fastrtps/all_detections__type_support.cpp.o] Error 1
[1.542s] gmake[2]: *** Waiting for unfinished jobs....
[1.674s] gmake[1]: *** [CMakeFiles/Makefile2:395: CMakeFiles/delta_interfaces__rosidl_typesupport_cpp.dir/all] Error 2
[1.780s] gmake[1]: *** [CMakeFiles/Makefile2:369: CMakeFiles/delta_interfaces__rosidl_typesupport_introspection_cpp.dir/all] Error 2
[1.805s] gmake[1]: *** [CMakeFiles/Makefile2:343: CMakeFiles/delta_interfaces__rosidl_typesupport_fastrtps_cpp.dir/all] Error 2
[1.805s] gmake: *** [Makefile:146: all] Error 2
[1.807s] Invoked command in '/home/winner_bishal/ros2_delta_ws/build/delta_interfaces' returned '2': CMAKE_PREFIX_PATH=${CMAKE_PREFIX_PATH}:/home/winner_bishal/ros2_delta_ws/install/delta_vision:/opt/ros/humble /usr/bin/cmake --build /home/winner_bishal/ros2_delta_ws/build/delta_interfaces -- -j12 -l12
