[0.068s] Invoking command in '/home/winner_bishal/ros2_delta_ws/build/delta_interfaces': CMAKE_PREFIX_PATH=${CMAKE_PREFIX_PATH}:/home/winner_bishal/ros2_delta_ws/install/delta_vision:/opt/ros/humble /usr/bin/cmake --build /home/winner_bishal/ros2_delta_ws/build/delta_interfaces -- -j12 -l12
[0.090s] -- Found ament_cmake: 1.3.8 (/opt/ros/humble/share/ament_cmake/cmake)
[0.201s] -- Found rosidl_default_generators: 1.2.0 (/opt/ros/humble/share/rosidl_default_generators/cmake)
[0.202s] -- Using all available rosidl_typesupport_c: rosidl_typesupport_fastrtps_c;rosidl_typesupport_introspection_c
[0.204s] -- Found rosidl_adapter: 3.1.5 (/opt/ros/humble/share/rosidl_adapter/cmake)
[0.231s] -- Using all available rosidl_typesupport_cpp: rosidl_typesupport_fastrtps_cpp;rosidl_typesupport_introspection_cpp
[0.255s] -- Found std_msgs: 4.2.3 (/opt/ros/humble/share/std_msgs/cmake)
[0.528s] -- Found ament_cmake_ros: 0.10.0 (/opt/ros/humble/share/ament_cmake_ros/cmake)
[0.708s] -- Using all available rosidl_typesupport_c: rosidl_typesupport_fastrtps_c;rosidl_typesupport_introspection_c
[0.950s] -- Using all available rosidl_typesupport_cpp: rosidl_typesupport_fastrtps_cpp;rosidl_typesupport_introspection_cpp
[0.971s] -- Found python_cmake_module: 0.10.0 (/opt/ros/humble/share/python_cmake_module/cmake)
[0.990s] -- Using PYTHON_EXECUTABLE: /usr/bin/python3
[0.991s] -- Using PYTHON_INCLUDE_DIRS: /usr/include/python3.10
[0.991s] -- Using PYTHON_LIBRARIES: /usr/lib/x86_64-linux-gnu/libpython3.10.so
[1.016s] -- Configuring done
[1.049s] -- Generating done
[1.051s] -- Build files have been written to: /home/winner_bishal/ros2_delta_ws/build/delta_interfaces
[1.073s] [  2%] [34m[1mGenerating C code for ROS interfaces[0m
[1.083s] [  5%] [34m[1mGenerating C++ code for ROS interfaces[0m
[1.093s] [  5%] Built target ament_cmake_python_copy_delta_interfaces
[1.332s] [  5%] Built target delta_interfaces__cpp
[1.342s] [35m[1mConsolidate compiler generated dependencies of target delta_interfaces__rosidl_generator_c[0m
[1.343s] [ 10%] [34m[1mGenerating C++ type support for eProsima Fast-RTPS[0m
[1.343s] [ 10%] [34m[1mGenerating C++ type support dispatch for ROS interfaces[0m
[1.344s] [ 12%] [34m[1mGenerating C++ introspection for ROS interfaces[0m
[1.346s] running egg_info
[1.347s] writing delta_interfaces.egg-info/PKG-INFO
[1.347s] writing dependency_links to delta_interfaces.egg-info/dependency_links.txt
[1.347s] writing top-level names to delta_interfaces.egg-info/top_level.txt
[1.349s] reading manifest file 'delta_interfaces.egg-info/SOURCES.txt'
[1.350s] writing manifest file 'delta_interfaces.egg-info/SOURCES.txt'
[1.354s] [ 17%] [32mBuilding C object CMakeFiles/delta_interfaces__rosidl_generator_c.dir/rosidl_generator_c/delta_interfaces/msg/detail/detection__functions.c.o[0m
[1.355s] [ 17%] [32mBuilding C object CMakeFiles/delta_interfaces__rosidl_generator_c.dir/rosidl_generator_c/delta_interfaces/msg/detail/all_detections__functions.c.o[0m
[1.382s] [ 17%] Built target ament_cmake_python_build_delta_interfaces_egg
[1.419s] [ 20%] [32m[1mLinking C shared library libdelta_interfaces__rosidl_generator_c.so[0m
[1.454s] [ 20%] Built target delta_interfaces__rosidl_generator_c
[1.464s] [ 25%] [34m[1mGenerating C type support dispatch for ROS interfaces[0m
[1.464s] [ 25%] [34m[1mGenerating C introspection for ROS interfaces[0m
[1.464s] [ 28%] [34m[1mGenerating C type support for eProsima Fast-RTPS[0m
[1.562s] [35m[1mConsolidate compiler generated dependencies of target delta_interfaces__rosidl_typesupport_cpp[0m
[1.577s] [ 30%] [32mBuilding CXX object CMakeFiles/delta_interfaces__rosidl_typesupport_cpp.dir/rosidl_typesupport_cpp/delta_interfaces/msg/detection__type_support.cpp.o[0m
[1.580s] [ 33%] [32mBuilding CXX object CMakeFiles/delta_interfaces__rosidl_typesupport_cpp.dir/rosidl_typesupport_cpp/delta_interfaces/msg/all_detections__type_support.cpp.o[0m
[1.600s] [35m[1mConsolidate compiler generated dependencies of target delta_interfaces__rosidl_typesupport_fastrtps_cpp[0m
[1.612s] [35m[1mConsolidate compiler generated dependencies of target delta_interfaces__rosidl_typesupport_introspection_cpp[0m
[1.613s] [ 35%] [32mBuilding CXX object CMakeFiles/delta_interfaces__rosidl_typesupport_fastrtps_cpp.dir/rosidl_typesupport_fastrtps_cpp/delta_interfaces/msg/detail/dds_fastrtps/detection__type_support.cpp.o[0m
[1.616s] [ 38%] [32mBuilding CXX object CMakeFiles/delta_interfaces__rosidl_typesupport_fastrtps_cpp.dir/rosidl_typesupport_fastrtps_cpp/delta_interfaces/msg/detail/dds_fastrtps/all_detections__type_support.cpp.o[0m
[1.628s] [ 41%] [32mBuilding CXX object CMakeFiles/delta_interfaces__rosidl_typesupport_introspection_cpp.dir/rosidl_typesupport_introspection_cpp/delta_interfaces/msg/detail/detection__type_support.cpp.o[0m
[1.629s] [ 43%] [32mBuilding CXX object CMakeFiles/delta_interfaces__rosidl_typesupport_introspection_cpp.dir/rosidl_typesupport_introspection_cpp/delta_interfaces/msg/detail/all_detections__type_support.cpp.o[0m
[1.727s] [35m[1mConsolidate compiler generated dependencies of target delta_interfaces__rosidl_typesupport_fastrtps_c[0m
[1.745s] [ 46%] [32mBuilding CXX object CMakeFiles/delta_interfaces__rosidl_typesupport_fastrtps_c.dir/rosidl_typesupport_fastrtps_c/delta_interfaces/msg/detail/detection__type_support_c.cpp.o[0m
[1.747s] [ 48%] [32mBuilding CXX object CMakeFiles/delta_interfaces__rosidl_typesupport_fastrtps_c.dir/rosidl_typesupport_fastrtps_c/delta_interfaces/msg/detail/all_detections__type_support_c.cpp.o[0m
[1.767s] [35m[1mConsolidate compiler generated dependencies of target delta_interfaces__rosidl_typesupport_c[0m
[1.784s] [ 53%] [32mBuilding CXX object CMakeFiles/delta_interfaces__rosidl_typesupport_c.dir/rosidl_typesupport_c/delta_interfaces/msg/all_detections__type_support.cpp.o[0m
[1.785s] [ 53%] [32mBuilding CXX object CMakeFiles/delta_interfaces__rosidl_typesupport_c.dir/rosidl_typesupport_c/delta_interfaces/msg/detection__type_support.cpp.o[0m
[1.829s] [ 56%] [32m[1mLinking CXX shared library libdelta_interfaces__rosidl_typesupport_c.so[0m
[1.843s] [35m[1mConsolidate compiler generated dependencies of target delta_interfaces__rosidl_typesupport_introspection_c[0m
[1.861s] [ 61%] [32mBuilding C object CMakeFiles/delta_interfaces__rosidl_typesupport_introspection_c.dir/rosidl_typesupport_introspection_c/delta_interfaces/msg/detail/detection__type_support.c.o[0m
[1.861s] [ 61%] [32mBuilding C object CMakeFiles/delta_interfaces__rosidl_typesupport_introspection_c.dir/rosidl_typesupport_introspection_c/delta_interfaces/msg/detail/all_detections__type_support.c.o[0m
[1.893s] [ 61%] Built target delta_interfaces__rosidl_typesupport_c
[1.915s] [ 64%] [32m[1mLinking C shared library libdelta_interfaces__rosidl_typesupport_introspection_c.so[0m
[1.949s] [ 64%] Built target delta_interfaces__rosidl_typesupport_introspection_c
[1.961s] [ 66%] [32m[1mLinking CXX shared library libdelta_interfaces__rosidl_typesupport_cpp.so[0m
[2.003s] [ 66%] Built target delta_interfaces__rosidl_typesupport_cpp
[2.173s] [ 69%] [32m[1mLinking CXX shared library libdelta_interfaces__rosidl_typesupport_fastrtps_c.so[0m
[2.179s] [ 71%] [32m[1mLinking CXX shared library libdelta_interfaces__rosidl_typesupport_introspection_cpp.so[0m
[2.182s] [ 74%] [32m[1mLinking CXX shared library libdelta_interfaces__rosidl_typesupport_fastrtps_cpp.so[0m
[2.263s] [ 74%] Built target delta_interfaces__rosidl_typesupport_fastrtps_c
[2.271s] [ 74%] Built target delta_interfaces__rosidl_typesupport_introspection_cpp
[2.273s] [ 74%] Built target delta_interfaces__rosidl_typesupport_fastrtps_cpp
[2.292s] [ 74%] Built target delta_interfaces
[2.310s] [ 76%] [34m[1mGenerating Python code for ROS interfaces[0m
[2.626s] [ 76%] Built target delta_interfaces__py
[2.634s] [35m[1mConsolidate compiler generated dependencies of target delta_interfaces__rosidl_generator_py[0m
[2.648s] [ 82%] [32mBuilding C object CMakeFiles/delta_interfaces__rosidl_generator_py.dir/rosidl_generator_py/delta_interfaces/msg/_detection_s.c.o[0m
[2.648s] [ 79%] [32mBuilding C object CMakeFiles/delta_interfaces__rosidl_generator_py.dir/rosidl_generator_py/delta_interfaces/msg/_all_detections_s.c.o[0m
[2.736s] [ 84%] [32m[1mLinking C shared library rosidl_generator_py/delta_interfaces/libdelta_interfaces__rosidl_generator_py.so[0m
[2.773s] [ 84%] Built target delta_interfaces__rosidl_generator_py
[2.782s] [35m[1mConsolidate compiler generated dependencies of target delta_interfaces__rosidl_typesupport_c__pyext[0m
[2.782s] [35m[1mConsolidate compiler generated dependencies of target delta_interfaces__rosidl_typesupport_fastrtps_c__pyext[0m
[2.783s] [35m[1mConsolidate compiler generated dependencies of target delta_interfaces__rosidl_typesupport_introspection_c__pyext[0m
[2.794s] [ 92%] [32mBuilding C object CMakeFiles/delta_interfaces__rosidl_typesupport_introspection_c__pyext.dir/rosidl_generator_py/delta_interfaces/_delta_interfaces_s.ep.rosidl_typesupport_introspection_c.c.o[0m
[2.794s] [ 92%] [32mBuilding C object CMakeFiles/delta_interfaces__rosidl_typesupport_fastrtps_c__pyext.dir/rosidl_generator_py/delta_interfaces/_delta_interfaces_s.ep.rosidl_typesupport_fastrtps_c.c.o[0m
[2.794s] [ 92%] [32mBuilding C object CMakeFiles/delta_interfaces__rosidl_typesupport_c__pyext.dir/rosidl_generator_py/delta_interfaces/_delta_interfaces_s.ep.rosidl_typesupport_c.c.o[0m
[2.888s] [ 97%] [32m[1mLinking C shared library rosidl_generator_py/delta_interfaces/delta_interfaces_s__rosidl_typesupport_introspection_c.cpython-310-x86_64-linux-gnu.so[0m
[2.888s] [ 97%] [32m[1mLinking C shared library rosidl_generator_py/delta_interfaces/delta_interfaces_s__rosidl_typesupport_fastrtps_c.cpython-310-x86_64-linux-gnu.so[0m
[2.889s] [100%] [32m[1mLinking C shared library rosidl_generator_py/delta_interfaces/delta_interfaces_s__rosidl_typesupport_c.cpython-310-x86_64-linux-gnu.so[0m
[2.926s] [100%] Built target delta_interfaces__rosidl_typesupport_introspection_c__pyext
[2.926s] [100%] Built target delta_interfaces__rosidl_typesupport_fastrtps_c__pyext
[2.926s] [100%] Built target delta_interfaces__rosidl_typesupport_c__pyext
[2.938s] Invoked command in '/home/winner_bishal/ros2_delta_ws/build/delta_interfaces' returned '0': CMAKE_PREFIX_PATH=${CMAKE_PREFIX_PATH}:/home/winner_bishal/ros2_delta_ws/install/delta_vision:/opt/ros/humble /usr/bin/cmake --build /home/winner_bishal/ros2_delta_ws/build/delta_interfaces -- -j12 -l12
[3.024s] Invoking command in '/home/winner_bishal/ros2_delta_ws/build/delta_interfaces': CMAKE_PREFIX_PATH=${CMAKE_PREFIX_PATH}:/home/winner_bishal/ros2_delta_ws/install/delta_vision:/opt/ros/humble /usr/bin/cmake --install /home/winner_bishal/ros2_delta_ws/build/delta_interfaces
[3.034s] -- Install configuration: ""
[3.035s] -- Up-to-date: /home/winner_bishal/ros2_delta_ws/install/delta_interfaces/share/ament_index/resource_index/rosidl_interfaces/delta_interfaces
[3.035s] -- Up-to-date: /home/winner_bishal/ros2_delta_ws/install/delta_interfaces/include/delta_interfaces/delta_interfaces
[3.035s] -- Up-to-date: /home/winner_bishal/ros2_delta_ws/install/delta_interfaces/include/delta_interfaces/delta_interfaces/msg
[3.035s] -- Up-to-date: /home/winner_bishal/ros2_delta_ws/install/delta_interfaces/include/delta_interfaces/delta_interfaces/msg/rosidl_generator_c__visibility_control.h
[3.035s] -- Installing: /home/winner_bishal/ros2_delta_ws/install/delta_interfaces/include/delta_interfaces/delta_interfaces/msg/all_detections.h
[3.035s] -- Up-to-date: /home/winner_bishal/ros2_delta_ws/install/delta_interfaces/include/delta_interfaces/delta_interfaces/msg/detail
[3.036s] -- Installing: /home/winner_bishal/ros2_delta_ws/install/delta_interfaces/include/delta_interfaces/delta_interfaces/msg/detail/all_detections__functions.c
[3.036s] -- Installing: /home/winner_bishal/ros2_delta_ws/install/delta_interfaces/include/delta_interfaces/delta_interfaces/msg/detail/detection__struct.h
[3.036s] -- Installing: /home/winner_bishal/ros2_delta_ws/install/delta_interfaces/include/delta_interfaces/delta_interfaces/msg/detail/detection__functions.h
[3.036s] -- Installing: /home/winner_bishal/ros2_delta_ws/install/delta_interfaces/include/delta_interfaces/delta_interfaces/msg/detail/detection__functions.c
[3.036s] -- Installing: /home/winner_bishal/ros2_delta_ws/install/delta_interfaces/include/delta_interfaces/delta_interfaces/msg/detail/all_detections__type_support.h
[3.036s] -- Installing: /home/winner_bishal/ros2_delta_ws/install/delta_interfaces/include/delta_interfaces/delta_interfaces/msg/detail/all_detections__functions.h
[3.036s] -- Installing: /home/winner_bishal/ros2_delta_ws/install/delta_interfaces/include/delta_interfaces/delta_interfaces/msg/detail/detection__type_support.h
[3.036s] -- Installing: /home/winner_bishal/ros2_delta_ws/install/delta_interfaces/include/delta_interfaces/delta_interfaces/msg/detail/all_detections__struct.h
[3.036s] -- Installing: /home/winner_bishal/ros2_delta_ws/install/delta_interfaces/include/delta_interfaces/delta_interfaces/msg/detection.h
[3.037s] -- Up-to-date: /home/winner_bishal/ros2_delta_ws/install/delta_interfaces/share/delta_interfaces/environment/library_path.sh
[3.037s] -- Installing: /home/winner_bishal/ros2_delta_ws/install/delta_interfaces/share/delta_interfaces/environment/library_path.dsv
[3.037s] -- Installing: /home/winner_bishal/ros2_delta_ws/install/delta_interfaces/lib/libdelta_interfaces__rosidl_generator_c.so
[3.037s] -- Set runtime path of "/home/winner_bishal/ros2_delta_ws/install/delta_interfaces/lib/libdelta_interfaces__rosidl_generator_c.so" to ""
[3.038s] -- Up-to-date: /home/winner_bishal/ros2_delta_ws/install/delta_interfaces/include/delta_interfaces/delta_interfaces
[3.038s] -- Up-to-date: /home/winner_bishal/ros2_delta_ws/install/delta_interfaces/include/delta_interfaces/delta_interfaces/msg
[3.038s] -- Up-to-date: /home/winner_bishal/ros2_delta_ws/install/delta_interfaces/include/delta_interfaces/delta_interfaces/msg/detail
[3.038s] -- Installing: /home/winner_bishal/ros2_delta_ws/install/delta_interfaces/include/delta_interfaces/delta_interfaces/msg/detail/detection__rosidl_typesupport_fastrtps_c.h
[3.038s] -- Installing: /home/winner_bishal/ros2_delta_ws/install/delta_interfaces/include/delta_interfaces/delta_interfaces/msg/detail/all_detections__rosidl_typesupport_fastrtps_c.h
[3.038s] -- Up-to-date: /home/winner_bishal/ros2_delta_ws/install/delta_interfaces/include/delta_interfaces/delta_interfaces/msg/rosidl_typesupport_fastrtps_c__visibility_control.h
[3.038s] -- Installing: /home/winner_bishal/ros2_delta_ws/install/delta_interfaces/lib/libdelta_interfaces__rosidl_typesupport_fastrtps_c.so
[3.039s] -- Set runtime path of "/home/winner_bishal/ros2_delta_ws/install/delta_interfaces/lib/libdelta_interfaces__rosidl_typesupport_fastrtps_c.so" to ""
[3.039s] -- Up-to-date: /home/winner_bishal/ros2_delta_ws/install/delta_interfaces/include/delta_interfaces/delta_interfaces
[3.039s] -- Up-to-date: /home/winner_bishal/ros2_delta_ws/install/delta_interfaces/include/delta_interfaces/delta_interfaces/msg
[3.039s] -- Up-to-date: /home/winner_bishal/ros2_delta_ws/install/delta_interfaces/include/delta_interfaces/delta_interfaces/msg/detail
[3.039s] -- Installing: /home/winner_bishal/ros2_delta_ws/install/delta_interfaces/include/delta_interfaces/delta_interfaces/msg/detail/detection__rosidl_typesupport_introspection_c.h
[3.039s] -- Installing: /home/winner_bishal/ros2_delta_ws/install/delta_interfaces/include/delta_interfaces/delta_interfaces/msg/detail/detection__type_support.c
[3.039s] -- Installing: /home/winner_bishal/ros2_delta_ws/install/delta_interfaces/include/delta_interfaces/delta_interfaces/msg/detail/all_detections__rosidl_typesupport_introspection_c.h
[3.039s] -- Installing: /home/winner_bishal/ros2_delta_ws/install/delta_interfaces/include/delta_interfaces/delta_interfaces/msg/detail/all_detections__type_support.c
[3.040s] -- Up-to-date: /home/winner_bishal/ros2_delta_ws/install/delta_interfaces/include/delta_interfaces/delta_interfaces/msg/rosidl_typesupport_introspection_c__visibility_control.h
[3.040s] -- Installing: /home/winner_bishal/ros2_delta_ws/install/delta_interfaces/lib/libdelta_interfaces__rosidl_typesupport_introspection_c.so
[3.040s] -- Set runtime path of "/home/winner_bishal/ros2_delta_ws/install/delta_interfaces/lib/libdelta_interfaces__rosidl_typesupport_introspection_c.so" to ""
[3.040s] -- Installing: /home/winner_bishal/ros2_delta_ws/install/delta_interfaces/lib/libdelta_interfaces__rosidl_typesupport_c.so
[3.040s] -- Set runtime path of "/home/winner_bishal/ros2_delta_ws/install/delta_interfaces/lib/libdelta_interfaces__rosidl_typesupport_c.so" to ""
[3.041s] -- Up-to-date: /home/winner_bishal/ros2_delta_ws/install/delta_interfaces/include/delta_interfaces/delta_interfaces
[3.041s] -- Up-to-date: /home/winner_bishal/ros2_delta_ws/install/delta_interfaces/include/delta_interfaces/delta_interfaces/msg
[3.041s] -- Up-to-date: /home/winner_bishal/ros2_delta_ws/install/delta_interfaces/include/delta_interfaces/delta_interfaces/msg/detail
[3.041s] -- Installing: /home/winner_bishal/ros2_delta_ws/install/delta_interfaces/include/delta_interfaces/delta_interfaces/msg/detail/detection__builder.hpp
[3.041s] -- Installing: /home/winner_bishal/ros2_delta_ws/install/delta_interfaces/include/delta_interfaces/delta_interfaces/msg/detail/detection__struct.hpp
[3.041s] -- Installing: /home/winner_bishal/ros2_delta_ws/install/delta_interfaces/include/delta_interfaces/delta_interfaces/msg/detail/all_detections__struct.hpp
[3.041s] -- Installing: /home/winner_bishal/ros2_delta_ws/install/delta_interfaces/include/delta_interfaces/delta_interfaces/msg/detail/all_detections__traits.hpp
[3.041s] -- Installing: /home/winner_bishal/ros2_delta_ws/install/delta_interfaces/include/delta_interfaces/delta_interfaces/msg/detail/all_detections__builder.hpp
[3.041s] -- Installing: /home/winner_bishal/ros2_delta_ws/install/delta_interfaces/include/delta_interfaces/delta_interfaces/msg/detail/detection__traits.hpp
[3.041s] -- Installing: /home/winner_bishal/ros2_delta_ws/install/delta_interfaces/include/delta_interfaces/delta_interfaces/msg/detection.hpp
[3.041s] -- Installing: /home/winner_bishal/ros2_delta_ws/install/delta_interfaces/include/delta_interfaces/delta_interfaces/msg/all_detections.hpp
[3.042s] -- Up-to-date: /home/winner_bishal/ros2_delta_ws/install/delta_interfaces/include/delta_interfaces/delta_interfaces
[3.042s] -- Up-to-date: /home/winner_bishal/ros2_delta_ws/install/delta_interfaces/include/delta_interfaces/delta_interfaces/msg
[3.042s] -- Up-to-date: /home/winner_bishal/ros2_delta_ws/install/delta_interfaces/include/delta_interfaces/delta_interfaces/msg/detail
[3.042s] -- Installing: /home/winner_bishal/ros2_delta_ws/install/delta_interfaces/include/delta_interfaces/delta_interfaces/msg/detail/detection__rosidl_typesupport_fastrtps_cpp.hpp
[3.042s] -- Up-to-date: /home/winner_bishal/ros2_delta_ws/install/delta_interfaces/include/delta_interfaces/delta_interfaces/msg/detail/dds_fastrtps
[3.042s] -- Installing: /home/winner_bishal/ros2_delta_ws/install/delta_interfaces/include/delta_interfaces/delta_interfaces/msg/detail/all_detections__rosidl_typesupport_fastrtps_cpp.hpp
[3.042s] -- Up-to-date: /home/winner_bishal/ros2_delta_ws/install/delta_interfaces/include/delta_interfaces/delta_interfaces/msg/rosidl_typesupport_fastrtps_cpp__visibility_control.h
[3.042s] -- Installing: /home/winner_bishal/ros2_delta_ws/install/delta_interfaces/lib/libdelta_interfaces__rosidl_typesupport_fastrtps_cpp.so
[3.042s] -- Set runtime path of "/home/winner_bishal/ros2_delta_ws/install/delta_interfaces/lib/libdelta_interfaces__rosidl_typesupport_fastrtps_cpp.so" to ""
[3.043s] -- Up-to-date: /home/winner_bishal/ros2_delta_ws/install/delta_interfaces/include/delta_interfaces/delta_interfaces
[3.043s] -- Up-to-date: /home/winner_bishal/ros2_delta_ws/install/delta_interfaces/include/delta_interfaces/delta_interfaces/msg
[3.043s] -- Up-to-date: /home/winner_bishal/ros2_delta_ws/install/delta_interfaces/include/delta_interfaces/delta_interfaces/msg/detail
[3.043s] -- Installing: /home/winner_bishal/ros2_delta_ws/install/delta_interfaces/include/delta_interfaces/delta_interfaces/msg/detail/all_detections__rosidl_typesupport_introspection_cpp.hpp
[3.043s] -- Installing: /home/winner_bishal/ros2_delta_ws/install/delta_interfaces/include/delta_interfaces/delta_interfaces/msg/detail/detection__type_support.cpp
[3.043s] -- Installing: /home/winner_bishal/ros2_delta_ws/install/delta_interfaces/include/delta_interfaces/delta_interfaces/msg/detail/all_detections__type_support.cpp
[3.043s] -- Installing: /home/winner_bishal/ros2_delta_ws/install/delta_interfaces/include/delta_interfaces/delta_interfaces/msg/detail/detection__rosidl_typesupport_introspection_cpp.hpp
[3.044s] -- Installing: /home/winner_bishal/ros2_delta_ws/install/delta_interfaces/lib/libdelta_interfaces__rosidl_typesupport_introspection_cpp.so
[3.044s] -- Set runtime path of "/home/winner_bishal/ros2_delta_ws/install/delta_interfaces/lib/libdelta_interfaces__rosidl_typesupport_introspection_cpp.so" to ""
[3.044s] -- Installing: /home/winner_bishal/ros2_delta_ws/install/delta_interfaces/lib/libdelta_interfaces__rosidl_typesupport_cpp.so
[3.044s] -- Set runtime path of "/home/winner_bishal/ros2_delta_ws/install/delta_interfaces/lib/libdelta_interfaces__rosidl_typesupport_cpp.so" to ""
[3.045s] -- Up-to-date: /home/winner_bishal/ros2_delta_ws/install/delta_interfaces/share/delta_interfaces/environment/pythonpath.sh
[3.045s] -- Installing: /home/winner_bishal/ros2_delta_ws/install/delta_interfaces/share/delta_interfaces/environment/pythonpath.dsv
[3.045s] -- Up-to-date: /home/winner_bishal/ros2_delta_ws/install/delta_interfaces/local/lib/python3.10/dist-packages/delta_interfaces-0.0.0-py3.10.egg-info
[3.045s] -- Installing: /home/winner_bishal/ros2_delta_ws/install/delta_interfaces/local/lib/python3.10/dist-packages/delta_interfaces-0.0.0-py3.10.egg-info/SOURCES.txt
[3.045s] -- Installing: /home/winner_bishal/ros2_delta_ws/install/delta_interfaces/local/lib/python3.10/dist-packages/delta_interfaces-0.0.0-py3.10.egg-info/top_level.txt
[3.045s] -- Installing: /home/winner_bishal/ros2_delta_ws/install/delta_interfaces/local/lib/python3.10/dist-packages/delta_interfaces-0.0.0-py3.10.egg-info/PKG-INFO
[3.045s] -- Installing: /home/winner_bishal/ros2_delta_ws/install/delta_interfaces/local/lib/python3.10/dist-packages/delta_interfaces-0.0.0-py3.10.egg-info/dependency_links.txt
[3.045s] -- Up-to-date: /home/winner_bishal/ros2_delta_ws/install/delta_interfaces/local/lib/python3.10/dist-packages/delta_interfaces
[3.045s] -- Installing: /home/winner_bishal/ros2_delta_ws/install/delta_interfaces/local/lib/python3.10/dist-packages/delta_interfaces/delta_interfaces_s__rosidl_typesupport_c.cpython-310-x86_64-linux-gnu.so
[3.045s] -- Up-to-date: /home/winner_bishal/ros2_delta_ws/install/delta_interfaces/local/lib/python3.10/dist-packages/delta_interfaces/msg
[3.045s] -- Installing: /home/winner_bishal/ros2_delta_ws/install/delta_interfaces/local/lib/python3.10/dist-packages/delta_interfaces/msg/_detection.py
[3.046s] -- Installing: /home/winner_bishal/ros2_delta_ws/install/delta_interfaces/local/lib/python3.10/dist-packages/delta_interfaces/msg/_detection_s.c
[3.046s] -- Installing: /home/winner_bishal/ros2_delta_ws/install/delta_interfaces/local/lib/python3.10/dist-packages/delta_interfaces/msg/__init__.py
[3.046s] -- Installing: /home/winner_bishal/ros2_delta_ws/install/delta_interfaces/local/lib/python3.10/dist-packages/delta_interfaces/msg/_all_detections_s.c
[3.046s] -- Installing: /home/winner_bishal/ros2_delta_ws/install/delta_interfaces/local/lib/python3.10/dist-packages/delta_interfaces/msg/_all_detections.py
[3.046s] -- Installing: /home/winner_bishal/ros2_delta_ws/install/delta_interfaces/local/lib/python3.10/dist-packages/delta_interfaces/_delta_interfaces_s.ep.rosidl_typesupport_c.c
[3.046s] -- Installing: /home/winner_bishal/ros2_delta_ws/install/delta_interfaces/local/lib/python3.10/dist-packages/delta_interfaces/_delta_interfaces_s.ep.rosidl_typesupport_fastrtps_c.c
[3.046s] -- Installing: /home/winner_bishal/ros2_delta_ws/install/delta_interfaces/local/lib/python3.10/dist-packages/delta_interfaces/libdelta_interfaces__rosidl_generator_py.so
[3.046s] -- Installing: /home/winner_bishal/ros2_delta_ws/install/delta_interfaces/local/lib/python3.10/dist-packages/delta_interfaces/delta_interfaces_s__rosidl_typesupport_introspection_c.cpython-310-x86_64-linux-gnu.so
[3.047s] -- Installing: /home/winner_bishal/ros2_delta_ws/install/delta_interfaces/local/lib/python3.10/dist-packages/delta_interfaces/delta_interfaces_s__rosidl_typesupport_fastrtps_c.cpython-310-x86_64-linux-gnu.so
[3.047s] -- Installing: /home/winner_bishal/ros2_delta_ws/install/delta_interfaces/local/lib/python3.10/dist-packages/delta_interfaces/_delta_interfaces_s.ep.rosidl_typesupport_introspection_c.c
[3.047s] -- Installing: /home/winner_bishal/ros2_delta_ws/install/delta_interfaces/local/lib/python3.10/dist-packages/delta_interfaces/__init__.py
[3.078s] Listing '/home/winner_bishal/ros2_delta_ws/install/delta_interfaces/local/lib/python3.10/dist-packages/delta_interfaces'...
[3.078s] Compiling '/home/winner_bishal/ros2_delta_ws/install/delta_interfaces/local/lib/python3.10/dist-packages/delta_interfaces/__init__.py'...
[3.078s] Listing '/home/winner_bishal/ros2_delta_ws/install/delta_interfaces/local/lib/python3.10/dist-packages/delta_interfaces/msg'...
[3.078s] Compiling '/home/winner_bishal/ros2_delta_ws/install/delta_interfaces/local/lib/python3.10/dist-packages/delta_interfaces/msg/__init__.py'...
[3.078s] Compiling '/home/winner_bishal/ros2_delta_ws/install/delta_interfaces/local/lib/python3.10/dist-packages/delta_interfaces/msg/_all_detections.py'...
[3.078s] Compiling '/home/winner_bishal/ros2_delta_ws/install/delta_interfaces/local/lib/python3.10/dist-packages/delta_interfaces/msg/_detection.py'...
[3.082s] -- Installing: /home/winner_bishal/ros2_delta_ws/install/delta_interfaces/local/lib/python3.10/dist-packages/delta_interfaces/delta_interfaces_s__rosidl_typesupport_fastrtps_c.cpython-310-x86_64-linux-gnu.so
[3.082s] -- Set runtime path of "/home/winner_bishal/ros2_delta_ws/install/delta_interfaces/local/lib/python3.10/dist-packages/delta_interfaces/delta_interfaces_s__rosidl_typesupport_fastrtps_c.cpython-310-x86_64-linux-gnu.so" to ""
[3.082s] -- Installing: /home/winner_bishal/ros2_delta_ws/install/delta_interfaces/local/lib/python3.10/dist-packages/delta_interfaces/delta_interfaces_s__rosidl_typesupport_introspection_c.cpython-310-x86_64-linux-gnu.so
[3.083s] -- Set runtime path of "/home/winner_bishal/ros2_delta_ws/install/delta_interfaces/local/lib/python3.10/dist-packages/delta_interfaces/delta_interfaces_s__rosidl_typesupport_introspection_c.cpython-310-x86_64-linux-gnu.so" to ""
[3.083s] -- Installing: /home/winner_bishal/ros2_delta_ws/install/delta_interfaces/local/lib/python3.10/dist-packages/delta_interfaces/delta_interfaces_s__rosidl_typesupport_c.cpython-310-x86_64-linux-gnu.so
[3.083s] -- Set runtime path of "/home/winner_bishal/ros2_delta_ws/install/delta_interfaces/local/lib/python3.10/dist-packages/delta_interfaces/delta_interfaces_s__rosidl_typesupport_c.cpython-310-x86_64-linux-gnu.so" to ""
[3.083s] -- Installing: /home/winner_bishal/ros2_delta_ws/install/delta_interfaces/lib/libdelta_interfaces__rosidl_generator_py.so
[3.084s] -- Set runtime path of "/home/winner_bishal/ros2_delta_ws/install/delta_interfaces/lib/libdelta_interfaces__rosidl_generator_py.so" to ""
[3.084s] -- Up-to-date: /home/winner_bishal/ros2_delta_ws/install/delta_interfaces/share/delta_interfaces/msg/Detection.idl
[3.084s] -- Installing: /home/winner_bishal/ros2_delta_ws/install/delta_interfaces/share/delta_interfaces/msg/AllDetections.idl
[3.084s] -- Up-to-date: /home/winner_bishal/ros2_delta_ws/install/delta_interfaces/share/delta_interfaces/msg/Detection.msg
[3.084s] -- Installing: /home/winner_bishal/ros2_delta_ws/install/delta_interfaces/share/delta_interfaces/msg/AllDetections.msg
[3.084s] -- Installing: /home/winner_bishal/ros2_delta_ws/install/delta_interfaces/share/ament_index/resource_index/package_run_dependencies/delta_interfaces
[3.084s] -- Up-to-date: /home/winner_bishal/ros2_delta_ws/install/delta_interfaces/share/ament_index/resource_index/parent_prefix_path/delta_interfaces
[3.084s] -- Up-to-date: /home/winner_bishal/ros2_delta_ws/install/delta_interfaces/share/delta_interfaces/environment/ament_prefix_path.sh
[3.085s] -- Installing: /home/winner_bishal/ros2_delta_ws/install/delta_interfaces/share/delta_interfaces/environment/ament_prefix_path.dsv
[3.085s] -- Up-to-date: /home/winner_bishal/ros2_delta_ws/install/delta_interfaces/share/delta_interfaces/environment/path.sh
[3.085s] -- Installing: /home/winner_bishal/ros2_delta_ws/install/delta_interfaces/share/delta_interfaces/environment/path.dsv
[3.085s] -- Up-to-date: /home/winner_bishal/ros2_delta_ws/install/delta_interfaces/share/delta_interfaces/local_setup.bash
[3.085s] -- Up-to-date: /home/winner_bishal/ros2_delta_ws/install/delta_interfaces/share/delta_interfaces/local_setup.sh
[3.085s] -- Up-to-date: /home/winner_bishal/ros2_delta_ws/install/delta_interfaces/share/delta_interfaces/local_setup.zsh
[3.085s] -- Installing: /home/winner_bishal/ros2_delta_ws/install/delta_interfaces/share/delta_interfaces/local_setup.dsv
[3.085s] -- Installing: /home/winner_bishal/ros2_delta_ws/install/delta_interfaces/share/delta_interfaces/package.dsv
[3.085s] -- Up-to-date: /home/winner_bishal/ros2_delta_ws/install/delta_interfaces/share/ament_index/resource_index/packages/delta_interfaces
[3.085s] -- Old export file "/home/winner_bishal/ros2_delta_ws/install/delta_interfaces/share/delta_interfaces/cmake/export_delta_interfaces__rosidl_generator_cExport.cmake" will be replaced.  Removing files [/home/winner_bishal/ros2_delta_ws/install/delta_interfaces/share/delta_interfaces/cmake/export_delta_interfaces__rosidl_generator_cExport-noconfig.cmake].
[3.085s] -- Installing: /home/winner_bishal/ros2_delta_ws/install/delta_interfaces/share/delta_interfaces/cmake/export_delta_interfaces__rosidl_generator_cExport.cmake
[3.085s] -- Installing: /home/winner_bishal/ros2_delta_ws/install/delta_interfaces/share/delta_interfaces/cmake/export_delta_interfaces__rosidl_generator_cExport-noconfig.cmake
[3.086s] -- Old export file "/home/winner_bishal/ros2_delta_ws/install/delta_interfaces/share/delta_interfaces/cmake/export_delta_interfaces__rosidl_typesupport_fastrtps_cExport.cmake" will be replaced.  Removing files [/home/winner_bishal/ros2_delta_ws/install/delta_interfaces/share/delta_interfaces/cmake/export_delta_interfaces__rosidl_typesupport_fastrtps_cExport-noconfig.cmake].
[3.086s] -- Installing: /home/winner_bishal/ros2_delta_ws/install/delta_interfaces/share/delta_interfaces/cmake/export_delta_interfaces__rosidl_typesupport_fastrtps_cExport.cmake
[3.086s] -- Installing: /home/winner_bishal/ros2_delta_ws/install/delta_interfaces/share/delta_interfaces/cmake/export_delta_interfaces__rosidl_typesupport_fastrtps_cExport-noconfig.cmake
[3.086s] -- Old export file "/home/winner_bishal/ros2_delta_ws/install/delta_interfaces/share/delta_interfaces/cmake/delta_interfaces__rosidl_typesupport_introspection_cExport.cmake" will be replaced.  Removing files [/home/winner_bishal/ros2_delta_ws/install/delta_interfaces/share/delta_interfaces/cmake/delta_interfaces__rosidl_typesupport_introspection_cExport-noconfig.cmake].
[3.086s] -- Installing: /home/winner_bishal/ros2_delta_ws/install/delta_interfaces/share/delta_interfaces/cmake/delta_interfaces__rosidl_typesupport_introspection_cExport.cmake
[3.086s] -- Installing: /home/winner_bishal/ros2_delta_ws/install/delta_interfaces/share/delta_interfaces/cmake/delta_interfaces__rosidl_typesupport_introspection_cExport-noconfig.cmake
[3.086s] -- Old export file "/home/winner_bishal/ros2_delta_ws/install/delta_interfaces/share/delta_interfaces/cmake/delta_interfaces__rosidl_typesupport_cExport.cmake" will be replaced.  Removing files [/home/winner_bishal/ros2_delta_ws/install/delta_interfaces/share/delta_interfaces/cmake/delta_interfaces__rosidl_typesupport_cExport-noconfig.cmake].
[3.086s] -- Installing: /home/winner_bishal/ros2_delta_ws/install/delta_interfaces/share/delta_interfaces/cmake/delta_interfaces__rosidl_typesupport_cExport.cmake
[3.086s] -- Installing: /home/winner_bishal/ros2_delta_ws/install/delta_interfaces/share/delta_interfaces/cmake/delta_interfaces__rosidl_typesupport_cExport-noconfig.cmake
[3.087s] -- Installing: /home/winner_bishal/ros2_delta_ws/install/delta_interfaces/share/delta_interfaces/cmake/export_delta_interfaces__rosidl_generator_cppExport.cmake
[3.087s] -- Old export file "/home/winner_bishal/ros2_delta_ws/install/delta_interfaces/share/delta_interfaces/cmake/export_delta_interfaces__rosidl_typesupport_fastrtps_cppExport.cmake" will be replaced.  Removing files [/home/winner_bishal/ros2_delta_ws/install/delta_interfaces/share/delta_interfaces/cmake/export_delta_interfaces__rosidl_typesupport_fastrtps_cppExport-noconfig.cmake].
[3.087s] -- Installing: /home/winner_bishal/ros2_delta_ws/install/delta_interfaces/share/delta_interfaces/cmake/export_delta_interfaces__rosidl_typesupport_fastrtps_cppExport.cmake
[3.087s] -- Installing: /home/winner_bishal/ros2_delta_ws/install/delta_interfaces/share/delta_interfaces/cmake/export_delta_interfaces__rosidl_typesupport_fastrtps_cppExport-noconfig.cmake
[3.087s] -- Old export file "/home/winner_bishal/ros2_delta_ws/install/delta_interfaces/share/delta_interfaces/cmake/delta_interfaces__rosidl_typesupport_introspection_cppExport.cmake" will be replaced.  Removing files [/home/winner_bishal/ros2_delta_ws/install/delta_interfaces/share/delta_interfaces/cmake/delta_interfaces__rosidl_typesupport_introspection_cppExport-noconfig.cmake].
[3.087s] -- Installing: /home/winner_bishal/ros2_delta_ws/install/delta_interfaces/share/delta_interfaces/cmake/delta_interfaces__rosidl_typesupport_introspection_cppExport.cmake
[3.088s] -- Installing: /home/winner_bishal/ros2_delta_ws/install/delta_interfaces/share/delta_interfaces/cmake/delta_interfaces__rosidl_typesupport_introspection_cppExport-noconfig.cmake
[3.088s] -- Old export file "/home/winner_bishal/ros2_delta_ws/install/delta_interfaces/share/delta_interfaces/cmake/delta_interfaces__rosidl_typesupport_cppExport.cmake" will be replaced.  Removing files [/home/winner_bishal/ros2_delta_ws/install/delta_interfaces/share/delta_interfaces/cmake/delta_interfaces__rosidl_typesupport_cppExport-noconfig.cmake].
[3.088s] -- Installing: /home/winner_bishal/ros2_delta_ws/install/delta_interfaces/share/delta_interfaces/cmake/delta_interfaces__rosidl_typesupport_cppExport.cmake
[3.088s] -- Installing: /home/winner_bishal/ros2_delta_ws/install/delta_interfaces/share/delta_interfaces/cmake/delta_interfaces__rosidl_typesupport_cppExport-noconfig.cmake
[3.088s] -- Old export file "/home/winner_bishal/ros2_delta_ws/install/delta_interfaces/share/delta_interfaces/cmake/export_delta_interfaces__rosidl_generator_pyExport.cmake" will be replaced.  Removing files [/home/winner_bishal/ros2_delta_ws/install/delta_interfaces/share/delta_interfaces/cmake/export_delta_interfaces__rosidl_generator_pyExport-noconfig.cmake].
[3.088s] -- Installing: /home/winner_bishal/ros2_delta_ws/install/delta_interfaces/share/delta_interfaces/cmake/export_delta_interfaces__rosidl_generator_pyExport.cmake
[3.088s] -- Installing: /home/winner_bishal/ros2_delta_ws/install/delta_interfaces/share/delta_interfaces/cmake/export_delta_interfaces__rosidl_generator_pyExport-noconfig.cmake
[3.088s] -- Up-to-date: /home/winner_bishal/ros2_delta_ws/install/delta_interfaces/share/delta_interfaces/cmake/rosidl_cmake-extras.cmake
[3.088s] -- Installing: /home/winner_bishal/ros2_delta_ws/install/delta_interfaces/share/delta_interfaces/cmake/ament_cmake_export_dependencies-extras.cmake
[3.088s] -- Up-to-date: /home/winner_bishal/ros2_delta_ws/install/delta_interfaces/share/delta_interfaces/cmake/ament_cmake_export_include_directories-extras.cmake
[3.089s] -- Up-to-date: /home/winner_bishal/ros2_delta_ws/install/delta_interfaces/share/delta_interfaces/cmake/ament_cmake_export_libraries-extras.cmake
[3.089s] -- Up-to-date: /home/winner_bishal/ros2_delta_ws/install/delta_interfaces/share/delta_interfaces/cmake/ament_cmake_export_targets-extras.cmake
[3.089s] -- Up-to-date: /home/winner_bishal/ros2_delta_ws/install/delta_interfaces/share/delta_interfaces/cmake/rosidl_cmake_export_typesupport_targets-extras.cmake
[3.089s] -- Up-to-date: /home/winner_bishal/ros2_delta_ws/install/delta_interfaces/share/delta_interfaces/cmake/rosidl_cmake_export_typesupport_libraries-extras.cmake
[3.089s] -- Installing: /home/winner_bishal/ros2_delta_ws/install/delta_interfaces/share/delta_interfaces/cmake/delta_interfacesConfig.cmake
[3.089s] -- Up-to-date: /home/winner_bishal/ros2_delta_ws/install/delta_interfaces/share/delta_interfaces/cmake/delta_interfacesConfig-version.cmake
[3.089s] -- Installing: /home/winner_bishal/ros2_delta_ws/install/delta_interfaces/share/delta_interfaces/package.xml
[3.091s] Invoked command in '/home/winner_bishal/ros2_delta_ws/build/delta_interfaces' returned '0': CMAKE_PREFIX_PATH=${CMAKE_PREFIX_PATH}:/home/winner_bishal/ros2_delta_ws/install/delta_vision:/opt/ros/humble /usr/bin/cmake --install /home/winner_bishal/ros2_delta_ws/build/delta_interfaces
