-- Found ament_cmake: 1.3.8 (/opt/ros/humble/share/ament_cmake/cmake)
-- Found rosidl_default_generators: 1.2.0 (/opt/ros/humble/share/rosidl_default_generators/cmake)
-- Using all available rosidl_typesupport_c: rosidl_typesupport_fastrtps_c;rosidl_typesupport_introspection_c
-- Found rosidl_adapter: 3.1.5 (/opt/ros/humble/share/rosidl_adapter/cmake)
-- Using all available rosidl_typesupport_cpp: rosidl_typesupport_fastrtps_cpp;rosidl_typesupport_introspection_cpp
-- Found ament_cmake_ros: 0.10.0 (/opt/ros/humble/share/ament_cmake_ros/cmake)
-- Using all available rosidl_typesupport_c: rosidl_typesupport_fastrtps_c;rosidl_typesupport_introspection_c
-- Using all available rosidl_typesupport_cpp: rosidl_typesupport_fastrtps_cpp;rosidl_typesupport_introspection_cpp
-- Found PythonInterp: /usr/bin/python3 (found suitable version "3.10.12", minimum required is "3.6") 
-- Found python_cmake_module: 0.10.0 (/opt/ros/humble/share/python_cmake_module/cmake)
-- Found PythonLibs: /usr/lib/x86_64-linux-gnu/libpython3.10.so (found suitable version "3.10.12", minimum required is "3.5") 
-- Using PYTHON_EXECUTABLE: /usr/bin/python3
-- Using PYTHON_INCLUDE_DIRS: /usr/include/python3.10
-- Using PYTHON_LIBRARIES: /usr/lib/x86_64-linux-gnu/libpython3.10.so
-- Found PythonExtra: .so  
-- Configuring done
-- Generating done
-- Build files have been written to: /home/winner_bishal/ros2_delta_ws/build/delta_interfaces
[  3%] [34m[1mGenerating C code for ROS interfaces[0m
[  6%] [34m[1mGenerating C++ code for ROS interfaces[0m
[  6%] Built target ament_cmake_python_copy_delta_interfaces
[  6%] Built target delta_interfaces__cpp
[ 19%] [34m[1mGenerating C++ introspection for ROS interfaces[0m
[ 19%] [34m[1mGenerating C++ type support for eProsima Fast-RTPS[0m
[ 19%] [32mBuilding C object CMakeFiles/delta_interfaces__rosidl_generator_c.dir/rosidl_generator_c/delta_interfaces/msg/detail/detection__functions.c.o[0m
[ 19%] [34m[1mGenerating C++ type support dispatch for ROS interfaces[0m
running egg_info
creating delta_interfaces.egg-info
writing delta_interfaces.egg-info/PKG-INFO
writing dependency_links to delta_interfaces.egg-info/dependency_links.txt
writing top-level names to delta_interfaces.egg-info/top_level.txt
writing manifest file 'delta_interfaces.egg-info/SOURCES.txt'
reading manifest file 'delta_interfaces.egg-info/SOURCES.txt'
writing manifest file 'delta_interfaces.egg-info/SOURCES.txt'
[ 22%] [32m[1mLinking C shared library libdelta_interfaces__rosidl_generator_c.so[0m
[ 22%] Built target ament_cmake_python_build_delta_interfaces_egg
[ 22%] Built target delta_interfaces__rosidl_generator_c
[ 32%] [34m[1mGenerating C type support for eProsima Fast-RTPS[0m
[ 32%] [34m[1mGenerating C introspection for ROS interfaces[0m
[ 32%] [34m[1mGenerating C type support dispatch for ROS interfaces[0m
[ 35%] [32mBuilding CXX object CMakeFiles/delta_interfaces__rosidl_typesupport_cpp.dir/rosidl_typesupport_cpp/delta_interfaces/msg/detection__type_support.cpp.o[0m
[ 38%] [32mBuilding CXX object CMakeFiles/delta_interfaces__rosidl_typesupport_introspection_cpp.dir/rosidl_typesupport_introspection_cpp/delta_interfaces/msg/detail/detection__type_support.cpp.o[0m
[ 41%] [32mBuilding CXX object CMakeFiles/delta_interfaces__rosidl_typesupport_fastrtps_cpp.dir/rosidl_typesupport_fastrtps_cpp/delta_interfaces/msg/detail/dds_fastrtps/detection__type_support.cpp.o[0m
[ 45%] [32mBuilding C object CMakeFiles/delta_interfaces__rosidl_typesupport_introspection_c.dir/rosidl_typesupport_introspection_c/delta_interfaces/msg/detail/detection__type_support.c.o[0m
[ 51%] [32mBuilding CXX object CMakeFiles/delta_interfaces__rosidl_typesupport_c.dir/rosidl_typesupport_c/delta_interfaces/msg/detection__type_support.cpp.o[0m
[ 51%] [32mBuilding CXX object CMakeFiles/delta_interfaces__rosidl_typesupport_fastrtps_c.dir/rosidl_typesupport_fastrtps_c/delta_interfaces/msg/detail/detection__type_support_c.cpp.o[0m
[ 54%] [32m[1mLinking C shared library libdelta_interfaces__rosidl_typesupport_introspection_c.so[0m
[ 58%] [32m[1mLinking CXX shared library libdelta_interfaces__rosidl_typesupport_c.so[0m
[ 58%] Built target delta_interfaces__rosidl_typesupport_introspection_c
[ 58%] Built target delta_interfaces__rosidl_typesupport_c
[ 61%] [32m[1mLinking CXX shared library libdelta_interfaces__rosidl_typesupport_cpp.so[0m
[ 61%] Built target delta_interfaces__rosidl_typesupport_cpp
[ 67%] [32m[1mLinking CXX shared library libdelta_interfaces__rosidl_typesupport_introspection_cpp.so[0m
[ 67%] [32m[1mLinking CXX shared library libdelta_interfaces__rosidl_typesupport_fastrtps_cpp.so[0m
[ 70%] [32m[1mLinking CXX shared library libdelta_interfaces__rosidl_typesupport_fastrtps_c.so[0m
[ 70%] Built target delta_interfaces__rosidl_typesupport_introspection_cpp
[ 70%] Built target delta_interfaces__rosidl_typesupport_fastrtps_cpp
[ 70%] Built target delta_interfaces__rosidl_typesupport_fastrtps_c
[ 70%] Built target delta_interfaces
[ 74%] [34m[1mGenerating Python code for ROS interfaces[0m
[ 74%] Built target delta_interfaces__py
[ 77%] [32mBuilding C object CMakeFiles/delta_interfaces__rosidl_generator_py.dir/rosidl_generator_py/delta_interfaces/msg/_detection_s.c.o[0m
[ 80%] [32m[1mLinking C shared library rosidl_generator_py/delta_interfaces/libdelta_interfaces__rosidl_generator_py.so[0m
[ 80%] Built target delta_interfaces__rosidl_generator_py
[ 90%] [32mBuilding C object CMakeFiles/delta_interfaces__rosidl_typesupport_c__pyext.dir/rosidl_generator_py/delta_interfaces/_delta_interfaces_s.ep.rosidl_typesupport_c.c.o[0m
[ 90%] [32mBuilding C object CMakeFiles/delta_interfaces__rosidl_typesupport_fastrtps_c__pyext.dir/rosidl_generator_py/delta_interfaces/_delta_interfaces_s.ep.rosidl_typesupport_fastrtps_c.c.o[0m
[ 90%] [32mBuilding C object CMakeFiles/delta_interfaces__rosidl_typesupport_introspection_c__pyext.dir/rosidl_generator_py/delta_interfaces/_delta_interfaces_s.ep.rosidl_typesupport_introspection_c.c.o[0m
[ 93%] [32m[1mLinking C shared library rosidl_generator_py/delta_interfaces/delta_interfaces_s__rosidl_typesupport_c.cpython-310-x86_64-linux-gnu.so[0m
[ 96%] [32m[1mLinking C shared library rosidl_generator_py/delta_interfaces/delta_interfaces_s__rosidl_typesupport_introspection_c.cpython-310-x86_64-linux-gnu.so[0m
[100%] [32m[1mLinking C shared library rosidl_generator_py/delta_interfaces/delta_interfaces_s__rosidl_typesupport_fastrtps_c.cpython-310-x86_64-linux-gnu.so[0m
[100%] Built target delta_interfaces__rosidl_typesupport_introspection_c__pyext
[100%] Built target delta_interfaces__rosidl_typesupport_c__pyext
[100%] Built target delta_interfaces__rosidl_typesupport_fastrtps_c__pyext
-- Install configuration: ""
-- Installing: /home/winner_bishal/ros2_delta_ws/install/delta_interfaces/share/ament_index/resource_index/rosidl_interfaces/delta_interfaces
-- Installing: /home/winner_bishal/ros2_delta_ws/install/delta_interfaces/include/delta_interfaces/delta_interfaces
-- Installing: /home/winner_bishal/ros2_delta_ws/install/delta_interfaces/include/delta_interfaces/delta_interfaces/msg
-- Installing: /home/winner_bishal/ros2_delta_ws/install/delta_interfaces/include/delta_interfaces/delta_interfaces/msg/rosidl_generator_c__visibility_control.h
-- Installing: /home/winner_bishal/ros2_delta_ws/install/delta_interfaces/include/delta_interfaces/delta_interfaces/msg/detail
-- Installing: /home/winner_bishal/ros2_delta_ws/install/delta_interfaces/include/delta_interfaces/delta_interfaces/msg/detail/detection__struct.h
-- Installing: /home/winner_bishal/ros2_delta_ws/install/delta_interfaces/include/delta_interfaces/delta_interfaces/msg/detail/detection__functions.h
-- Installing: /home/winner_bishal/ros2_delta_ws/install/delta_interfaces/include/delta_interfaces/delta_interfaces/msg/detail/detection__functions.c
-- Installing: /home/winner_bishal/ros2_delta_ws/install/delta_interfaces/include/delta_interfaces/delta_interfaces/msg/detail/detection__type_support.h
-- Installing: /home/winner_bishal/ros2_delta_ws/install/delta_interfaces/include/delta_interfaces/delta_interfaces/msg/detection.h
-- Installing: /home/winner_bishal/ros2_delta_ws/install/delta_interfaces/share/delta_interfaces/environment/library_path.sh
-- Installing: /home/winner_bishal/ros2_delta_ws/install/delta_interfaces/share/delta_interfaces/environment/library_path.dsv
-- Installing: /home/winner_bishal/ros2_delta_ws/install/delta_interfaces/lib/libdelta_interfaces__rosidl_generator_c.so
-- Set runtime path of "/home/winner_bishal/ros2_delta_ws/install/delta_interfaces/lib/libdelta_interfaces__rosidl_generator_c.so" to ""
-- Up-to-date: /home/winner_bishal/ros2_delta_ws/install/delta_interfaces/include/delta_interfaces/delta_interfaces
-- Up-to-date: /home/winner_bishal/ros2_delta_ws/install/delta_interfaces/include/delta_interfaces/delta_interfaces/msg
-- Up-to-date: /home/winner_bishal/ros2_delta_ws/install/delta_interfaces/include/delta_interfaces/delta_interfaces/msg/detail
-- Installing: /home/winner_bishal/ros2_delta_ws/install/delta_interfaces/include/delta_interfaces/delta_interfaces/msg/detail/detection__rosidl_typesupport_fastrtps_c.h
-- Installing: /home/winner_bishal/ros2_delta_ws/install/delta_interfaces/include/delta_interfaces/delta_interfaces/msg/rosidl_typesupport_fastrtps_c__visibility_control.h
-- Installing: /home/winner_bishal/ros2_delta_ws/install/delta_interfaces/lib/libdelta_interfaces__rosidl_typesupport_fastrtps_c.so
-- Set runtime path of "/home/winner_bishal/ros2_delta_ws/install/delta_interfaces/lib/libdelta_interfaces__rosidl_typesupport_fastrtps_c.so" to ""
-- Up-to-date: /home/winner_bishal/ros2_delta_ws/install/delta_interfaces/include/delta_interfaces/delta_interfaces
-- Up-to-date: /home/winner_bishal/ros2_delta_ws/install/delta_interfaces/include/delta_interfaces/delta_interfaces/msg
-- Up-to-date: /home/winner_bishal/ros2_delta_ws/install/delta_interfaces/include/delta_interfaces/delta_interfaces/msg/detail
-- Installing: /home/winner_bishal/ros2_delta_ws/install/delta_interfaces/include/delta_interfaces/delta_interfaces/msg/detail/detection__rosidl_typesupport_introspection_c.h
-- Installing: /home/winner_bishal/ros2_delta_ws/install/delta_interfaces/include/delta_interfaces/delta_interfaces/msg/detail/detection__type_support.c
-- Installing: /home/winner_bishal/ros2_delta_ws/install/delta_interfaces/include/delta_interfaces/delta_interfaces/msg/rosidl_typesupport_introspection_c__visibility_control.h
-- Installing: /home/winner_bishal/ros2_delta_ws/install/delta_interfaces/lib/libdelta_interfaces__rosidl_typesupport_introspection_c.so
-- Set runtime path of "/home/winner_bishal/ros2_delta_ws/install/delta_interfaces/lib/libdelta_interfaces__rosidl_typesupport_introspection_c.so" to ""
-- Installing: /home/winner_bishal/ros2_delta_ws/install/delta_interfaces/lib/libdelta_interfaces__rosidl_typesupport_c.so
-- Set runtime path of "/home/winner_bishal/ros2_delta_ws/install/delta_interfaces/lib/libdelta_interfaces__rosidl_typesupport_c.so" to ""
-- Up-to-date: /home/winner_bishal/ros2_delta_ws/install/delta_interfaces/include/delta_interfaces/delta_interfaces
-- Up-to-date: /home/winner_bishal/ros2_delta_ws/install/delta_interfaces/include/delta_interfaces/delta_interfaces/msg
-- Up-to-date: /home/winner_bishal/ros2_delta_ws/install/delta_interfaces/include/delta_interfaces/delta_interfaces/msg/detail
-- Installing: /home/winner_bishal/ros2_delta_ws/install/delta_interfaces/include/delta_interfaces/delta_interfaces/msg/detail/detection__builder.hpp
-- Installing: /home/winner_bishal/ros2_delta_ws/install/delta_interfaces/include/delta_interfaces/delta_interfaces/msg/detail/detection__struct.hpp
-- Installing: /home/winner_bishal/ros2_delta_ws/install/delta_interfaces/include/delta_interfaces/delta_interfaces/msg/detail/detection__traits.hpp
-- Installing: /home/winner_bishal/ros2_delta_ws/install/delta_interfaces/include/delta_interfaces/delta_interfaces/msg/detection.hpp
-- Up-to-date: /home/winner_bishal/ros2_delta_ws/install/delta_interfaces/include/delta_interfaces/delta_interfaces
-- Up-to-date: /home/winner_bishal/ros2_delta_ws/install/delta_interfaces/include/delta_interfaces/delta_interfaces/msg
-- Up-to-date: /home/winner_bishal/ros2_delta_ws/install/delta_interfaces/include/delta_interfaces/delta_interfaces/msg/detail
-- Installing: /home/winner_bishal/ros2_delta_ws/install/delta_interfaces/include/delta_interfaces/delta_interfaces/msg/detail/detection__rosidl_typesupport_fastrtps_cpp.hpp
-- Installing: /home/winner_bishal/ros2_delta_ws/install/delta_interfaces/include/delta_interfaces/delta_interfaces/msg/detail/dds_fastrtps
-- Installing: /home/winner_bishal/ros2_delta_ws/install/delta_interfaces/include/delta_interfaces/delta_interfaces/msg/rosidl_typesupport_fastrtps_cpp__visibility_control.h
-- Installing: /home/winner_bishal/ros2_delta_ws/install/delta_interfaces/lib/libdelta_interfaces__rosidl_typesupport_fastrtps_cpp.so
-- Set runtime path of "/home/winner_bishal/ros2_delta_ws/install/delta_interfaces/lib/libdelta_interfaces__rosidl_typesupport_fastrtps_cpp.so" to ""
-- Up-to-date: /home/winner_bishal/ros2_delta_ws/install/delta_interfaces/include/delta_interfaces/delta_interfaces
-- Up-to-date: /home/winner_bishal/ros2_delta_ws/install/delta_interfaces/include/delta_interfaces/delta_interfaces/msg
-- Up-to-date: /home/winner_bishal/ros2_delta_ws/install/delta_interfaces/include/delta_interfaces/delta_interfaces/msg/detail
-- Installing: /home/winner_bishal/ros2_delta_ws/install/delta_interfaces/include/delta_interfaces/delta_interfaces/msg/detail/detection__type_support.cpp
-- Installing: /home/winner_bishal/ros2_delta_ws/install/delta_interfaces/include/delta_interfaces/delta_interfaces/msg/detail/detection__rosidl_typesupport_introspection_cpp.hpp
-- Installing: /home/winner_bishal/ros2_delta_ws/install/delta_interfaces/lib/libdelta_interfaces__rosidl_typesupport_introspection_cpp.so
-- Set runtime path of "/home/winner_bishal/ros2_delta_ws/install/delta_interfaces/lib/libdelta_interfaces__rosidl_typesupport_introspection_cpp.so" to ""
-- Installing: /home/winner_bishal/ros2_delta_ws/install/delta_interfaces/lib/libdelta_interfaces__rosidl_typesupport_cpp.so
-- Set runtime path of "/home/winner_bishal/ros2_delta_ws/install/delta_interfaces/lib/libdelta_interfaces__rosidl_typesupport_cpp.so" to ""
-- Installing: /home/winner_bishal/ros2_delta_ws/install/delta_interfaces/share/delta_interfaces/environment/pythonpath.sh
-- Installing: /home/winner_bishal/ros2_delta_ws/install/delta_interfaces/share/delta_interfaces/environment/pythonpath.dsv
-- Installing: /home/winner_bishal/ros2_delta_ws/install/delta_interfaces/local/lib/python3.10/dist-packages/delta_interfaces-0.0.0-py3.10.egg-info
-- Installing: /home/winner_bishal/ros2_delta_ws/install/delta_interfaces/local/lib/python3.10/dist-packages/delta_interfaces-0.0.0-py3.10.egg-info/SOURCES.txt
-- Installing: /home/winner_bishal/ros2_delta_ws/install/delta_interfaces/local/lib/python3.10/dist-packages/delta_interfaces-0.0.0-py3.10.egg-info/top_level.txt
-- Installing: /home/winner_bishal/ros2_delta_ws/install/delta_interfaces/local/lib/python3.10/dist-packages/delta_interfaces-0.0.0-py3.10.egg-info/PKG-INFO
-- Installing: /home/winner_bishal/ros2_delta_ws/install/delta_interfaces/local/lib/python3.10/dist-packages/delta_interfaces-0.0.0-py3.10.egg-info/dependency_links.txt
-- Installing: /home/winner_bishal/ros2_delta_ws/install/delta_interfaces/local/lib/python3.10/dist-packages/delta_interfaces
-- Installing: /home/winner_bishal/ros2_delta_ws/install/delta_interfaces/local/lib/python3.10/dist-packages/delta_interfaces/delta_interfaces_s__rosidl_typesupport_c.cpython-310-x86_64-linux-gnu.so
-- Installing: /home/winner_bishal/ros2_delta_ws/install/delta_interfaces/local/lib/python3.10/dist-packages/delta_interfaces/msg
-- Installing: /home/winner_bishal/ros2_delta_ws/install/delta_interfaces/local/lib/python3.10/dist-packages/delta_interfaces/msg/_detection.py
-- Installing: /home/winner_bishal/ros2_delta_ws/install/delta_interfaces/local/lib/python3.10/dist-packages/delta_interfaces/msg/_detection_s.c
-- Installing: /home/winner_bishal/ros2_delta_ws/install/delta_interfaces/local/lib/python3.10/dist-packages/delta_interfaces/msg/__init__.py
-- Installing: /home/winner_bishal/ros2_delta_ws/install/delta_interfaces/local/lib/python3.10/dist-packages/delta_interfaces/_delta_interfaces_s.ep.rosidl_typesupport_c.c
-- Installing: /home/winner_bishal/ros2_delta_ws/install/delta_interfaces/local/lib/python3.10/dist-packages/delta_interfaces/_delta_interfaces_s.ep.rosidl_typesupport_fastrtps_c.c
-- Installing: /home/winner_bishal/ros2_delta_ws/install/delta_interfaces/local/lib/python3.10/dist-packages/delta_interfaces/libdelta_interfaces__rosidl_generator_py.so
-- Installing: /home/winner_bishal/ros2_delta_ws/install/delta_interfaces/local/lib/python3.10/dist-packages/delta_interfaces/delta_interfaces_s__rosidl_typesupport_introspection_c.cpython-310-x86_64-linux-gnu.so
-- Installing: /home/winner_bishal/ros2_delta_ws/install/delta_interfaces/local/lib/python3.10/dist-packages/delta_interfaces/delta_interfaces_s__rosidl_typesupport_fastrtps_c.cpython-310-x86_64-linux-gnu.so
-- Installing: /home/winner_bishal/ros2_delta_ws/install/delta_interfaces/local/lib/python3.10/dist-packages/delta_interfaces/_delta_interfaces_s.ep.rosidl_typesupport_introspection_c.c
-- Installing: /home/winner_bishal/ros2_delta_ws/install/delta_interfaces/local/lib/python3.10/dist-packages/delta_interfaces/__init__.py
Listing '/home/winner_bishal/ros2_delta_ws/install/delta_interfaces/local/lib/python3.10/dist-packages/delta_interfaces'...
Compiling '/home/winner_bishal/ros2_delta_ws/install/delta_interfaces/local/lib/python3.10/dist-packages/delta_interfaces/__init__.py'...
Listing '/home/winner_bishal/ros2_delta_ws/install/delta_interfaces/local/lib/python3.10/dist-packages/delta_interfaces/msg'...
Compiling '/home/winner_bishal/ros2_delta_ws/install/delta_interfaces/local/lib/python3.10/dist-packages/delta_interfaces/msg/__init__.py'...
Compiling '/home/winner_bishal/ros2_delta_ws/install/delta_interfaces/local/lib/python3.10/dist-packages/delta_interfaces/msg/_detection.py'...
-- Installing: /home/winner_bishal/ros2_delta_ws/install/delta_interfaces/local/lib/python3.10/dist-packages/delta_interfaces/delta_interfaces_s__rosidl_typesupport_fastrtps_c.cpython-310-x86_64-linux-gnu.so
-- Set runtime path of "/home/winner_bishal/ros2_delta_ws/install/delta_interfaces/local/lib/python3.10/dist-packages/delta_interfaces/delta_interfaces_s__rosidl_typesupport_fastrtps_c.cpython-310-x86_64-linux-gnu.so" to ""
-- Installing: /home/winner_bishal/ros2_delta_ws/install/delta_interfaces/local/lib/python3.10/dist-packages/delta_interfaces/delta_interfaces_s__rosidl_typesupport_introspection_c.cpython-310-x86_64-linux-gnu.so
-- Set runtime path of "/home/winner_bishal/ros2_delta_ws/install/delta_interfaces/local/lib/python3.10/dist-packages/delta_interfaces/delta_interfaces_s__rosidl_typesupport_introspection_c.cpython-310-x86_64-linux-gnu.so" to ""
-- Installing: /home/winner_bishal/ros2_delta_ws/install/delta_interfaces/local/lib/python3.10/dist-packages/delta_interfaces/delta_interfaces_s__rosidl_typesupport_c.cpython-310-x86_64-linux-gnu.so
-- Set runtime path of "/home/winner_bishal/ros2_delta_ws/install/delta_interfaces/local/lib/python3.10/dist-packages/delta_interfaces/delta_interfaces_s__rosidl_typesupport_c.cpython-310-x86_64-linux-gnu.so" to ""
-- Installing: /home/winner_bishal/ros2_delta_ws/install/delta_interfaces/lib/libdelta_interfaces__rosidl_generator_py.so
-- Set runtime path of "/home/winner_bishal/ros2_delta_ws/install/delta_interfaces/lib/libdelta_interfaces__rosidl_generator_py.so" to ""
-- Installing: /home/winner_bishal/ros2_delta_ws/install/delta_interfaces/share/delta_interfaces/msg/Detection.idl
-- Installing: /home/winner_bishal/ros2_delta_ws/install/delta_interfaces/share/delta_interfaces/msg/Detection.msg
-- Installing: /home/winner_bishal/ros2_delta_ws/install/delta_interfaces/share/ament_index/resource_index/package_run_dependencies/delta_interfaces
-- Installing: /home/winner_bishal/ros2_delta_ws/install/delta_interfaces/share/ament_index/resource_index/parent_prefix_path/delta_interfaces
-- Installing: /home/winner_bishal/ros2_delta_ws/install/delta_interfaces/share/delta_interfaces/environment/ament_prefix_path.sh
-- Installing: /home/winner_bishal/ros2_delta_ws/install/delta_interfaces/share/delta_interfaces/environment/ament_prefix_path.dsv
-- Installing: /home/winner_bishal/ros2_delta_ws/install/delta_interfaces/share/delta_interfaces/environment/path.sh
-- Installing: /home/winner_bishal/ros2_delta_ws/install/delta_interfaces/share/delta_interfaces/environment/path.dsv
-- Installing: /home/winner_bishal/ros2_delta_ws/install/delta_interfaces/share/delta_interfaces/local_setup.bash
-- Installing: /home/winner_bishal/ros2_delta_ws/install/delta_interfaces/share/delta_interfaces/local_setup.sh
-- Installing: /home/winner_bishal/ros2_delta_ws/install/delta_interfaces/share/delta_interfaces/local_setup.zsh
-- Installing: /home/winner_bishal/ros2_delta_ws/install/delta_interfaces/share/delta_interfaces/local_setup.dsv
-- Installing: /home/winner_bishal/ros2_delta_ws/install/delta_interfaces/share/delta_interfaces/package.dsv
-- Installing: /home/winner_bishal/ros2_delta_ws/install/delta_interfaces/share/ament_index/resource_index/packages/delta_interfaces
-- Installing: /home/winner_bishal/ros2_delta_ws/install/delta_interfaces/share/delta_interfaces/cmake/export_delta_interfaces__rosidl_generator_cExport.cmake
-- Installing: /home/winner_bishal/ros2_delta_ws/install/delta_interfaces/share/delta_interfaces/cmake/export_delta_interfaces__rosidl_generator_cExport-noconfig.cmake
-- Installing: /home/winner_bishal/ros2_delta_ws/install/delta_interfaces/share/delta_interfaces/cmake/export_delta_interfaces__rosidl_typesupport_fastrtps_cExport.cmake
-- Installing: /home/winner_bishal/ros2_delta_ws/install/delta_interfaces/share/delta_interfaces/cmake/export_delta_interfaces__rosidl_typesupport_fastrtps_cExport-noconfig.cmake
-- Installing: /home/winner_bishal/ros2_delta_ws/install/delta_interfaces/share/delta_interfaces/cmake/delta_interfaces__rosidl_typesupport_introspection_cExport.cmake
-- Installing: /home/winner_bishal/ros2_delta_ws/install/delta_interfaces/share/delta_interfaces/cmake/delta_interfaces__rosidl_typesupport_introspection_cExport-noconfig.cmake
-- Installing: /home/winner_bishal/ros2_delta_ws/install/delta_interfaces/share/delta_interfaces/cmake/delta_interfaces__rosidl_typesupport_cExport.cmake
-- Installing: /home/winner_bishal/ros2_delta_ws/install/delta_interfaces/share/delta_interfaces/cmake/delta_interfaces__rosidl_typesupport_cExport-noconfig.cmake
-- Installing: /home/winner_bishal/ros2_delta_ws/install/delta_interfaces/share/delta_interfaces/cmake/export_delta_interfaces__rosidl_generator_cppExport.cmake
-- Installing: /home/winner_bishal/ros2_delta_ws/install/delta_interfaces/share/delta_interfaces/cmake/export_delta_interfaces__rosidl_typesupport_fastrtps_cppExport.cmake
-- Installing: /home/winner_bishal/ros2_delta_ws/install/delta_interfaces/share/delta_interfaces/cmake/export_delta_interfaces__rosidl_typesupport_fastrtps_cppExport-noconfig.cmake
-- Installing: /home/winner_bishal/ros2_delta_ws/install/delta_interfaces/share/delta_interfaces/cmake/delta_interfaces__rosidl_typesupport_introspection_cppExport.cmake
-- Installing: /home/winner_bishal/ros2_delta_ws/install/delta_interfaces/share/delta_interfaces/cmake/delta_interfaces__rosidl_typesupport_introspection_cppExport-noconfig.cmake
-- Installing: /home/winner_bishal/ros2_delta_ws/install/delta_interfaces/share/delta_interfaces/cmake/delta_interfaces__rosidl_typesupport_cppExport.cmake
-- Installing: /home/winner_bishal/ros2_delta_ws/install/delta_interfaces/share/delta_interfaces/cmake/delta_interfaces__rosidl_typesupport_cppExport-noconfig.cmake
-- Installing: /home/winner_bishal/ros2_delta_ws/install/delta_interfaces/share/delta_interfaces/cmake/export_delta_interfaces__rosidl_generator_pyExport.cmake
-- Installing: /home/winner_bishal/ros2_delta_ws/install/delta_interfaces/share/delta_interfaces/cmake/export_delta_interfaces__rosidl_generator_pyExport-noconfig.cmake
-- Installing: /home/winner_bishal/ros2_delta_ws/install/delta_interfaces/share/delta_interfaces/cmake/rosidl_cmake-extras.cmake
-- Installing: /home/winner_bishal/ros2_delta_ws/install/delta_interfaces/share/delta_interfaces/cmake/ament_cmake_export_include_directories-extras.cmake
-- Installing: /home/winner_bishal/ros2_delta_ws/install/delta_interfaces/share/delta_interfaces/cmake/ament_cmake_export_libraries-extras.cmake
-- Installing: /home/winner_bishal/ros2_delta_ws/install/delta_interfaces/share/delta_interfaces/cmake/ament_cmake_export_targets-extras.cmake
-- Installing: /home/winner_bishal/ros2_delta_ws/install/delta_interfaces/share/delta_interfaces/cmake/rosidl_cmake_export_typesupport_targets-extras.cmake
-- Installing: /home/winner_bishal/ros2_delta_ws/install/delta_interfaces/share/delta_interfaces/cmake/ament_cmake_export_dependencies-extras.cmake
-- Installing: /home/winner_bishal/ros2_delta_ws/install/delta_interfaces/share/delta_interfaces/cmake/rosidl_cmake_export_typesupport_libraries-extras.cmake
-- Installing: /home/winner_bishal/ros2_delta_ws/install/delta_interfaces/share/delta_interfaces/cmake/delta_interfacesConfig.cmake
-- Installing: /home/winner_bishal/ros2_delta_ws/install/delta_interfaces/share/delta_interfaces/cmake/delta_interfacesConfig-version.cmake
-- Installing: /home/winner_bishal/ros2_delta_ws/install/delta_interfaces/share/delta_interfaces/package.xml
