[0.067s] Invoking command in '/home/winner_bishal/ros2_delta_ws/build/delta_interfaces': CMAKE_PREFIX_PATH=/home/winner_bishal/ros2_delta_ws/install/delta_vision:/opt/ros/humble /usr/bin/cmake /home/winner_bishal/ros2_delta_ws/src/delta_interfaces -DCMAKE_INSTALL_PREFIX=/home/winner_bishal/ros2_delta_ws/install/delta_interfaces
[0.077s] -- Found ament_cmake: 1.3.8 (/opt/ros/humble/share/ament_cmake/cmake)
[0.186s] -- Found rosidl_default_generators: 1.2.0 (/opt/ros/humble/share/rosidl_default_generators/cmake)
[0.188s] -- Using all available rosidl_typesupport_c: rosidl_typesupport_fastrtps_c;rosidl_typesupport_introspection_c
[0.190s] -- Found rosidl_adapter: 3.1.5 (/opt/ros/humble/share/rosidl_adapter/cmake)
[0.216s] -- Using all available rosidl_typesupport_cpp: rosidl_typesupport_fastrtps_cpp;rosidl_typesupport_introspection_cpp
[0.438s] -- Found ament_cmake_ros: 0.10.0 (/opt/ros/humble/share/ament_cmake_ros/cmake)
[0.593s] -- Using all available rosidl_typesupport_c: rosidl_typesupport_fastrtps_c;rosidl_typesupport_introspection_c
[0.786s] -- Using all available rosidl_typesupport_cpp: rosidl_typesupport_fastrtps_cpp;rosidl_typesupport_introspection_cpp
[0.805s] -- Found PythonInterp: /usr/bin/python3 (found suitable version "3.10.12", minimum required is "3.6") 
[0.807s] -- Found python_cmake_module: 0.10.0 (/opt/ros/humble/share/python_cmake_module/cmake)
[0.829s] -- Found PythonLibs: /usr/lib/x86_64-linux-gnu/libpython3.10.so (found suitable version "3.10.12", minimum required is "3.5") 
[0.829s] -- Using PYTHON_EXECUTABLE: /usr/bin/python3
[0.829s] -- Using PYTHON_INCLUDE_DIRS: /usr/include/python3.10
[0.829s] -- Using PYTHON_LIBRARIES: /usr/lib/x86_64-linux-gnu/libpython3.10.so
[0.848s] -- Found PythonExtra: .so  
[0.882s] -- Configuring done
[0.905s] -- Generating done
[0.907s] -- Build files have been written to: /home/winner_bishal/ros2_delta_ws/build/delta_interfaces
[0.912s] Invoked command in '/home/winner_bishal/ros2_delta_ws/build/delta_interfaces' returned '0': CMAKE_PREFIX_PATH=/home/winner_bishal/ros2_delta_ws/install/delta_vision:/opt/ros/humble /usr/bin/cmake /home/winner_bishal/ros2_delta_ws/src/delta_interfaces -DCMAKE_INSTALL_PREFIX=/home/winner_bishal/ros2_delta_ws/install/delta_interfaces
[0.913s] Invoking command in '/home/winner_bishal/ros2_delta_ws/build/delta_interfaces': CMAKE_PREFIX_PATH=/home/winner_bishal/ros2_delta_ws/install/delta_vision:/opt/ros/humble /usr/bin/cmake --build /home/winner_bishal/ros2_delta_ws/build/delta_interfaces -- -j12 -l12
[0.947s] [  3%] [34m[1mGenerating C code for ROS interfaces[0m
[0.957s] [  6%] [34m[1mGenerating C++ code for ROS interfaces[0m
[0.965s] [  6%] Built target ament_cmake_python_copy_delta_interfaces
[1.165s] [  6%] Built target delta_interfaces__cpp
[1.176s] [ 19%] [34m[1mGenerating C++ introspection for ROS interfaces[0m
[1.176s] [ 19%] [34m[1mGenerating C++ type support for eProsima Fast-RTPS[0m
[1.176s] [ 19%] [32mBuilding C object CMakeFiles/delta_interfaces__rosidl_generator_c.dir/rosidl_generator_c/delta_interfaces/msg/detail/detection__functions.c.o[0m
[1.176s] [ 19%] [34m[1mGenerating C++ type support dispatch for ROS interfaces[0m
[1.213s] running egg_info
[1.213s] creating delta_interfaces.egg-info
[1.213s] writing delta_interfaces.egg-info/PKG-INFO
[1.213s] writing dependency_links to delta_interfaces.egg-info/dependency_links.txt
[1.214s] writing top-level names to delta_interfaces.egg-info/top_level.txt
[1.214s] writing manifest file 'delta_interfaces.egg-info/SOURCES.txt'
[1.216s] reading manifest file 'delta_interfaces.egg-info/SOURCES.txt'
[1.217s] writing manifest file 'delta_interfaces.egg-info/SOURCES.txt'
[1.232s] [ 22%] [32m[1mLinking C shared library libdelta_interfaces__rosidl_generator_c.so[0m
[1.247s] [ 22%] Built target ament_cmake_python_build_delta_interfaces_egg
[1.267s] [ 22%] Built target delta_interfaces__rosidl_generator_c
[1.277s] [ 32%] [34m[1mGenerating C type support for eProsima Fast-RTPS[0m
[1.277s] [ 32%] [34m[1mGenerating C introspection for ROS interfaces[0m
[1.278s] [ 32%] [34m[1mGenerating C type support dispatch for ROS interfaces[0m
[1.378s] [ 35%] [32mBuilding CXX object CMakeFiles/delta_interfaces__rosidl_typesupport_cpp.dir/rosidl_typesupport_cpp/delta_interfaces/msg/detection__type_support.cpp.o[0m
[1.394s] [ 38%] [32mBuilding CXX object CMakeFiles/delta_interfaces__rosidl_typesupport_introspection_cpp.dir/rosidl_typesupport_introspection_cpp/delta_interfaces/msg/detail/detection__type_support.cpp.o[0m
[1.405s] [ 41%] [32mBuilding CXX object CMakeFiles/delta_interfaces__rosidl_typesupport_fastrtps_cpp.dir/rosidl_typesupport_fastrtps_cpp/delta_interfaces/msg/detail/dds_fastrtps/detection__type_support.cpp.o[0m
[1.503s] [ 45%] [32mBuilding C object CMakeFiles/delta_interfaces__rosidl_typesupport_introspection_c.dir/rosidl_typesupport_introspection_c/delta_interfaces/msg/detail/detection__type_support.c.o[0m
[1.507s] [ 51%] [32mBuilding CXX object CMakeFiles/delta_interfaces__rosidl_typesupport_c.dir/rosidl_typesupport_c/delta_interfaces/msg/detection__type_support.cpp.o[0m
[1.507s] [ 51%] [32mBuilding CXX object CMakeFiles/delta_interfaces__rosidl_typesupport_fastrtps_c.dir/rosidl_typesupport_fastrtps_c/delta_interfaces/msg/detail/detection__type_support_c.cpp.o[0m
[1.536s] [ 54%] [32m[1mLinking C shared library libdelta_interfaces__rosidl_typesupport_introspection_c.so[0m
[1.537s] [ 58%] [32m[1mLinking CXX shared library libdelta_interfaces__rosidl_typesupport_c.so[0m
[1.568s] [ 58%] Built target delta_interfaces__rosidl_typesupport_introspection_c
[1.578s] [ 58%] Built target delta_interfaces__rosidl_typesupport_c
[1.643s] [ 61%] [32m[1mLinking CXX shared library libdelta_interfaces__rosidl_typesupport_cpp.so[0m
[1.684s] [ 61%] Built target delta_interfaces__rosidl_typesupport_cpp
[1.759s] [ 67%] [32m[1mLinking CXX shared library libdelta_interfaces__rosidl_typesupport_introspection_cpp.so[0m
[1.759s] [ 67%] [32m[1mLinking CXX shared library libdelta_interfaces__rosidl_typesupport_fastrtps_cpp.so[0m
[1.816s] [ 70%] [32m[1mLinking CXX shared library libdelta_interfaces__rosidl_typesupport_fastrtps_c.so[0m
[1.821s] [ 70%] Built target delta_interfaces__rosidl_typesupport_introspection_cpp
[1.832s] [ 70%] Built target delta_interfaces__rosidl_typesupport_fastrtps_cpp
[1.877s] [ 70%] Built target delta_interfaces__rosidl_typesupport_fastrtps_c
[1.894s] [ 70%] Built target delta_interfaces
[1.911s] [ 74%] [34m[1mGenerating Python code for ROS interfaces[0m
[2.166s] [ 74%] Built target delta_interfaces__py
[2.183s] [ 77%] [32mBuilding C object CMakeFiles/delta_interfaces__rosidl_generator_py.dir/rosidl_generator_py/delta_interfaces/msg/_detection_s.c.o[0m
[2.283s] [ 80%] [32m[1mLinking C shared library rosidl_generator_py/delta_interfaces/libdelta_interfaces__rosidl_generator_py.so[0m
[2.316s] [ 80%] Built target delta_interfaces__rosidl_generator_py
[2.336s] [ 90%] [32mBuilding C object CMakeFiles/delta_interfaces__rosidl_typesupport_c__pyext.dir/rosidl_generator_py/delta_interfaces/_delta_interfaces_s.ep.rosidl_typesupport_c.c.o[0m
[2.336s] [ 90%] [32mBuilding C object CMakeFiles/delta_interfaces__rosidl_typesupport_fastrtps_c__pyext.dir/rosidl_generator_py/delta_interfaces/_delta_interfaces_s.ep.rosidl_typesupport_fastrtps_c.c.o[0m
[2.336s] [ 90%] [32mBuilding C object CMakeFiles/delta_interfaces__rosidl_typesupport_introspection_c__pyext.dir/rosidl_generator_py/delta_interfaces/_delta_interfaces_s.ep.rosidl_typesupport_introspection_c.c.o[0m
[2.415s] [ 93%] [32m[1mLinking C shared library rosidl_generator_py/delta_interfaces/delta_interfaces_s__rosidl_typesupport_c.cpython-310-x86_64-linux-gnu.so[0m
[2.416s] [ 96%] [32m[1mLinking C shared library rosidl_generator_py/delta_interfaces/delta_interfaces_s__rosidl_typesupport_introspection_c.cpython-310-x86_64-linux-gnu.so[0m
[2.421s] [100%] [32m[1mLinking C shared library rosidl_generator_py/delta_interfaces/delta_interfaces_s__rosidl_typesupport_fastrtps_c.cpython-310-x86_64-linux-gnu.so[0m
[2.446s] [100%] Built target delta_interfaces__rosidl_typesupport_introspection_c__pyext
[2.446s] [100%] Built target delta_interfaces__rosidl_typesupport_c__pyext
[2.454s] [100%] Built target delta_interfaces__rosidl_typesupport_fastrtps_c__pyext
[2.465s] Invoked command in '/home/winner_bishal/ros2_delta_ws/build/delta_interfaces' returned '0': CMAKE_PREFIX_PATH=/home/winner_bishal/ros2_delta_ws/install/delta_vision:/opt/ros/humble /usr/bin/cmake --build /home/winner_bishal/ros2_delta_ws/build/delta_interfaces -- -j12 -l12
[2.530s] Invoking command in '/home/winner_bishal/ros2_delta_ws/build/delta_interfaces': CMAKE_PREFIX_PATH=/home/winner_bishal/ros2_delta_ws/install/delta_vision:/opt/ros/humble /usr/bin/cmake --install /home/winner_bishal/ros2_delta_ws/build/delta_interfaces
[2.541s] -- Install configuration: ""
[2.541s] -- Installing: /home/winner_bishal/ros2_delta_ws/install/delta_interfaces/share/ament_index/resource_index/rosidl_interfaces/delta_interfaces
[2.541s] -- Installing: /home/winner_bishal/ros2_delta_ws/install/delta_interfaces/include/delta_interfaces/delta_interfaces
[2.542s] -- Installing: /home/winner_bishal/ros2_delta_ws/install/delta_interfaces/include/delta_interfaces/delta_interfaces/msg
[2.542s] -- Installing: /home/winner_bishal/ros2_delta_ws/install/delta_interfaces/include/delta_interfaces/delta_interfaces/msg/rosidl_generator_c__visibility_control.h
[2.542s] -- Installing: /home/winner_bishal/ros2_delta_ws/install/delta_interfaces/include/delta_interfaces/delta_interfaces/msg/detail
[2.542s] -- Installing: /home/winner_bishal/ros2_delta_ws/install/delta_interfaces/include/delta_interfaces/delta_interfaces/msg/detail/detection__struct.h
[2.543s] -- Installing: /home/winner_bishal/ros2_delta_ws/install/delta_interfaces/include/delta_interfaces/delta_interfaces/msg/detail/detection__functions.h
[2.543s] -- Installing: /home/winner_bishal/ros2_delta_ws/install/delta_interfaces/include/delta_interfaces/delta_interfaces/msg/detail/detection__functions.c
[2.543s] -- Installing: /home/winner_bishal/ros2_delta_ws/install/delta_interfaces/include/delta_interfaces/delta_interfaces/msg/detail/detection__type_support.h
[2.543s] -- Installing: /home/winner_bishal/ros2_delta_ws/install/delta_interfaces/include/delta_interfaces/delta_interfaces/msg/detection.h
[2.543s] -- Installing: /home/winner_bishal/ros2_delta_ws/install/delta_interfaces/share/delta_interfaces/environment/library_path.sh
[2.544s] -- Installing: /home/winner_bishal/ros2_delta_ws/install/delta_interfaces/share/delta_interfaces/environment/library_path.dsv
[2.544s] -- Installing: /home/winner_bishal/ros2_delta_ws/install/delta_interfaces/lib/libdelta_interfaces__rosidl_generator_c.so
[2.545s] -- Set runtime path of "/home/winner_bishal/ros2_delta_ws/install/delta_interfaces/lib/libdelta_interfaces__rosidl_generator_c.so" to ""
[2.545s] -- Up-to-date: /home/winner_bishal/ros2_delta_ws/install/delta_interfaces/include/delta_interfaces/delta_interfaces
[2.545s] -- Up-to-date: /home/winner_bishal/ros2_delta_ws/install/delta_interfaces/include/delta_interfaces/delta_interfaces/msg
[2.545s] -- Up-to-date: /home/winner_bishal/ros2_delta_ws/install/delta_interfaces/include/delta_interfaces/delta_interfaces/msg/detail
[2.545s] -- Installing: /home/winner_bishal/ros2_delta_ws/install/delta_interfaces/include/delta_interfaces/delta_interfaces/msg/detail/detection__rosidl_typesupport_fastrtps_c.h
[2.546s] -- Installing: /home/winner_bishal/ros2_delta_ws/install/delta_interfaces/include/delta_interfaces/delta_interfaces/msg/rosidl_typesupport_fastrtps_c__visibility_control.h
[2.546s] -- Installing: /home/winner_bishal/ros2_delta_ws/install/delta_interfaces/lib/libdelta_interfaces__rosidl_typesupport_fastrtps_c.so
[2.546s] -- Set runtime path of "/home/winner_bishal/ros2_delta_ws/install/delta_interfaces/lib/libdelta_interfaces__rosidl_typesupport_fastrtps_c.so" to ""
[2.546s] -- Up-to-date: /home/winner_bishal/ros2_delta_ws/install/delta_interfaces/include/delta_interfaces/delta_interfaces
[2.547s] -- Up-to-date: /home/winner_bishal/ros2_delta_ws/install/delta_interfaces/include/delta_interfaces/delta_interfaces/msg
[2.547s] -- Up-to-date: /home/winner_bishal/ros2_delta_ws/install/delta_interfaces/include/delta_interfaces/delta_interfaces/msg/detail
[2.547s] -- Installing: /home/winner_bishal/ros2_delta_ws/install/delta_interfaces/include/delta_interfaces/delta_interfaces/msg/detail/detection__rosidl_typesupport_introspection_c.h
[2.547s] -- Installing: /home/winner_bishal/ros2_delta_ws/install/delta_interfaces/include/delta_interfaces/delta_interfaces/msg/detail/detection__type_support.c
[2.547s] -- Installing: /home/winner_bishal/ros2_delta_ws/install/delta_interfaces/include/delta_interfaces/delta_interfaces/msg/rosidl_typesupport_introspection_c__visibility_control.h
[2.548s] -- Installing: /home/winner_bishal/ros2_delta_ws/install/delta_interfaces/lib/libdelta_interfaces__rosidl_typesupport_introspection_c.so
[2.548s] -- Set runtime path of "/home/winner_bishal/ros2_delta_ws/install/delta_interfaces/lib/libdelta_interfaces__rosidl_typesupport_introspection_c.so" to ""
[2.548s] -- Installing: /home/winner_bishal/ros2_delta_ws/install/delta_interfaces/lib/libdelta_interfaces__rosidl_typesupport_c.so
[2.548s] -- Set runtime path of "/home/winner_bishal/ros2_delta_ws/install/delta_interfaces/lib/libdelta_interfaces__rosidl_typesupport_c.so" to ""
[2.549s] -- Up-to-date: /home/winner_bishal/ros2_delta_ws/install/delta_interfaces/include/delta_interfaces/delta_interfaces
[2.549s] -- Up-to-date: /home/winner_bishal/ros2_delta_ws/install/delta_interfaces/include/delta_interfaces/delta_interfaces/msg
[2.549s] -- Up-to-date: /home/winner_bishal/ros2_delta_ws/install/delta_interfaces/include/delta_interfaces/delta_interfaces/msg/detail
[2.549s] -- Installing: /home/winner_bishal/ros2_delta_ws/install/delta_interfaces/include/delta_interfaces/delta_interfaces/msg/detail/detection__builder.hpp
[2.550s] -- Installing: /home/winner_bishal/ros2_delta_ws/install/delta_interfaces/include/delta_interfaces/delta_interfaces/msg/detail/detection__struct.hpp
[2.550s] -- Installing: /home/winner_bishal/ros2_delta_ws/install/delta_interfaces/include/delta_interfaces/delta_interfaces/msg/detail/detection__traits.hpp
[2.550s] -- Installing: /home/winner_bishal/ros2_delta_ws/install/delta_interfaces/include/delta_interfaces/delta_interfaces/msg/detection.hpp
[2.550s] -- Up-to-date: /home/winner_bishal/ros2_delta_ws/install/delta_interfaces/include/delta_interfaces/delta_interfaces
[2.550s] -- Up-to-date: /home/winner_bishal/ros2_delta_ws/install/delta_interfaces/include/delta_interfaces/delta_interfaces/msg
[2.551s] -- Up-to-date: /home/winner_bishal/ros2_delta_ws/install/delta_interfaces/include/delta_interfaces/delta_interfaces/msg/detail
[2.551s] -- Installing: /home/winner_bishal/ros2_delta_ws/install/delta_interfaces/include/delta_interfaces/delta_interfaces/msg/detail/detection__rosidl_typesupport_fastrtps_cpp.hpp
[2.551s] -- Installing: /home/winner_bishal/ros2_delta_ws/install/delta_interfaces/include/delta_interfaces/delta_interfaces/msg/detail/dds_fastrtps
[2.551s] -- Installing: /home/winner_bishal/ros2_delta_ws/install/delta_interfaces/include/delta_interfaces/delta_interfaces/msg/rosidl_typesupport_fastrtps_cpp__visibility_control.h
[2.552s] -- Installing: /home/winner_bishal/ros2_delta_ws/install/delta_interfaces/lib/libdelta_interfaces__rosidl_typesupport_fastrtps_cpp.so
[2.552s] -- Set runtime path of "/home/winner_bishal/ros2_delta_ws/install/delta_interfaces/lib/libdelta_interfaces__rosidl_typesupport_fastrtps_cpp.so" to ""
[2.552s] -- Up-to-date: /home/winner_bishal/ros2_delta_ws/install/delta_interfaces/include/delta_interfaces/delta_interfaces
[2.552s] -- Up-to-date: /home/winner_bishal/ros2_delta_ws/install/delta_interfaces/include/delta_interfaces/delta_interfaces/msg
[2.552s] -- Up-to-date: /home/winner_bishal/ros2_delta_ws/install/delta_interfaces/include/delta_interfaces/delta_interfaces/msg/detail
[2.553s] -- Installing: /home/winner_bishal/ros2_delta_ws/install/delta_interfaces/include/delta_interfaces/delta_interfaces/msg/detail/detection__type_support.cpp
[2.553s] -- Installing: /home/winner_bishal/ros2_delta_ws/install/delta_interfaces/include/delta_interfaces/delta_interfaces/msg/detail/detection__rosidl_typesupport_introspection_cpp.hpp
[2.553s] -- Installing: /home/winner_bishal/ros2_delta_ws/install/delta_interfaces/lib/libdelta_interfaces__rosidl_typesupport_introspection_cpp.so
[2.553s] -- Set runtime path of "/home/winner_bishal/ros2_delta_ws/install/delta_interfaces/lib/libdelta_interfaces__rosidl_typesupport_introspection_cpp.so" to ""
[2.553s] -- Installing: /home/winner_bishal/ros2_delta_ws/install/delta_interfaces/lib/libdelta_interfaces__rosidl_typesupport_cpp.so
[2.554s] -- Set runtime path of "/home/winner_bishal/ros2_delta_ws/install/delta_interfaces/lib/libdelta_interfaces__rosidl_typesupport_cpp.so" to ""
[2.554s] -- Installing: /home/winner_bishal/ros2_delta_ws/install/delta_interfaces/share/delta_interfaces/environment/pythonpath.sh
[2.554s] -- Installing: /home/winner_bishal/ros2_delta_ws/install/delta_interfaces/share/delta_interfaces/environment/pythonpath.dsv
[2.554s] -- Installing: /home/winner_bishal/ros2_delta_ws/install/delta_interfaces/local/lib/python3.10/dist-packages/delta_interfaces-0.0.0-py3.10.egg-info
[2.554s] -- Installing: /home/winner_bishal/ros2_delta_ws/install/delta_interfaces/local/lib/python3.10/dist-packages/delta_interfaces-0.0.0-py3.10.egg-info/SOURCES.txt
[2.555s] -- Installing: /home/winner_bishal/ros2_delta_ws/install/delta_interfaces/local/lib/python3.10/dist-packages/delta_interfaces-0.0.0-py3.10.egg-info/top_level.txt
[2.555s] -- Installing: /home/winner_bishal/ros2_delta_ws/install/delta_interfaces/local/lib/python3.10/dist-packages/delta_interfaces-0.0.0-py3.10.egg-info/PKG-INFO
[2.555s] -- Installing: /home/winner_bishal/ros2_delta_ws/install/delta_interfaces/local/lib/python3.10/dist-packages/delta_interfaces-0.0.0-py3.10.egg-info/dependency_links.txt
[2.555s] -- Installing: /home/winner_bishal/ros2_delta_ws/install/delta_interfaces/local/lib/python3.10/dist-packages/delta_interfaces
[2.556s] -- Installing: /home/winner_bishal/ros2_delta_ws/install/delta_interfaces/local/lib/python3.10/dist-packages/delta_interfaces/delta_interfaces_s__rosidl_typesupport_c.cpython-310-x86_64-linux-gnu.so
[2.556s] -- Installing: /home/winner_bishal/ros2_delta_ws/install/delta_interfaces/local/lib/python3.10/dist-packages/delta_interfaces/msg
[2.556s] -- Installing: /home/winner_bishal/ros2_delta_ws/install/delta_interfaces/local/lib/python3.10/dist-packages/delta_interfaces/msg/_detection.py
[2.556s] -- Installing: /home/winner_bishal/ros2_delta_ws/install/delta_interfaces/local/lib/python3.10/dist-packages/delta_interfaces/msg/_detection_s.c
[2.556s] -- Installing: /home/winner_bishal/ros2_delta_ws/install/delta_interfaces/local/lib/python3.10/dist-packages/delta_interfaces/msg/__init__.py
[2.557s] -- Installing: /home/winner_bishal/ros2_delta_ws/install/delta_interfaces/local/lib/python3.10/dist-packages/delta_interfaces/_delta_interfaces_s.ep.rosidl_typesupport_c.c
[2.557s] -- Installing: /home/winner_bishal/ros2_delta_ws/install/delta_interfaces/local/lib/python3.10/dist-packages/delta_interfaces/_delta_interfaces_s.ep.rosidl_typesupport_fastrtps_c.c
[2.557s] -- Installing: /home/winner_bishal/ros2_delta_ws/install/delta_interfaces/local/lib/python3.10/dist-packages/delta_interfaces/libdelta_interfaces__rosidl_generator_py.so
[2.557s] -- Installing: /home/winner_bishal/ros2_delta_ws/install/delta_interfaces/local/lib/python3.10/dist-packages/delta_interfaces/delta_interfaces_s__rosidl_typesupport_introspection_c.cpython-310-x86_64-linux-gnu.so
[2.557s] -- Installing: /home/winner_bishal/ros2_delta_ws/install/delta_interfaces/local/lib/python3.10/dist-packages/delta_interfaces/delta_interfaces_s__rosidl_typesupport_fastrtps_c.cpython-310-x86_64-linux-gnu.so
[2.557s] -- Installing: /home/winner_bishal/ros2_delta_ws/install/delta_interfaces/local/lib/python3.10/dist-packages/delta_interfaces/_delta_interfaces_s.ep.rosidl_typesupport_introspection_c.c
[2.558s] -- Installing: /home/winner_bishal/ros2_delta_ws/install/delta_interfaces/local/lib/python3.10/dist-packages/delta_interfaces/__init__.py
[2.602s] Listing '/home/winner_bishal/ros2_delta_ws/install/delta_interfaces/local/lib/python3.10/dist-packages/delta_interfaces'...
[2.602s] Compiling '/home/winner_bishal/ros2_delta_ws/install/delta_interfaces/local/lib/python3.10/dist-packages/delta_interfaces/__init__.py'...
[2.602s] Listing '/home/winner_bishal/ros2_delta_ws/install/delta_interfaces/local/lib/python3.10/dist-packages/delta_interfaces/msg'...
[2.602s] Compiling '/home/winner_bishal/ros2_delta_ws/install/delta_interfaces/local/lib/python3.10/dist-packages/delta_interfaces/msg/__init__.py'...
[2.602s] Compiling '/home/winner_bishal/ros2_delta_ws/install/delta_interfaces/local/lib/python3.10/dist-packages/delta_interfaces/msg/_detection.py'...
[2.606s] -- Installing: /home/winner_bishal/ros2_delta_ws/install/delta_interfaces/local/lib/python3.10/dist-packages/delta_interfaces/delta_interfaces_s__rosidl_typesupport_fastrtps_c.cpython-310-x86_64-linux-gnu.so
[2.606s] -- Set runtime path of "/home/winner_bishal/ros2_delta_ws/install/delta_interfaces/local/lib/python3.10/dist-packages/delta_interfaces/delta_interfaces_s__rosidl_typesupport_fastrtps_c.cpython-310-x86_64-linux-gnu.so" to ""
[2.607s] -- Installing: /home/winner_bishal/ros2_delta_ws/install/delta_interfaces/local/lib/python3.10/dist-packages/delta_interfaces/delta_interfaces_s__rosidl_typesupport_introspection_c.cpython-310-x86_64-linux-gnu.so
[2.607s] -- Set runtime path of "/home/winner_bishal/ros2_delta_ws/install/delta_interfaces/local/lib/python3.10/dist-packages/delta_interfaces/delta_interfaces_s__rosidl_typesupport_introspection_c.cpython-310-x86_64-linux-gnu.so" to ""
[2.607s] -- Installing: /home/winner_bishal/ros2_delta_ws/install/delta_interfaces/local/lib/python3.10/dist-packages/delta_interfaces/delta_interfaces_s__rosidl_typesupport_c.cpython-310-x86_64-linux-gnu.so
[2.608s] -- Set runtime path of "/home/winner_bishal/ros2_delta_ws/install/delta_interfaces/local/lib/python3.10/dist-packages/delta_interfaces/delta_interfaces_s__rosidl_typesupport_c.cpython-310-x86_64-linux-gnu.so" to ""
[2.608s] -- Installing: /home/winner_bishal/ros2_delta_ws/install/delta_interfaces/lib/libdelta_interfaces__rosidl_generator_py.so
[2.608s] -- Set runtime path of "/home/winner_bishal/ros2_delta_ws/install/delta_interfaces/lib/libdelta_interfaces__rosidl_generator_py.so" to ""
[2.608s] -- Installing: /home/winner_bishal/ros2_delta_ws/install/delta_interfaces/share/delta_interfaces/msg/Detection.idl
[2.609s] -- Installing: /home/winner_bishal/ros2_delta_ws/install/delta_interfaces/share/delta_interfaces/msg/Detection.msg
[2.609s] -- Installing: /home/winner_bishal/ros2_delta_ws/install/delta_interfaces/share/ament_index/resource_index/package_run_dependencies/delta_interfaces
[2.609s] -- Installing: /home/winner_bishal/ros2_delta_ws/install/delta_interfaces/share/ament_index/resource_index/parent_prefix_path/delta_interfaces
[2.609s] -- Installing: /home/winner_bishal/ros2_delta_ws/install/delta_interfaces/share/delta_interfaces/environment/ament_prefix_path.sh
[2.609s] -- Installing: /home/winner_bishal/ros2_delta_ws/install/delta_interfaces/share/delta_interfaces/environment/ament_prefix_path.dsv
[2.609s] -- Installing: /home/winner_bishal/ros2_delta_ws/install/delta_interfaces/share/delta_interfaces/environment/path.sh
[2.610s] -- Installing: /home/winner_bishal/ros2_delta_ws/install/delta_interfaces/share/delta_interfaces/environment/path.dsv
[2.610s] -- Installing: /home/winner_bishal/ros2_delta_ws/install/delta_interfaces/share/delta_interfaces/local_setup.bash
[2.610s] -- Installing: /home/winner_bishal/ros2_delta_ws/install/delta_interfaces/share/delta_interfaces/local_setup.sh
[2.610s] -- Installing: /home/winner_bishal/ros2_delta_ws/install/delta_interfaces/share/delta_interfaces/local_setup.zsh
[2.610s] -- Installing: /home/winner_bishal/ros2_delta_ws/install/delta_interfaces/share/delta_interfaces/local_setup.dsv
[2.611s] -- Installing: /home/winner_bishal/ros2_delta_ws/install/delta_interfaces/share/delta_interfaces/package.dsv
[2.611s] -- Installing: /home/winner_bishal/ros2_delta_ws/install/delta_interfaces/share/ament_index/resource_index/packages/delta_interfaces
[2.611s] -- Installing: /home/winner_bishal/ros2_delta_ws/install/delta_interfaces/share/delta_interfaces/cmake/export_delta_interfaces__rosidl_generator_cExport.cmake
[2.611s] -- Installing: /home/winner_bishal/ros2_delta_ws/install/delta_interfaces/share/delta_interfaces/cmake/export_delta_interfaces__rosidl_generator_cExport-noconfig.cmake
[2.611s] -- Installing: /home/winner_bishal/ros2_delta_ws/install/delta_interfaces/share/delta_interfaces/cmake/export_delta_interfaces__rosidl_typesupport_fastrtps_cExport.cmake
[2.611s] -- Installing: /home/winner_bishal/ros2_delta_ws/install/delta_interfaces/share/delta_interfaces/cmake/export_delta_interfaces__rosidl_typesupport_fastrtps_cExport-noconfig.cmake
[2.612s] -- Installing: /home/winner_bishal/ros2_delta_ws/install/delta_interfaces/share/delta_interfaces/cmake/delta_interfaces__rosidl_typesupport_introspection_cExport.cmake
[2.612s] -- Installing: /home/winner_bishal/ros2_delta_ws/install/delta_interfaces/share/delta_interfaces/cmake/delta_interfaces__rosidl_typesupport_introspection_cExport-noconfig.cmake
[2.612s] -- Installing: /home/winner_bishal/ros2_delta_ws/install/delta_interfaces/share/delta_interfaces/cmake/delta_interfaces__rosidl_typesupport_cExport.cmake
[2.612s] -- Installing: /home/winner_bishal/ros2_delta_ws/install/delta_interfaces/share/delta_interfaces/cmake/delta_interfaces__rosidl_typesupport_cExport-noconfig.cmake
[2.612s] -- Installing: /home/winner_bishal/ros2_delta_ws/install/delta_interfaces/share/delta_interfaces/cmake/export_delta_interfaces__rosidl_generator_cppExport.cmake
[2.612s] -- Installing: /home/winner_bishal/ros2_delta_ws/install/delta_interfaces/share/delta_interfaces/cmake/export_delta_interfaces__rosidl_typesupport_fastrtps_cppExport.cmake
[2.613s] -- Installing: /home/winner_bishal/ros2_delta_ws/install/delta_interfaces/share/delta_interfaces/cmake/export_delta_interfaces__rosidl_typesupport_fastrtps_cppExport-noconfig.cmake
[2.613s] -- Installing: /home/winner_bishal/ros2_delta_ws/install/delta_interfaces/share/delta_interfaces/cmake/delta_interfaces__rosidl_typesupport_introspection_cppExport.cmake
[2.613s] -- Installing: /home/winner_bishal/ros2_delta_ws/install/delta_interfaces/share/delta_interfaces/cmake/delta_interfaces__rosidl_typesupport_introspection_cppExport-noconfig.cmake
[2.613s] -- Installing: /home/winner_bishal/ros2_delta_ws/install/delta_interfaces/share/delta_interfaces/cmake/delta_interfaces__rosidl_typesupport_cppExport.cmake
[2.613s] -- Installing: /home/winner_bishal/ros2_delta_ws/install/delta_interfaces/share/delta_interfaces/cmake/delta_interfaces__rosidl_typesupport_cppExport-noconfig.cmake
[2.614s] -- Installing: /home/winner_bishal/ros2_delta_ws/install/delta_interfaces/share/delta_interfaces/cmake/export_delta_interfaces__rosidl_generator_pyExport.cmake
[2.614s] -- Installing: /home/winner_bishal/ros2_delta_ws/install/delta_interfaces/share/delta_interfaces/cmake/export_delta_interfaces__rosidl_generator_pyExport-noconfig.cmake
[2.614s] -- Installing: /home/winner_bishal/ros2_delta_ws/install/delta_interfaces/share/delta_interfaces/cmake/rosidl_cmake-extras.cmake
[2.614s] -- Installing: /home/winner_bishal/ros2_delta_ws/install/delta_interfaces/share/delta_interfaces/cmake/ament_cmake_export_include_directories-extras.cmake
[2.614s] -- Installing: /home/winner_bishal/ros2_delta_ws/install/delta_interfaces/share/delta_interfaces/cmake/ament_cmake_export_libraries-extras.cmake
[2.614s] -- Installing: /home/winner_bishal/ros2_delta_ws/install/delta_interfaces/share/delta_interfaces/cmake/ament_cmake_export_targets-extras.cmake
[2.615s] -- Installing: /home/winner_bishal/ros2_delta_ws/install/delta_interfaces/share/delta_interfaces/cmake/rosidl_cmake_export_typesupport_targets-extras.cmake
[2.615s] -- Installing: /home/winner_bishal/ros2_delta_ws/install/delta_interfaces/share/delta_interfaces/cmake/ament_cmake_export_dependencies-extras.cmake
[2.615s] -- Installing: /home/winner_bishal/ros2_delta_ws/install/delta_interfaces/share/delta_interfaces/cmake/rosidl_cmake_export_typesupport_libraries-extras.cmake
[2.615s] -- Installing: /home/winner_bishal/ros2_delta_ws/install/delta_interfaces/share/delta_interfaces/cmake/delta_interfacesConfig.cmake
[2.615s] -- Installing: /home/winner_bishal/ros2_delta_ws/install/delta_interfaces/share/delta_interfaces/cmake/delta_interfacesConfig-version.cmake
[2.615s] -- Installing: /home/winner_bishal/ros2_delta_ws/install/delta_interfaces/share/delta_interfaces/package.xml
[2.618s] Invoked command in '/home/winner_bishal/ros2_delta_ws/build/delta_interfaces' returned '0': CMAKE_PREFIX_PATH=/home/winner_bishal/ros2_delta_ws/install/delta_vision:/opt/ros/humble /usr/bin/cmake --install /home/winner_bishal/ros2_delta_ws/build/delta_interfaces
