[0.956s] DEBUG:colcon:Command line arguments: ['/usr/bin/colcon', 'build', '--packages-select', 'delta_interfaces']
[0.956s] DEBUG:colcon:Parsed command line arguments: Namespace(log_base=None, log_level=None, verb_name='build', build_base='build', install_base='install', merge_install=False, symlink_install=False, test_result_base=None, continue_on_error=False, executor='parallel', parallel_workers=12, event_handlers=None, ignore_user_meta=False, metas=['./colcon.meta'], base_paths=['.'], packages_ignore=None, packages_ignore_regex=None, paths=None, packages_up_to=None, packages_up_to_regex=None, packages_above=None, packages_above_and_dependencies=None, packages_above_depth=None, packages_select_by_dep=None, packages_skip_by_dep=None, packages_skip_up_to=None, packages_select_build_failed=False, packages_skip_build_finished=False, packages_select_test_failures=False, packages_skip_test_passed=False, packages_select=['delta_interfaces'], packages_skip=None, packages_select_regex=None, packages_skip_regex=None, packages_start=None, packages_end=None, allow_overriding=[], cmake_args=None, cmake_target=None, cmake_target_skip_unavailable=False, cmake_clean_cache=False, cmake_clean_first=False, cmake_force_configure=False, ament_cmake_args=None, catkin_cmake_args=None, catkin_skip_building_tests=False, verb_parser=<colcon_defaults.argument_parser.defaults.DefaultArgumentsDecorator object at 0x79418d4bff10>, verb_extension=<colcon_core.verb.build.BuildVerb object at 0x79418d4c90f0>, main=<bound method BuildVerb.main of <colcon_core.verb.build.BuildVerb object at 0x79418d4c90f0>>)
[1.008s] Level 1:colcon.colcon_core.package_discovery:discover_packages(colcon_meta) check parameters
[1.008s] Level 1:colcon.colcon_core.package_discovery:discover_packages(recursive) check parameters
[1.008s] Level 1:colcon.colcon_core.package_discovery:discover_packages(ignore) check parameters
[1.008s] Level 1:colcon.colcon_core.package_discovery:discover_packages(path) check parameters
[1.008s] Level 1:colcon.colcon_core.package_discovery:discover_packages(colcon_meta) discover
[1.008s] Level 1:colcon.colcon_core.package_discovery:discover_packages(recursive) discover
[1.008s] INFO:colcon.colcon_core.package_discovery:Crawling recursively for packages in '/home/winner_bishal/ros2_delta_ws'
[1.008s] Level 1:colcon.colcon_core.package_identification:_identify(.) by extensions ['ignore', 'ignore_ament_install']
[1.008s] Level 1:colcon.colcon_core.package_identification:_identify(.) by extension 'ignore'
[1.008s] Level 1:colcon.colcon_core.package_identification:_identify(.) by extension 'ignore_ament_install'
[1.008s] Level 1:colcon.colcon_core.package_identification:_identify(.) by extensions ['colcon_pkg']
[1.008s] Level 1:colcon.colcon_core.package_identification:_identify(.) by extension 'colcon_pkg'
[1.008s] Level 1:colcon.colcon_core.package_identification:_identify(.) by extensions ['colcon_meta']
[1.008s] Level 1:colcon.colcon_core.package_identification:_identify(.) by extension 'colcon_meta'
[1.008s] Level 1:colcon.colcon_core.package_identification:_identify(.) by extensions ['ros']
[1.008s] Level 1:colcon.colcon_core.package_identification:_identify(.) by extension 'ros'
[1.017s] Level 1:colcon.colcon_core.package_identification:_identify(.) by extensions ['cmake', 'python']
[1.017s] Level 1:colcon.colcon_core.package_identification:_identify(.) by extension 'cmake'
[1.017s] Level 1:colcon.colcon_core.package_identification:_identify(.) by extension 'python'
[1.017s] Level 1:colcon.colcon_core.package_identification:_identify(.) by extensions ['python_setup_py']
[1.017s] Level 1:colcon.colcon_core.package_identification:_identify(.) by extension 'python_setup_py'
[1.017s] Level 1:colcon.colcon_core.package_identification:_identify(build) by extensions ['ignore', 'ignore_ament_install']
[1.017s] Level 1:colcon.colcon_core.package_identification:_identify(build) by extension 'ignore'
[1.017s] Level 1:colcon.colcon_core.package_identification:_identify(build) ignored
[1.017s] Level 1:colcon.colcon_core.package_identification:_identify(install) by extensions ['ignore', 'ignore_ament_install']
[1.017s] Level 1:colcon.colcon_core.package_identification:_identify(install) by extension 'ignore'
[1.018s] Level 1:colcon.colcon_core.package_identification:_identify(install) ignored
[1.018s] Level 1:colcon.colcon_core.package_identification:_identify(log) by extensions ['ignore', 'ignore_ament_install']
[1.018s] Level 1:colcon.colcon_core.package_identification:_identify(log) by extension 'ignore'
[1.018s] Level 1:colcon.colcon_core.package_identification:_identify(log) ignored
[1.018s] Level 1:colcon.colcon_core.package_identification:_identify(src) by extensions ['ignore', 'ignore_ament_install']
[1.018s] Level 1:colcon.colcon_core.package_identification:_identify(src) by extension 'ignore'
[1.018s] Level 1:colcon.colcon_core.package_identification:_identify(src) by extension 'ignore_ament_install'
[1.018s] Level 1:colcon.colcon_core.package_identification:_identify(src) by extensions ['colcon_pkg']
[1.018s] Level 1:colcon.colcon_core.package_identification:_identify(src) by extension 'colcon_pkg'
[1.018s] Level 1:colcon.colcon_core.package_identification:_identify(src) by extensions ['colcon_meta']
[1.018s] Level 1:colcon.colcon_core.package_identification:_identify(src) by extension 'colcon_meta'
[1.018s] Level 1:colcon.colcon_core.package_identification:_identify(src) by extensions ['ros']
[1.018s] Level 1:colcon.colcon_core.package_identification:_identify(src) by extension 'ros'
[1.018s] Level 1:colcon.colcon_core.package_identification:_identify(src) by extensions ['cmake', 'python']
[1.018s] Level 1:colcon.colcon_core.package_identification:_identify(src) by extension 'cmake'
[1.018s] Level 1:colcon.colcon_core.package_identification:_identify(src) by extension 'python'
[1.018s] Level 1:colcon.colcon_core.package_identification:_identify(src) by extensions ['python_setup_py']
[1.018s] Level 1:colcon.colcon_core.package_identification:_identify(src) by extension 'python_setup_py'
[1.018s] Level 1:colcon.colcon_core.package_identification:_identify(src/delta_interfaces) by extensions ['ignore', 'ignore_ament_install']
[1.018s] Level 1:colcon.colcon_core.package_identification:_identify(src/delta_interfaces) by extension 'ignore'
[1.018s] Level 1:colcon.colcon_core.package_identification:_identify(src/delta_interfaces) by extension 'ignore_ament_install'
[1.019s] Level 1:colcon.colcon_core.package_identification:_identify(src/delta_interfaces) by extensions ['colcon_pkg']
[1.019s] Level 1:colcon.colcon_core.package_identification:_identify(src/delta_interfaces) by extension 'colcon_pkg'
[1.019s] Level 1:colcon.colcon_core.package_identification:_identify(src/delta_interfaces) by extensions ['colcon_meta']
[1.019s] Level 1:colcon.colcon_core.package_identification:_identify(src/delta_interfaces) by extension 'colcon_meta'
[1.019s] Level 1:colcon.colcon_core.package_identification:_identify(src/delta_interfaces) by extensions ['ros']
[1.019s] Level 1:colcon.colcon_core.package_identification:_identify(src/delta_interfaces) by extension 'ros'
[1.020s] DEBUG:colcon.colcon_core.package_identification:Package 'src/delta_interfaces' with type 'ros.ament_cmake' and name 'delta_interfaces'
[1.020s] Level 1:colcon.colcon_core.package_identification:_identify(src/delta_vision) by extensions ['ignore', 'ignore_ament_install']
[1.021s] Level 1:colcon.colcon_core.package_identification:_identify(src/delta_vision) by extension 'ignore'
[1.021s] Level 1:colcon.colcon_core.package_identification:_identify(src/delta_vision) by extension 'ignore_ament_install'
[1.021s] Level 1:colcon.colcon_core.package_identification:_identify(src/delta_vision) by extensions ['colcon_pkg']
[1.021s] Level 1:colcon.colcon_core.package_identification:_identify(src/delta_vision) by extension 'colcon_pkg'
[1.021s] Level 1:colcon.colcon_core.package_identification:_identify(src/delta_vision) by extensions ['colcon_meta']
[1.021s] Level 1:colcon.colcon_core.package_identification:_identify(src/delta_vision) by extension 'colcon_meta'
[1.021s] Level 1:colcon.colcon_core.package_identification:_identify(src/delta_vision) by extensions ['ros']
[1.021s] Level 1:colcon.colcon_core.package_identification:_identify(src/delta_vision) by extension 'ros'
[1.021s] DEBUG:colcon.colcon_core.package_identification:Package 'src/delta_vision' with type 'ros.ament_python' and name 'delta_vision'
[1.021s] Level 1:colcon.colcon_core.package_discovery:discover_packages(recursive) using defaults
[1.021s] Level 1:colcon.colcon_core.package_discovery:discover_packages(ignore) discover
[1.021s] Level 1:colcon.colcon_core.package_discovery:discover_packages(ignore) using defaults
[1.021s] Level 1:colcon.colcon_core.package_discovery:discover_packages(path) discover
[1.021s] Level 1:colcon.colcon_core.package_discovery:discover_packages(path) using defaults
[1.078s] INFO:colcon.colcon_core.package_selection:Skipping not selected package 'delta_vision' in 'src/delta_vision'
[1.105s] Level 1:colcon.colcon_core.package_discovery:discover_packages(prefix_path) check parameters
[1.105s] Level 1:colcon.colcon_core.package_discovery:discover_packages(prefix_path) discover
[1.133s] DEBUG:colcon.colcon_installed_package_information.package_discovery:Found 2 installed packages in /home/winner_bishal/ros2_delta_ws/install
[1.155s] DEBUG:colcon.colcon_installed_package_information.package_discovery:Found 384 installed packages in /opt/ros/humble
[1.157s] Level 1:colcon.colcon_core.package_discovery:discover_packages(prefix_path) using defaults
[1.248s] Level 5:colcon.colcon_core.verb:set package 'delta_interfaces' build argument 'cmake_args' from command line to 'None'
[1.248s] Level 5:colcon.colcon_core.verb:set package 'delta_interfaces' build argument 'cmake_target' from command line to 'None'
[1.248s] Level 5:colcon.colcon_core.verb:set package 'delta_interfaces' build argument 'cmake_target_skip_unavailable' from command line to 'False'
[1.248s] Level 5:colcon.colcon_core.verb:set package 'delta_interfaces' build argument 'cmake_clean_cache' from command line to 'False'
[1.248s] Level 5:colcon.colcon_core.verb:set package 'delta_interfaces' build argument 'cmake_clean_first' from command line to 'False'
[1.248s] Level 5:colcon.colcon_core.verb:set package 'delta_interfaces' build argument 'cmake_force_configure' from command line to 'False'
[1.248s] Level 5:colcon.colcon_core.verb:set package 'delta_interfaces' build argument 'ament_cmake_args' from command line to 'None'
[1.248s] Level 5:colcon.colcon_core.verb:set package 'delta_interfaces' build argument 'catkin_cmake_args' from command line to 'None'
[1.248s] Level 5:colcon.colcon_core.verb:set package 'delta_interfaces' build argument 'catkin_skip_building_tests' from command line to 'False'
[1.249s] DEBUG:colcon.colcon_core.verb:Building package 'delta_interfaces' with the following arguments: {'ament_cmake_args': None, 'build_base': '/home/winner_bishal/ros2_delta_ws/build/delta_interfaces', 'catkin_cmake_args': None, 'catkin_skip_building_tests': False, 'cmake_args': None, 'cmake_clean_cache': False, 'cmake_clean_first': False, 'cmake_force_configure': False, 'cmake_target': None, 'cmake_target_skip_unavailable': False, 'install_base': '/home/winner_bishal/ros2_delta_ws/install/delta_interfaces', 'merge_install': False, 'path': '/home/winner_bishal/ros2_delta_ws/src/delta_interfaces', 'symlink_install': False, 'test_result_base': None}
[1.262s] INFO:colcon.colcon_core.executor:Executing jobs using 'parallel' executor
[1.276s] DEBUG:colcon.colcon_parallel_executor.executor.parallel:run_until_complete
[1.276s] INFO:colcon.colcon_ros.task.ament_cmake.build:Building ROS package in '/home/winner_bishal/ros2_delta_ws/src/delta_interfaces' with build type 'ament_cmake'
[1.276s] INFO:colcon.colcon_cmake.task.cmake.build:Building CMake package in '/home/winner_bishal/ros2_delta_ws/src/delta_interfaces'
[1.293s] INFO:colcon.colcon_core.plugin_system:Skipping extension 'colcon_core.shell.bat': Not used on non-Windows systems
[1.293s] INFO:colcon.colcon_core.shell:Skip shell extension 'powershell' for command environment: Not usable outside of PowerShell
[1.293s] DEBUG:colcon.colcon_core.shell:Skip shell extension 'dsv' for command environment
[1.345s] DEBUG:colcon.colcon_core.event_handler.log_command:Invoking command in '/home/winner_bishal/ros2_delta_ws/build/delta_interfaces': CMAKE_PREFIX_PATH=/home/winner_bishal/ros2_delta_ws/install/delta_vision:/opt/ros/humble /usr/bin/cmake --build /home/winner_bishal/ros2_delta_ws/build/delta_interfaces -- -j12 -l12
[4.044s] DEBUG:colcon.colcon_core.event_handler.log_command:Invoked command in '/home/winner_bishal/ros2_delta_ws/build/delta_interfaces' returned '0': CMAKE_PREFIX_PATH=/home/winner_bishal/ros2_delta_ws/install/delta_vision:/opt/ros/humble /usr/bin/cmake --build /home/winner_bishal/ros2_delta_ws/build/delta_interfaces -- -j12 -l12
[4.122s] DEBUG:colcon.colcon_core.event_handler.log_command:Invoking command in '/home/winner_bishal/ros2_delta_ws/build/delta_interfaces': CMAKE_PREFIX_PATH=/home/winner_bishal/ros2_delta_ws/install/delta_vision:/opt/ros/humble /usr/bin/cmake --install /home/winner_bishal/ros2_delta_ws/build/delta_interfaces
[4.185s] Level 1:colcon.colcon_core.environment:create_environment_scripts_only(delta_interfaces)
[4.185s] DEBUG:colcon.colcon_core.event_handler.log_command:Invoked command in '/home/winner_bishal/ros2_delta_ws/build/delta_interfaces' returned '0': CMAKE_PREFIX_PATH=/home/winner_bishal/ros2_delta_ws/install/delta_vision:/opt/ros/humble /usr/bin/cmake --install /home/winner_bishal/ros2_delta_ws/build/delta_interfaces
[4.202s] Level 1:colcon.colcon_core.environment:checking '/home/winner_bishal/ros2_delta_ws/install/delta_interfaces' for CMake module files
[4.202s] Level 1:colcon.colcon_core.environment:checking '/home/winner_bishal/ros2_delta_ws/install/delta_interfaces' for CMake config files
[4.202s] Level 1:colcon.colcon_core.shell:create_environment_hook('delta_interfaces', 'cmake_prefix_path')
[4.217s] INFO:colcon.colcon_core.shell:Creating environment hook '/home/winner_bishal/ros2_delta_ws/install/delta_interfaces/share/delta_interfaces/hook/cmake_prefix_path.ps1'
[4.218s] INFO:colcon.colcon_core.shell:Creating environment descriptor '/home/winner_bishal/ros2_delta_ws/install/delta_interfaces/share/delta_interfaces/hook/cmake_prefix_path.dsv'
[4.218s] INFO:colcon.colcon_core.shell:Creating environment hook '/home/winner_bishal/ros2_delta_ws/install/delta_interfaces/share/delta_interfaces/hook/cmake_prefix_path.sh'
[4.219s] Level 1:colcon.colcon_core.environment:checking '/home/winner_bishal/ros2_delta_ws/install/delta_interfaces/lib'
[4.219s] Level 1:colcon.colcon_core.shell:create_environment_hook('delta_interfaces', 'ld_library_path_lib')
[4.233s] INFO:colcon.colcon_core.shell:Creating environment hook '/home/winner_bishal/ros2_delta_ws/install/delta_interfaces/share/delta_interfaces/hook/ld_library_path_lib.ps1'
[4.233s] INFO:colcon.colcon_core.shell:Creating environment descriptor '/home/winner_bishal/ros2_delta_ws/install/delta_interfaces/share/delta_interfaces/hook/ld_library_path_lib.dsv'
[4.234s] INFO:colcon.colcon_core.shell:Creating environment hook '/home/winner_bishal/ros2_delta_ws/install/delta_interfaces/share/delta_interfaces/hook/ld_library_path_lib.sh'
[4.234s] Level 1:colcon.colcon_core.environment:checking '/home/winner_bishal/ros2_delta_ws/install/delta_interfaces/bin'
[4.234s] Level 1:colcon.colcon_core.environment:checking '/home/winner_bishal/ros2_delta_ws/install/delta_interfaces/lib/pkgconfig/delta_interfaces.pc'
[4.234s] Level 1:colcon.colcon_core.environment:checking '/home/winner_bishal/ros2_delta_ws/install/delta_interfaces/lib/python3.10/site-packages'
[4.234s] Level 1:colcon.colcon_core.environment:checking '/home/winner_bishal/ros2_delta_ws/install/delta_interfaces/bin'
[4.249s] INFO:colcon.colcon_core.shell:Creating package script '/home/winner_bishal/ros2_delta_ws/install/delta_interfaces/share/delta_interfaces/package.ps1'
[4.249s] INFO:colcon.colcon_core.shell:Creating package descriptor '/home/winner_bishal/ros2_delta_ws/install/delta_interfaces/share/delta_interfaces/package.dsv'
[4.250s] INFO:colcon.colcon_core.shell:Creating package script '/home/winner_bishal/ros2_delta_ws/install/delta_interfaces/share/delta_interfaces/package.sh'
[4.250s] INFO:colcon.colcon_core.shell:Creating package script '/home/winner_bishal/ros2_delta_ws/install/delta_interfaces/share/delta_interfaces/package.bash'
[4.251s] INFO:colcon.colcon_core.shell:Creating package script '/home/winner_bishal/ros2_delta_ws/install/delta_interfaces/share/delta_interfaces/package.zsh'
[4.251s] Level 1:colcon.colcon_core.environment:create_file_with_runtime_dependencies(/home/winner_bishal/ros2_delta_ws/install/delta_interfaces/share/colcon-core/packages/delta_interfaces)
[4.339s] Level 1:colcon.colcon_core.environment:create_environment_scripts_only(delta_interfaces)
[4.353s] Level 1:colcon.colcon_core.environment:checking '/home/winner_bishal/ros2_delta_ws/install/delta_interfaces' for CMake module files
[4.354s] Level 1:colcon.colcon_core.environment:checking '/home/winner_bishal/ros2_delta_ws/install/delta_interfaces' for CMake config files
[4.354s] Level 1:colcon.colcon_core.shell:create_environment_hook('delta_interfaces', 'cmake_prefix_path')
[4.368s] INFO:colcon.colcon_core.shell:Creating environment hook '/home/winner_bishal/ros2_delta_ws/install/delta_interfaces/share/delta_interfaces/hook/cmake_prefix_path.ps1'
[4.369s] INFO:colcon.colcon_core.shell:Creating environment descriptor '/home/winner_bishal/ros2_delta_ws/install/delta_interfaces/share/delta_interfaces/hook/cmake_prefix_path.dsv'
[4.369s] INFO:colcon.colcon_core.shell:Creating environment hook '/home/winner_bishal/ros2_delta_ws/install/delta_interfaces/share/delta_interfaces/hook/cmake_prefix_path.sh'
[4.369s] Level 1:colcon.colcon_core.environment:checking '/home/winner_bishal/ros2_delta_ws/install/delta_interfaces/lib'
[4.369s] Level 1:colcon.colcon_core.shell:create_environment_hook('delta_interfaces', 'ld_library_path_lib')
[4.384s] INFO:colcon.colcon_core.shell:Creating environment hook '/home/winner_bishal/ros2_delta_ws/install/delta_interfaces/share/delta_interfaces/hook/ld_library_path_lib.ps1'
[4.384s] INFO:colcon.colcon_core.shell:Creating environment descriptor '/home/winner_bishal/ros2_delta_ws/install/delta_interfaces/share/delta_interfaces/hook/ld_library_path_lib.dsv'
[4.384s] INFO:colcon.colcon_core.shell:Creating environment hook '/home/winner_bishal/ros2_delta_ws/install/delta_interfaces/share/delta_interfaces/hook/ld_library_path_lib.sh'
[4.385s] Level 1:colcon.colcon_core.environment:checking '/home/winner_bishal/ros2_delta_ws/install/delta_interfaces/bin'
[4.385s] Level 1:colcon.colcon_core.environment:checking '/home/winner_bishal/ros2_delta_ws/install/delta_interfaces/lib/pkgconfig/delta_interfaces.pc'
[4.385s] Level 1:colcon.colcon_core.environment:checking '/home/winner_bishal/ros2_delta_ws/install/delta_interfaces/lib/python3.10/site-packages'
[4.385s] Level 1:colcon.colcon_core.environment:checking '/home/winner_bishal/ros2_delta_ws/install/delta_interfaces/bin'
[4.407s] INFO:colcon.colcon_core.shell:Creating package script '/home/winner_bishal/ros2_delta_ws/install/delta_interfaces/share/delta_interfaces/package.ps1'
[4.408s] INFO:colcon.colcon_core.shell:Creating package descriptor '/home/winner_bishal/ros2_delta_ws/install/delta_interfaces/share/delta_interfaces/package.dsv'
[4.409s] INFO:colcon.colcon_core.shell:Creating package script '/home/winner_bishal/ros2_delta_ws/install/delta_interfaces/share/delta_interfaces/package.sh'
[4.409s] INFO:colcon.colcon_core.shell:Creating package script '/home/winner_bishal/ros2_delta_ws/install/delta_interfaces/share/delta_interfaces/package.bash'
[4.410s] INFO:colcon.colcon_core.shell:Creating package script '/home/winner_bishal/ros2_delta_ws/install/delta_interfaces/share/delta_interfaces/package.zsh'
[4.410s] Level 1:colcon.colcon_core.environment:create_file_with_runtime_dependencies(/home/winner_bishal/ros2_delta_ws/install/delta_interfaces/share/colcon-core/packages/delta_interfaces)
[4.410s] DEBUG:colcon.colcon_parallel_executor.executor.parallel:closing loop
[4.411s] DEBUG:colcon.colcon_parallel_executor.executor.parallel:loop closed
[4.411s] DEBUG:colcon.colcon_parallel_executor.executor.parallel:run_until_complete finished with '0'
[4.411s] DEBUG:colcon.colcon_core.event_reactor:joining thread
[4.436s] INFO:colcon.colcon_core.plugin_system:Skipping extension 'colcon_notification.desktop_notification.terminal_notifier': Not used on non-Darwin systems
[4.436s] INFO:colcon.colcon_core.plugin_system:Skipping extension 'colcon_notification.desktop_notification.win32': Not used on non-Windows systems
[4.436s] INFO:colcon.colcon_notification.desktop_notification:Sending desktop notification using 'notify2'
[4.449s] DEBUG:colcon.colcon_core.event_reactor:joined thread
[4.466s] INFO:colcon.colcon_core.shell:Creating prefix script '/home/winner_bishal/ros2_delta_ws/install/local_setup.ps1'
[4.467s] INFO:colcon.colcon_core.shell:Creating prefix util module '/home/winner_bishal/ros2_delta_ws/install/_local_setup_util_ps1.py'
[4.468s] INFO:colcon.colcon_core.shell:Creating prefix chain script '/home/winner_bishal/ros2_delta_ws/install/setup.ps1'
[4.484s] INFO:colcon.colcon_core.shell:Creating prefix script '/home/winner_bishal/ros2_delta_ws/install/local_setup.sh'
[4.485s] INFO:colcon.colcon_core.shell:Creating prefix util module '/home/winner_bishal/ros2_delta_ws/install/_local_setup_util_sh.py'
[4.485s] INFO:colcon.colcon_core.shell:Creating prefix chain script '/home/winner_bishal/ros2_delta_ws/install/setup.sh'
[4.502s] INFO:colcon.colcon_core.shell:Creating prefix script '/home/winner_bishal/ros2_delta_ws/install/local_setup.bash'
[4.502s] INFO:colcon.colcon_core.shell:Creating prefix chain script '/home/winner_bishal/ros2_delta_ws/install/setup.bash'
[4.519s] INFO:colcon.colcon_core.shell:Creating prefix script '/home/winner_bishal/ros2_delta_ws/install/local_setup.zsh'
[4.519s] INFO:colcon.colcon_core.shell:Creating prefix chain script '/home/winner_bishal/ros2_delta_ws/install/setup.zsh'
