[1.318s] DEBUG:colcon:Command line arguments: ['/usr/bin/colcon', 'build']
[1.318s] DEBUG:colcon:Parsed command line arguments: Namespace(log_base=None, log_level=None, verb_name='build', build_base='build', install_base='install', merge_install=False, symlink_install=False, test_result_base=None, continue_on_error=False, executor='parallel', parallel_workers=12, event_handlers=None, ignore_user_meta=False, metas=['./colcon.meta'], base_paths=['.'], packages_ignore=None, packages_ignore_regex=None, paths=None, packages_up_to=None, packages_up_to_regex=None, packages_above=None, packages_above_and_dependencies=None, packages_above_depth=None, packages_select_by_dep=None, packages_skip_by_dep=None, packages_skip_up_to=None, packages_select_build_failed=False, packages_skip_build_finished=False, packages_select_test_failures=False, packages_skip_test_passed=False, packages_select=None, packages_skip=None, packages_select_regex=None, packages_skip_regex=None, packages_start=None, packages_end=None, allow_overriding=[], cmake_args=None, cmake_target=None, cmake_target_skip_unavailable=False, cmake_clean_cache=False, cmake_clean_first=False, cmake_force_configure=False, ament_cmake_args=None, catkin_cmake_args=None, catkin_skip_building_tests=False, verb_parser=<colcon_defaults.argument_parser.defaults.DefaultArgumentsDecorator object at 0x7ff8bcea1d80>, verb_extension=<colcon_core.verb.build.BuildVerb object at 0x7ff8bcea2770>, main=<bound method BuildVerb.main of <colcon_core.verb.build.BuildVerb object at 0x7ff8bcea2770>>)
[1.375s] Level 1:colcon.colcon_core.package_discovery:discover_packages(colcon_meta) check parameters
[1.375s] Level 1:colcon.colcon_core.package_discovery:discover_packages(recursive) check parameters
[1.375s] Level 1:colcon.colcon_core.package_discovery:discover_packages(ignore) check parameters
[1.375s] Level 1:colcon.colcon_core.package_discovery:discover_packages(path) check parameters
[1.376s] Level 1:colcon.colcon_core.package_discovery:discover_packages(colcon_meta) discover
[1.376s] Level 1:colcon.colcon_core.package_discovery:discover_packages(recursive) discover
[1.376s] INFO:colcon.colcon_core.package_discovery:Crawling recursively for packages in '/home/winner_bishal/ros2_delta_ws'
[1.376s] Level 1:colcon.colcon_core.package_identification:_identify(.) by extensions ['ignore', 'ignore_ament_install']
[1.376s] Level 1:colcon.colcon_core.package_identification:_identify(.) by extension 'ignore'
[1.376s] Level 1:colcon.colcon_core.package_identification:_identify(.) by extension 'ignore_ament_install'
[1.377s] Level 1:colcon.colcon_core.package_identification:_identify(.) by extensions ['colcon_pkg']
[1.377s] Level 1:colcon.colcon_core.package_identification:_identify(.) by extension 'colcon_pkg'
[1.377s] Level 1:colcon.colcon_core.package_identification:_identify(.) by extensions ['colcon_meta']
[1.377s] Level 1:colcon.colcon_core.package_identification:_identify(.) by extension 'colcon_meta'
[1.377s] Level 1:colcon.colcon_core.package_identification:_identify(.) by extensions ['ros']
[1.377s] Level 1:colcon.colcon_core.package_identification:_identify(.) by extension 'ros'
[1.397s] Level 1:colcon.colcon_core.package_identification:_identify(.) by extensions ['cmake', 'python']
[1.397s] Level 1:colcon.colcon_core.package_identification:_identify(.) by extension 'cmake'
[1.397s] Level 1:colcon.colcon_core.package_identification:_identify(.) by extension 'python'
[1.397s] Level 1:colcon.colcon_core.package_identification:_identify(.) by extensions ['python_setup_py']
[1.397s] Level 1:colcon.colcon_core.package_identification:_identify(.) by extension 'python_setup_py'
[1.397s] Level 1:colcon.colcon_core.package_identification:_identify(build) by extensions ['ignore', 'ignore_ament_install']
[1.398s] Level 1:colcon.colcon_core.package_identification:_identify(build) by extension 'ignore'
[1.398s] Level 1:colcon.colcon_core.package_identification:_identify(build) ignored
[1.398s] Level 1:colcon.colcon_core.package_identification:_identify(install) by extensions ['ignore', 'ignore_ament_install']
[1.398s] Level 1:colcon.colcon_core.package_identification:_identify(install) by extension 'ignore'
[1.398s] Level 1:colcon.colcon_core.package_identification:_identify(install) ignored
[1.398s] Level 1:colcon.colcon_core.package_identification:_identify(log) by extensions ['ignore', 'ignore_ament_install']
[1.398s] Level 1:colcon.colcon_core.package_identification:_identify(log) by extension 'ignore'
[1.398s] Level 1:colcon.colcon_core.package_identification:_identify(log) ignored
[1.398s] Level 1:colcon.colcon_core.package_identification:_identify(src) by extensions ['ignore', 'ignore_ament_install']
[1.399s] Level 1:colcon.colcon_core.package_identification:_identify(src) by extension 'ignore'
[1.399s] Level 1:colcon.colcon_core.package_identification:_identify(src) by extension 'ignore_ament_install'
[1.399s] Level 1:colcon.colcon_core.package_identification:_identify(src) by extensions ['colcon_pkg']
[1.399s] Level 1:colcon.colcon_core.package_identification:_identify(src) by extension 'colcon_pkg'
[1.399s] Level 1:colcon.colcon_core.package_identification:_identify(src) by extensions ['colcon_meta']
[1.399s] Level 1:colcon.colcon_core.package_identification:_identify(src) by extension 'colcon_meta'
[1.399s] Level 1:colcon.colcon_core.package_identification:_identify(src) by extensions ['ros']
[1.399s] Level 1:colcon.colcon_core.package_identification:_identify(src) by extension 'ros'
[1.399s] Level 1:colcon.colcon_core.package_identification:_identify(src) by extensions ['cmake', 'python']
[1.399s] Level 1:colcon.colcon_core.package_identification:_identify(src) by extension 'cmake'
[1.399s] Level 1:colcon.colcon_core.package_identification:_identify(src) by extension 'python'
[1.399s] Level 1:colcon.colcon_core.package_identification:_identify(src) by extensions ['python_setup_py']
[1.399s] Level 1:colcon.colcon_core.package_identification:_identify(src) by extension 'python_setup_py'
[1.399s] Level 1:colcon.colcon_core.package_identification:_identify(src/delta_vision) by extensions ['ignore', 'ignore_ament_install']
[1.399s] Level 1:colcon.colcon_core.package_identification:_identify(src/delta_vision) by extension 'ignore'
[1.399s] Level 1:colcon.colcon_core.package_identification:_identify(src/delta_vision) by extension 'ignore_ament_install'
[1.399s] Level 1:colcon.colcon_core.package_identification:_identify(src/delta_vision) by extensions ['colcon_pkg']
[1.399s] Level 1:colcon.colcon_core.package_identification:_identify(src/delta_vision) by extension 'colcon_pkg'
[1.399s] Level 1:colcon.colcon_core.package_identification:_identify(src/delta_vision) by extensions ['colcon_meta']
[1.399s] Level 1:colcon.colcon_core.package_identification:_identify(src/delta_vision) by extension 'colcon_meta'
[1.400s] Level 1:colcon.colcon_core.package_identification:_identify(src/delta_vision) by extensions ['ros']
[1.400s] Level 1:colcon.colcon_core.package_identification:_identify(src/delta_vision) by extension 'ros'
[1.403s] DEBUG:colcon.colcon_core.package_identification:Package 'src/delta_vision' with type 'ros.ament_python' and name 'delta_vision'
[1.403s] Level 1:colcon.colcon_core.package_discovery:discover_packages(recursive) using defaults
[1.403s] Level 1:colcon.colcon_core.package_discovery:discover_packages(ignore) discover
[1.403s] Level 1:colcon.colcon_core.package_discovery:discover_packages(ignore) using defaults
[1.403s] Level 1:colcon.colcon_core.package_discovery:discover_packages(path) discover
[1.403s] Level 1:colcon.colcon_core.package_discovery:discover_packages(path) using defaults
[1.527s] Level 1:colcon.colcon_core.package_discovery:discover_packages(prefix_path) check parameters
[1.527s] Level 1:colcon.colcon_core.package_discovery:discover_packages(prefix_path) discover
[1.567s] DEBUG:colcon.colcon_installed_package_information.package_discovery:Found 1 installed packages in /home/winner_bishal/ros2_delta_ws/install
[1.588s] DEBUG:colcon.colcon_installed_package_information.package_discovery:Found 384 installed packages in /opt/ros/humble
[1.590s] Level 1:colcon.colcon_core.package_discovery:discover_packages(prefix_path) using defaults
[1.727s] Level 5:colcon.colcon_core.verb:set package 'delta_vision' build argument 'cmake_args' from command line to 'None'
[1.727s] Level 5:colcon.colcon_core.verb:set package 'delta_vision' build argument 'cmake_target' from command line to 'None'
[1.727s] Level 5:colcon.colcon_core.verb:set package 'delta_vision' build argument 'cmake_target_skip_unavailable' from command line to 'False'
[1.727s] Level 5:colcon.colcon_core.verb:set package 'delta_vision' build argument 'cmake_clean_cache' from command line to 'False'
[1.727s] Level 5:colcon.colcon_core.verb:set package 'delta_vision' build argument 'cmake_clean_first' from command line to 'False'
[1.727s] Level 5:colcon.colcon_core.verb:set package 'delta_vision' build argument 'cmake_force_configure' from command line to 'False'
[1.727s] Level 5:colcon.colcon_core.verb:set package 'delta_vision' build argument 'ament_cmake_args' from command line to 'None'
[1.727s] Level 5:colcon.colcon_core.verb:set package 'delta_vision' build argument 'catkin_cmake_args' from command line to 'None'
[1.727s] Level 5:colcon.colcon_core.verb:set package 'delta_vision' build argument 'catkin_skip_building_tests' from command line to 'False'
[1.727s] DEBUG:colcon.colcon_core.verb:Building package 'delta_vision' with the following arguments: {'ament_cmake_args': None, 'build_base': '/home/winner_bishal/ros2_delta_ws/build/delta_vision', 'catkin_cmake_args': None, 'catkin_skip_building_tests': False, 'cmake_args': None, 'cmake_clean_cache': False, 'cmake_clean_first': False, 'cmake_force_configure': False, 'cmake_target': None, 'cmake_target_skip_unavailable': False, 'install_base': '/home/winner_bishal/ros2_delta_ws/install/delta_vision', 'merge_install': False, 'path': '/home/winner_bishal/ros2_delta_ws/src/delta_vision', 'symlink_install': False, 'test_result_base': None}
[1.765s] INFO:colcon.colcon_core.executor:Executing jobs using 'parallel' executor
[1.786s] DEBUG:colcon.colcon_parallel_executor.executor.parallel:run_until_complete
[1.786s] INFO:colcon.colcon_ros.task.ament_python.build:Building ROS package in '/home/winner_bishal/ros2_delta_ws/src/delta_vision' with build type 'ament_python'
[1.786s] Level 1:colcon.colcon_core.shell:create_environment_hook('delta_vision', 'ament_prefix_path')
[1.807s] INFO:colcon.colcon_core.plugin_system:Skipping extension 'colcon_core.shell.bat': Not used on non-Windows systems
[1.807s] INFO:colcon.colcon_core.shell:Creating environment hook '/home/winner_bishal/ros2_delta_ws/install/delta_vision/share/delta_vision/hook/ament_prefix_path.ps1'
[1.808s] INFO:colcon.colcon_core.shell:Creating environment descriptor '/home/winner_bishal/ros2_delta_ws/install/delta_vision/share/delta_vision/hook/ament_prefix_path.dsv'
[1.809s] INFO:colcon.colcon_core.shell:Creating environment hook '/home/winner_bishal/ros2_delta_ws/install/delta_vision/share/delta_vision/hook/ament_prefix_path.sh'
[1.829s] INFO:colcon.colcon_core.shell:Skip shell extension 'powershell' for command environment: Not usable outside of PowerShell
[1.830s] DEBUG:colcon.colcon_core.shell:Skip shell extension 'dsv' for command environment
[2.301s] INFO:colcon.colcon_core.task.python.build:Building Python package in '/home/winner_bishal/ros2_delta_ws/src/delta_vision'
[2.323s] INFO:colcon.colcon_core.shell:Skip shell extension 'powershell' for command environment: Not usable outside of PowerShell
[2.323s] DEBUG:colcon.colcon_core.shell:Skip shell extension 'dsv' for command environment
[2.971s] DEBUG:colcon.colcon_core.event_handler.log_command:Invoking command in '/home/winner_bishal/ros2_delta_ws/src/delta_vision': PYTHONPATH=/home/winner_bishal/ros2_delta_ws/build/delta_vision/prefix_override:/home/winner_bishal/ros2_delta_ws/install/delta_vision/lib/python3.10/site-packages:${PYTHONPATH} /usr/bin/python3 setup.py egg_info --egg-base ../../build/delta_vision build --build-base /home/winner_bishal/ros2_delta_ws/build/delta_vision/build install --record /home/winner_bishal/ros2_delta_ws/build/delta_vision/install.log --single-version-externally-managed
[3.401s] DEBUG:colcon.colcon_core.event_handler.log_command:Invoked command in '/home/winner_bishal/ros2_delta_ws/src/delta_vision' returned '0': PYTHONPATH=/home/winner_bishal/ros2_delta_ws/build/delta_vision/prefix_override:/home/winner_bishal/ros2_delta_ws/install/delta_vision/lib/python3.10/site-packages:${PYTHONPATH} /usr/bin/python3 setup.py egg_info --egg-base ../../build/delta_vision build --build-base /home/winner_bishal/ros2_delta_ws/build/delta_vision/build install --record /home/winner_bishal/ros2_delta_ws/build/delta_vision/install.log --single-version-externally-managed
[3.428s] Level 1:colcon.colcon_core.environment:checking '/home/winner_bishal/ros2_delta_ws/install/delta_vision' for CMake module files
[3.429s] Level 1:colcon.colcon_core.environment:checking '/home/winner_bishal/ros2_delta_ws/install/delta_vision' for CMake config files
[3.430s] Level 1:colcon.colcon_core.environment:checking '/home/winner_bishal/ros2_delta_ws/install/delta_vision/lib'
[3.430s] Level 1:colcon.colcon_core.environment:checking '/home/winner_bishal/ros2_delta_ws/install/delta_vision/bin'
[3.430s] Level 1:colcon.colcon_core.environment:checking '/home/winner_bishal/ros2_delta_ws/install/delta_vision/lib/pkgconfig/delta_vision.pc'
[3.430s] Level 1:colcon.colcon_core.environment:checking '/home/winner_bishal/ros2_delta_ws/install/delta_vision/lib/python3.10/site-packages'
[3.430s] Level 1:colcon.colcon_core.shell:create_environment_hook('delta_vision', 'pythonpath')
[3.455s] INFO:colcon.colcon_core.shell:Creating environment hook '/home/winner_bishal/ros2_delta_ws/install/delta_vision/share/delta_vision/hook/pythonpath.ps1'
[3.456s] INFO:colcon.colcon_core.shell:Creating environment descriptor '/home/winner_bishal/ros2_delta_ws/install/delta_vision/share/delta_vision/hook/pythonpath.dsv'
[3.456s] INFO:colcon.colcon_core.shell:Creating environment hook '/home/winner_bishal/ros2_delta_ws/install/delta_vision/share/delta_vision/hook/pythonpath.sh'
[3.457s] Level 1:colcon.colcon_core.environment:checking '/home/winner_bishal/ros2_delta_ws/install/delta_vision/bin'
[3.457s] Level 1:colcon.colcon_core.environment:create_environment_scripts_only(delta_vision)
[3.472s] INFO:colcon.colcon_core.shell:Creating package script '/home/winner_bishal/ros2_delta_ws/install/delta_vision/share/delta_vision/package.ps1'
[3.473s] INFO:colcon.colcon_core.shell:Creating package descriptor '/home/winner_bishal/ros2_delta_ws/install/delta_vision/share/delta_vision/package.dsv'
[3.474s] INFO:colcon.colcon_core.shell:Creating package script '/home/winner_bishal/ros2_delta_ws/install/delta_vision/share/delta_vision/package.sh'
[3.475s] INFO:colcon.colcon_core.shell:Creating package script '/home/winner_bishal/ros2_delta_ws/install/delta_vision/share/delta_vision/package.bash'
[3.476s] INFO:colcon.colcon_core.shell:Creating package script '/home/winner_bishal/ros2_delta_ws/install/delta_vision/share/delta_vision/package.zsh'
[3.477s] Level 1:colcon.colcon_core.environment:create_file_with_runtime_dependencies(/home/winner_bishal/ros2_delta_ws/install/delta_vision/share/colcon-core/packages/delta_vision)
[3.478s] DEBUG:colcon.colcon_parallel_executor.executor.parallel:closing loop
[3.478s] DEBUG:colcon.colcon_parallel_executor.executor.parallel:loop closed
[3.479s] DEBUG:colcon.colcon_parallel_executor.executor.parallel:run_until_complete finished with '0'
[3.479s] DEBUG:colcon.colcon_core.event_reactor:joining thread
[3.518s] INFO:colcon.colcon_core.plugin_system:Skipping extension 'colcon_notification.desktop_notification.terminal_notifier': Not used on non-Darwin systems
[3.518s] INFO:colcon.colcon_core.plugin_system:Skipping extension 'colcon_notification.desktop_notification.win32': Not used on non-Windows systems
[3.518s] INFO:colcon.colcon_notification.desktop_notification:Sending desktop notification using 'notify2'
[3.539s] DEBUG:colcon.colcon_core.event_reactor:joined thread
[3.566s] INFO:colcon.colcon_core.shell:Creating prefix script '/home/winner_bishal/ros2_delta_ws/install/local_setup.ps1'
[3.569s] INFO:colcon.colcon_core.shell:Creating prefix util module '/home/winner_bishal/ros2_delta_ws/install/_local_setup_util_ps1.py'
[3.571s] INFO:colcon.colcon_core.shell:Creating prefix chain script '/home/winner_bishal/ros2_delta_ws/install/setup.ps1'
[3.603s] INFO:colcon.colcon_core.shell:Creating prefix script '/home/winner_bishal/ros2_delta_ws/install/local_setup.sh'
[3.604s] INFO:colcon.colcon_core.shell:Creating prefix util module '/home/winner_bishal/ros2_delta_ws/install/_local_setup_util_sh.py'
[3.605s] INFO:colcon.colcon_core.shell:Creating prefix chain script '/home/winner_bishal/ros2_delta_ws/install/setup.sh'
[3.629s] INFO:colcon.colcon_core.shell:Creating prefix script '/home/winner_bishal/ros2_delta_ws/install/local_setup.bash'
[3.630s] INFO:colcon.colcon_core.shell:Creating prefix chain script '/home/winner_bishal/ros2_delta_ws/install/setup.bash'
[3.651s] INFO:colcon.colcon_core.shell:Creating prefix script '/home/winner_bishal/ros2_delta_ws/install/local_setup.zsh'
[3.651s] INFO:colcon.colcon_core.shell:Creating prefix chain script '/home/winner_bishal/ros2_delta_ws/install/setup.zsh'
