running egg_info
writing ../../build/delta_vision/delta_vision.egg-info/PKG-INFO
writing dependency_links to ../../build/delta_vision/delta_vision.egg-info/dependency_links.txt
writing entry points to ../../build/delta_vision/delta_vision.egg-info/entry_points.txt
writing requirements to ../../build/delta_vision/delta_vision.egg-info/requires.txt
writing top-level names to ../../build/delta_vision/delta_vision.egg-info/top_level.txt
reading manifest file '../../build/delta_vision/delta_vision.egg-info/SOURCES.txt'
writing manifest file '../../build/delta_vision/delta_vision.egg-info/SOURCES.txt'
running build
running build_py
copying delta_vision/camera_publisher.py -> /home/winner_bishal/ros2_delta_ws/build/delta_vision/build/lib/delta_vision
copying delta_vision/camera_subscriber.py -> /home/winner_bishal/ros2_delta_ws/build/delta_vision/build/lib/delta_vision
copying delta_vision/example_node.py -> /home/winner_bishal/ros2_delta_ws/build/delta_vision/build/lib/delta_vision
running install
running install_lib
copying /home/winner_bishal/ros2_delta_ws/build/delta_vision/build/lib/delta_vision/camera_publisher.py -> /home/winner_bishal/ros2_delta_ws/install/delta_vision/lib/python3.10/site-packages/delta_vision
copying /home/winner_bishal/ros2_delta_ws/build/delta_vision/build/lib/delta_vision/camera_subscriber.py -> /home/winner_bishal/ros2_delta_ws/install/delta_vision/lib/python3.10/site-packages/delta_vision
copying /home/winner_bishal/ros2_delta_ws/build/delta_vision/build/lib/delta_vision/example_node.py -> /home/winner_bishal/ros2_delta_ws/install/delta_vision/lib/python3.10/site-packages/delta_vision
byte-compiling /home/winner_bishal/ros2_delta_ws/install/delta_vision/lib/python3.10/site-packages/delta_vision/camera_publisher.py to camera_publisher.cpython-310.pyc
byte-compiling /home/winner_bishal/ros2_delta_ws/install/delta_vision/lib/python3.10/site-packages/delta_vision/camera_subscriber.py to camera_subscriber.cpython-310.pyc
byte-compiling /home/winner_bishal/ros2_delta_ws/install/delta_vision/lib/python3.10/site-packages/delta_vision/example_node.py to example_node.cpython-310.pyc
running install_data
running install_egg_info
removing '/home/winner_bishal/ros2_delta_ws/install/delta_vision/lib/python3.10/site-packages/delta_vision-0.0.0-py3.10.egg-info' (and everything under it)
Copying ../../build/delta_vision/delta_vision.egg-info to /home/winner_bishal/ros2_delta_ws/install/delta_vision/lib/python3.10/site-packages/delta_vision-0.0.0-py3.10.egg-info
running install_scripts
Installing camera_publisher script to /home/winner_bishal/ros2_delta_ws/install/delta_vision/lib/delta_vision
Installing camera_subscriber script to /home/winner_bishal/ros2_delta_ws/install/delta_vision/lib/delta_vision
writing list of installed files to '/home/winner_bishal/ros2_delta_ws/build/delta_vision/install.log'
