running egg_info
creating ../../build/delta_vision/delta_vision.egg-info
writing ../../build/delta_vision/delta_vision.egg-info/PKG-INFO
writing dependency_links to ../../build/delta_vision/delta_vision.egg-info/dependency_links.txt
writing entry points to ../../build/delta_vision/delta_vision.egg-info/entry_points.txt
writing requirements to ../../build/delta_vision/delta_vision.egg-info/requires.txt
writing top-level names to ../../build/delta_vision/delta_vision.egg-info/top_level.txt
writing manifest file '../../build/delta_vision/delta_vision.egg-info/SOURCES.txt'
reading manifest file '../../build/delta_vision/delta_vision.egg-info/SOURCES.txt'
writing manifest file '../../build/delta_vision/delta_vision.egg-info/SOURCES.txt'
running build
running build_py
creating /home/winner_bishal/ros2_delta_ws/build/delta_vision/build
creating /home/winner_bishal/ros2_delta_ws/build/delta_vision/build/lib
creating /home/winner_bishal/ros2_delta_ws/build/delta_vision/build/lib/delta_vision
copying delta_vision/__init__.py -> /home/winner_bishal/ros2_delta_ws/build/delta_vision/build/lib/delta_vision
running install
running install_lib
creating /home/winner_bishal/ros2_delta_ws/install/delta_vision/lib/python3.10/site-packages/delta_vision
copying /home/winner_bishal/ros2_delta_ws/build/delta_vision/build/lib/delta_vision/__init__.py -> /home/winner_bishal/ros2_delta_ws/install/delta_vision/lib/python3.10/site-packages/delta_vision
byte-compiling /home/winner_bishal/ros2_delta_ws/install/delta_vision/lib/python3.10/site-packages/delta_vision/__init__.py to __init__.cpython-310.pyc
running install_data
creating /home/winner_bishal/ros2_delta_ws/install/delta_vision/share/ament_index
creating /home/winner_bishal/ros2_delta_ws/install/delta_vision/share/ament_index/resource_index
creating /home/winner_bishal/ros2_delta_ws/install/delta_vision/share/ament_index/resource_index/packages
copying resource/delta_vision -> /home/winner_bishal/ros2_delta_ws/install/delta_vision/share/ament_index/resource_index/packages
copying package.xml -> /home/winner_bishal/ros2_delta_ws/install/delta_vision/share/delta_vision
running install_egg_info
Copying ../../build/delta_vision/delta_vision.egg-info to /home/winner_bishal/ros2_delta_ws/install/delta_vision/lib/python3.10/site-packages/delta_vision-0.0.0-py3.10.egg-info
running install_scripts
writing list of installed files to '/home/winner_bishal/ros2_delta_ws/build/delta_vision/install.log'
