[0.695s] Invoking command in '/home/winner_bishal/ros2_delta_ws/src/delta_vision': PYTHONPATH=/home/winner_bishal/ros2_delta_ws/build/delta_vision/prefix_override:/home/winner_bishal/ros2_delta_ws/install/delta_vision/lib/python3.10/site-packages:${PYTHONPATH} /usr/bin/python3 setup.py egg_info --egg-base ../../build/delta_vision build --build-base /home/winner_bishal/ros2_delta_ws/build/delta_vision/build install --record /home/winner_bishal/ros2_delta_ws/build/delta_vision/install.log --single-version-externally-managed
[0.895s] running egg_info
[0.896s] creating ../../build/delta_vision/delta_vision.egg-info
[0.896s] writing ../../build/delta_vision/delta_vision.egg-info/PKG-INFO
[0.896s] writing dependency_links to ../../build/delta_vision/delta_vision.egg-info/dependency_links.txt
[0.896s] writing entry points to ../../build/delta_vision/delta_vision.egg-info/entry_points.txt
[0.897s] writing requirements to ../../build/delta_vision/delta_vision.egg-info/requires.txt
[0.897s] writing top-level names to ../../build/delta_vision/delta_vision.egg-info/top_level.txt
[0.897s] writing manifest file '../../build/delta_vision/delta_vision.egg-info/SOURCES.txt'
[0.898s] reading manifest file '../../build/delta_vision/delta_vision.egg-info/SOURCES.txt'
[0.898s] writing manifest file '../../build/delta_vision/delta_vision.egg-info/SOURCES.txt'
[0.899s] running build
[0.899s] running build_py
[0.899s] creating /home/winner_bishal/ros2_delta_ws/build/delta_vision/build
[0.899s] creating /home/winner_bishal/ros2_delta_ws/build/delta_vision/build/lib
[0.899s] creating /home/winner_bishal/ros2_delta_ws/build/delta_vision/build/lib/delta_vision
[0.899s] copying delta_vision/__init__.py -> /home/winner_bishal/ros2_delta_ws/build/delta_vision/build/lib/delta_vision
[0.899s] running install
[0.907s] /usr/lib/python3/dist-packages/setuptools/command/install.py:34: SetuptoolsDeprecationWarning: setup.py install is deprecated. Use build and pip and other standards-based tools.
[0.907s]   warnings.warn(
[0.908s] running install_lib
[0.908s] creating /home/winner_bishal/ros2_delta_ws/install/delta_vision/lib/python3.10/site-packages/delta_vision
[0.908s] copying /home/winner_bishal/ros2_delta_ws/build/delta_vision/build/lib/delta_vision/__init__.py -> /home/winner_bishal/ros2_delta_ws/install/delta_vision/lib/python3.10/site-packages/delta_vision
[0.909s] byte-compiling /home/winner_bishal/ros2_delta_ws/install/delta_vision/lib/python3.10/site-packages/delta_vision/__init__.py to __init__.cpython-310.pyc
[0.909s] running install_data
[0.909s] creating /home/winner_bishal/ros2_delta_ws/install/delta_vision/share/ament_index
[0.910s] creating /home/winner_bishal/ros2_delta_ws/install/delta_vision/share/ament_index/resource_index
[0.910s] creating /home/winner_bishal/ros2_delta_ws/install/delta_vision/share/ament_index/resource_index/packages
[0.910s] copying resource/delta_vision -> /home/winner_bishal/ros2_delta_ws/install/delta_vision/share/ament_index/resource_index/packages
[0.910s] copying package.xml -> /home/winner_bishal/ros2_delta_ws/install/delta_vision/share/delta_vision
[0.910s] running install_egg_info
[0.911s] Copying ../../build/delta_vision/delta_vision.egg-info to /home/winner_bishal/ros2_delta_ws/install/delta_vision/lib/python3.10/site-packages/delta_vision-0.0.0-py3.10.egg-info
[0.912s] running install_scripts
[0.929s] writing list of installed files to '/home/winner_bishal/ros2_delta_ws/build/delta_vision/install.log'
[0.948s] Invoked command in '/home/winner_bishal/ros2_delta_ws/src/delta_vision' returned '0': PYTHONPATH=/home/winner_bishal/ros2_delta_ws/build/delta_vision/prefix_override:/home/winner_bishal/ros2_delta_ws/install/delta_vision/lib/python3.10/site-packages:${PYTHONPATH} /usr/bin/python3 setup.py egg_info --egg-base ../../build/delta_vision build --build-base /home/winner_bishal/ros2_delta_ws/build/delta_vision/build install --record /home/winner_bishal/ros2_delta_ws/build/delta_vision/install.log --single-version-externally-managed
