[2.072s] DEBUG:colcon:Command line arguments: ['/usr/bin/colcon', 'list', '-p', '--base-paths', '/home/winner_bishal/ros2_delta_ws']
[2.072s] DEBUG:colcon:Parsed command line arguments: Namespace(log_base=None, log_level=None, verb_name='list', build_base='build', ignore_user_meta=False, metas=['./colcon.meta'], base_paths=['/home/winner_bishal/ros2_delta_ws'], packages_ignore=None, packages_ignore_regex=None, paths=None, packages_up_to=None, packages_up_to_regex=None, packages_above=None, packages_above_and_dependencies=None, packages_above_depth=None, packages_select_by_dep=None, packages_skip_by_dep=None, packages_skip_up_to=None, packages_select_build_failed=False, packages_skip_build_finished=False, packages_select_test_failures=False, packages_skip_test_passed=False, packages_select=None, packages_skip=None, packages_select_regex=None, packages_skip_regex=None, packages_start=None, packages_end=None, allow_overriding=[], topological_order=False, names_only=False, paths_only=True, topological_graph=False, topological_graph_dot=False, topological_graph_density=False, topological_graph_legend=False, topological_graph_dot_cluster=False, topological_graph_dot_include_skipped=False, verb_parser=<colcon_defaults.argument_parser.defaults.DefaultArgumentsDecorator object at 0x7ff862ecf370>, verb_extension=<colcon_package_information.verb.list.ListVerb object at 0x7ff862eaab90>, main=<bound method ListVerb.main of <colcon_package_information.verb.list.ListVerb object at 0x7ff862eaab90>>)
[2.194s] Level 1:colcon.colcon_core.package_discovery:discover_packages(colcon_meta) check parameters
[2.194s] Level 1:colcon.colcon_core.package_discovery:discover_packages(recursive) check parameters
[2.195s] Level 1:colcon.colcon_core.package_discovery:discover_packages(ignore) check parameters
[2.195s] Level 1:colcon.colcon_core.package_discovery:discover_packages(path) check parameters
[2.195s] Level 1:colcon.colcon_core.package_discovery:discover_packages(recursive) discover
[2.195s] INFO:colcon.colcon_core.package_discovery:Crawling recursively for packages in '/home/winner_bishal/ros2_delta_ws'
[2.195s] Level 1:colcon.colcon_core.package_identification:_identify(/home/winner_bishal/ros2_delta_ws) by extensions ['ignore', 'ignore_ament_install']
[2.196s] Level 1:colcon.colcon_core.package_identification:_identify(/home/winner_bishal/ros2_delta_ws) by extension 'ignore'
[2.196s] Level 1:colcon.colcon_core.package_identification:_identify(/home/winner_bishal/ros2_delta_ws) by extension 'ignore_ament_install'
[2.196s] Level 1:colcon.colcon_core.package_identification:_identify(/home/winner_bishal/ros2_delta_ws) by extensions ['colcon_pkg']
[2.196s] Level 1:colcon.colcon_core.package_identification:_identify(/home/winner_bishal/ros2_delta_ws) by extension 'colcon_pkg'
[2.196s] Level 1:colcon.colcon_core.package_identification:_identify(/home/winner_bishal/ros2_delta_ws) by extensions ['colcon_meta']
[2.196s] Level 1:colcon.colcon_core.package_identification:_identify(/home/winner_bishal/ros2_delta_ws) by extension 'colcon_meta'
[2.196s] Level 1:colcon.colcon_core.package_identification:_identify(/home/winner_bishal/ros2_delta_ws) by extensions ['ros']
[2.196s] Level 1:colcon.colcon_core.package_identification:_identify(/home/winner_bishal/ros2_delta_ws) by extension 'ros'
[2.224s] Level 1:colcon.colcon_core.package_identification:_identify(/home/winner_bishal/ros2_delta_ws) by extensions ['cmake', 'python']
[2.224s] Level 1:colcon.colcon_core.package_identification:_identify(/home/winner_bishal/ros2_delta_ws) by extension 'cmake'
[2.224s] Level 1:colcon.colcon_core.package_identification:_identify(/home/winner_bishal/ros2_delta_ws) by extension 'python'
[2.224s] Level 1:colcon.colcon_core.package_identification:_identify(/home/winner_bishal/ros2_delta_ws) by extensions ['python_setup_py']
[2.224s] Level 1:colcon.colcon_core.package_identification:_identify(/home/winner_bishal/ros2_delta_ws) by extension 'python_setup_py'
[2.224s] Level 1:colcon.colcon_core.package_identification:_identify(/home/winner_bishal/ros2_delta_ws/build) by extensions ['ignore', 'ignore_ament_install']
[2.225s] Level 1:colcon.colcon_core.package_identification:_identify(/home/winner_bishal/ros2_delta_ws/build) by extension 'ignore'
[2.225s] Level 1:colcon.colcon_core.package_identification:_identify(/home/winner_bishal/ros2_delta_ws/build) ignored
[2.226s] Level 1:colcon.colcon_core.package_identification:_identify(/home/winner_bishal/ros2_delta_ws/install) by extensions ['ignore', 'ignore_ament_install']
[2.226s] Level 1:colcon.colcon_core.package_identification:_identify(/home/winner_bishal/ros2_delta_ws/install) by extension 'ignore'
[2.226s] Level 1:colcon.colcon_core.package_identification:_identify(/home/winner_bishal/ros2_delta_ws/install) ignored
[2.226s] Level 1:colcon.colcon_core.package_identification:_identify(/home/winner_bishal/ros2_delta_ws/log) by extensions ['ignore', 'ignore_ament_install']
[2.227s] Level 1:colcon.colcon_core.package_identification:_identify(/home/winner_bishal/ros2_delta_ws/log) by extension 'ignore'
[2.227s] Level 1:colcon.colcon_core.package_identification:_identify(/home/winner_bishal/ros2_delta_ws/log) ignored
[2.227s] Level 1:colcon.colcon_core.package_identification:_identify(/home/winner_bishal/ros2_delta_ws/src) by extensions ['ignore', 'ignore_ament_install']
[2.227s] Level 1:colcon.colcon_core.package_identification:_identify(/home/winner_bishal/ros2_delta_ws/src) by extension 'ignore'
[2.227s] Level 1:colcon.colcon_core.package_identification:_identify(/home/winner_bishal/ros2_delta_ws/src) by extension 'ignore_ament_install'
[2.228s] Level 1:colcon.colcon_core.package_identification:_identify(/home/winner_bishal/ros2_delta_ws/src) by extensions ['colcon_pkg']
[2.228s] Level 1:colcon.colcon_core.package_identification:_identify(/home/winner_bishal/ros2_delta_ws/src) by extension 'colcon_pkg'
[2.228s] Level 1:colcon.colcon_core.package_identification:_identify(/home/winner_bishal/ros2_delta_ws/src) by extensions ['colcon_meta']
[2.228s] Level 1:colcon.colcon_core.package_identification:_identify(/home/winner_bishal/ros2_delta_ws/src) by extension 'colcon_meta'
[2.228s] Level 1:colcon.colcon_core.package_identification:_identify(/home/winner_bishal/ros2_delta_ws/src) by extensions ['ros']
[2.228s] Level 1:colcon.colcon_core.package_identification:_identify(/home/winner_bishal/ros2_delta_ws/src) by extension 'ros'
[2.228s] Level 1:colcon.colcon_core.package_identification:_identify(/home/winner_bishal/ros2_delta_ws/src) by extensions ['cmake', 'python']
[2.228s] Level 1:colcon.colcon_core.package_identification:_identify(/home/winner_bishal/ros2_delta_ws/src) by extension 'cmake'
[2.228s] Level 1:colcon.colcon_core.package_identification:_identify(/home/winner_bishal/ros2_delta_ws/src) by extension 'python'
[2.228s] Level 1:colcon.colcon_core.package_identification:_identify(/home/winner_bishal/ros2_delta_ws/src) by extensions ['python_setup_py']
[2.228s] Level 1:colcon.colcon_core.package_identification:_identify(/home/winner_bishal/ros2_delta_ws/src) by extension 'python_setup_py'
[2.229s] Level 1:colcon.colcon_core.package_identification:_identify(/home/winner_bishal/ros2_delta_ws/src/delta_vision) by extensions ['ignore', 'ignore_ament_install']
[2.229s] Level 1:colcon.colcon_core.package_identification:_identify(/home/winner_bishal/ros2_delta_ws/src/delta_vision) by extension 'ignore'
[2.229s] Level 1:colcon.colcon_core.package_identification:_identify(/home/winner_bishal/ros2_delta_ws/src/delta_vision) by extension 'ignore_ament_install'
[2.229s] Level 1:colcon.colcon_core.package_identification:_identify(/home/winner_bishal/ros2_delta_ws/src/delta_vision) by extensions ['colcon_pkg']
[2.229s] Level 1:colcon.colcon_core.package_identification:_identify(/home/winner_bishal/ros2_delta_ws/src/delta_vision) by extension 'colcon_pkg'
[2.229s] Level 1:colcon.colcon_core.package_identification:_identify(/home/winner_bishal/ros2_delta_ws/src/delta_vision) by extensions ['colcon_meta']
[2.229s] Level 1:colcon.colcon_core.package_identification:_identify(/home/winner_bishal/ros2_delta_ws/src/delta_vision) by extension 'colcon_meta'
[2.229s] Level 1:colcon.colcon_core.package_identification:_identify(/home/winner_bishal/ros2_delta_ws/src/delta_vision) by extensions ['ros']
[2.229s] Level 1:colcon.colcon_core.package_identification:_identify(/home/winner_bishal/ros2_delta_ws/src/delta_vision) by extension 'ros'
[2.235s] DEBUG:colcon.colcon_core.package_identification:Package '/home/winner_bishal/ros2_delta_ws/src/delta_vision' with type 'ros.ament_python' and name 'delta_vision'
[2.235s] Level 1:colcon.colcon_core.package_discovery:discover_packages(recursive) using defaults
