-- Found ament_cmake: 1.3.8 (/opt/ros/humble/share/ament_cmake/cmake)
-- Found rosidl_default_generators: 1.2.0 (/opt/ros/humble/share/rosidl_default_generators/cmake)
-- Using all available rosidl_typesupport_c: rosidl_typesupport_fastrtps_c;rosidl_typesupport_introspection_c
-- Found rosidl_adapter: 3.1.5 (/opt/ros/humble/share/rosidl_adapter/cmake)
-- Using all available rosidl_typesupport_cpp: rosidl_typesupport_fastrtps_cpp;rosidl_typesupport_introspection_cpp
-- Found std_msgs: 4.2.3 (/opt/ros/humble/share/std_msgs/cmake)
-- Found ament_cmake_ros: 0.10.0 (/opt/ros/humble/share/ament_cmake_ros/cmake)
-- Using all available rosidl_typesupport_c: rosidl_typesupport_fastrtps_c;rosidl_typesupport_introspection_c
-- Using all available rosidl_typesupport_cpp: rosidl_typesupport_fastrtps_cpp;rosidl_typesupport_introspection_cpp
-- Found python_cmake_module: 0.10.0 (/opt/ros/humble/share/python_cmake_module/cmake)
-- Using PYTHON_EXECUTABLE: /usr/bin/python3
-- Using PYTHON_INCLUDE_DIRS: /usr/include/python3.10
-- Using PYTHON_LIBRARIES: /usr/lib/x86_64-linux-gnu/libpython3.10.so
-- Configuring done
-- Generating done
-- Build files have been written to: /home/winner_bishal/ros2_delta_ws/build/delta_interfaces
[  2%] [34m[1mGenerating C code for ROS interfaces[0m
[  5%] [34m[1mGenerating C++ code for ROS interfaces[0m
[  5%] Built target ament_cmake_python_copy_delta_interfaces
[  5%] Built target delta_interfaces__cpp
[ 12%] [34m[1mGenerating C++ introspection for ROS interfaces[0m
[ 12%] [34m[1mGenerating C++ type support for eProsima Fast-RTPS[0m
[ 12%] [34m[1mGenerating C++ type support dispatch for ROS interfaces[0m
[35m[1mConsolidate compiler generated dependencies of target delta_interfaces__rosidl_generator_c[0m
running egg_info
writing delta_interfaces.egg-info/PKG-INFO
writing dependency_links to delta_interfaces.egg-info/dependency_links.txt
writing top-level names to delta_interfaces.egg-info/top_level.txt
[ 17%] [32mBuilding C object CMakeFiles/delta_interfaces__rosidl_generator_c.dir/rosidl_generator_c/delta_interfaces/msg/detail/all_detections__functions.c.o[0m
[ 17%] [32mBuilding C object CMakeFiles/delta_interfaces__rosidl_generator_c.dir/rosidl_generator_c/delta_interfaces/msg/detail/detection__functions.c.o[0m
reading manifest file 'delta_interfaces.egg-info/SOURCES.txt'
writing manifest file 'delta_interfaces.egg-info/SOURCES.txt'
In file included from [01m[K/home/winner_bishal/ros2_delta_ws/build/delta_interfaces/rosidl_generator_c/delta_interfaces/msg/detail/all_detections__functions.h:19[m[K,
                 from [01m[K/home/winner_bishal/ros2_delta_ws/build/delta_interfaces/rosidl_generator_c/delta_interfaces/msg/detail/all_detections__functions.c:4[m[K:
[01m[K/home/winner_bishal/ros2_delta_ws/build/delta_interfaces/rosidl_generator_c/delta_interfaces/msg/detail/all_detections__struct.h:22:10:[m[K [01;31m[Kfatal error: [m[Kdelta_interfaces/msg/detail/header__struct.h: No such file or directory
   22 | #include [01;31m[K"delta_interfaces/msg/detail/header__struct.h"[m[K
      |          [01;31m[K^~~~~~~~~~~~~~~~~~~~~~~~~~~~~~~~~~~~~~~~~~~~~~[m[K
compilation terminated.
gmake[2]: *** [CMakeFiles/delta_interfaces__rosidl_generator_c.dir/build.make:135: CMakeFiles/delta_interfaces__rosidl_generator_c.dir/rosidl_generator_c/delta_interfaces/msg/detail/all_detections__functions.c.o] Error 1
gmake[2]: *** Waiting for unfinished jobs....
[ 17%] Built target ament_cmake_python_build_delta_interfaces_egg
gmake[1]: *** [CMakeFiles/Makefile2:213: CMakeFiles/delta_interfaces__rosidl_generator_c.dir/all] Error 2
gmake[1]: *** Waiting for unfinished jobs....
[35m[1mConsolidate compiler generated dependencies of target delta_interfaces__rosidl_typesupport_cpp[0m
[ 23%] [32mBuilding CXX object CMakeFiles/delta_interfaces__rosidl_typesupport_cpp.dir/rosidl_typesupport_cpp/delta_interfaces/msg/detection__type_support.cpp.o[0m
[ 23%] [32mBuilding CXX object CMakeFiles/delta_interfaces__rosidl_typesupport_cpp.dir/rosidl_typesupport_cpp/delta_interfaces/msg/all_detections__type_support.cpp.o[0m
[35m[1mConsolidate compiler generated dependencies of target delta_interfaces__rosidl_typesupport_introspection_cpp[0m
[ 28%] [32mBuilding CXX object CMakeFiles/delta_interfaces__rosidl_typesupport_introspection_cpp.dir/rosidl_typesupport_introspection_cpp/delta_interfaces/msg/detail/all_detections__type_support.cpp.o[0m
[ 28%] [32mBuilding CXX object CMakeFiles/delta_interfaces__rosidl_typesupport_introspection_cpp.dir/rosidl_typesupport_introspection_cpp/delta_interfaces/msg/detail/detection__type_support.cpp.o[0m
[35m[1mConsolidate compiler generated dependencies of target delta_interfaces__rosidl_typesupport_fastrtps_cpp[0m
[ 33%] [32mBuilding CXX object CMakeFiles/delta_interfaces__rosidl_typesupport_fastrtps_cpp.dir/rosidl_typesupport_fastrtps_cpp/delta_interfaces/msg/detail/dds_fastrtps/all_detections__type_support.cpp.o[0m
[ 33%] [32mBuilding CXX object CMakeFiles/delta_interfaces__rosidl_typesupport_fastrtps_cpp.dir/rosidl_typesupport_fastrtps_cpp/delta_interfaces/msg/detail/dds_fastrtps/detection__type_support.cpp.o[0m
In file included from [01m[K/home/winner_bishal/ros2_delta_ws/build/delta_interfaces/rosidl_typesupport_cpp/delta_interfaces/msg/all_detections__type_support.cpp:7[m[K:
[01m[K/home/winner_bishal/ros2_delta_ws/build/delta_interfaces/rosidl_generator_cpp/delta_interfaces/msg/detail/all_detections__struct.hpp:20:10:[m[K [01;31m[Kfatal error: [m[Kdelta_interfaces/msg/detail/header__struct.hpp: No such file or directory
   20 | #include [01;31m[K"delta_interfaces/msg/detail/header__struct.hpp"[m[K
      |          [01;31m[K^~~~~~~~~~~~~~~~~~~~~~~~~~~~~~~~~~~~~~~~~~~~~~~~[m[K
compilation terminated.
gmake[2]: *** [CMakeFiles/delta_interfaces__rosidl_typesupport_cpp.dir/build.make:104: CMakeFiles/delta_interfaces__rosidl_typesupport_cpp.dir/rosidl_typesupport_cpp/delta_interfaces/msg/all_detections__type_support.cpp.o] Error 1
gmake[2]: *** Waiting for unfinished jobs....
In file included from [01m[K/home/winner_bishal/ros2_delta_ws/build/delta_interfaces/rosidl_typesupport_introspection_cpp/delta_interfaces/msg/detail/all_detections__type_support.cpp:12[m[K:
[01m[K/home/winner_bishal/ros2_delta_ws/build/delta_interfaces/rosidl_generator_cpp/delta_interfaces/msg/detail/all_detections__struct.hpp:20:10:[m[K [01;31m[Kfatal error: [m[Kdelta_interfaces/msg/detail/header__struct.hpp: No such file or directory
   20 | #include [01;31m[K"delta_interfaces/msg/detail/header__struct.hpp"[m[K
      |          [01;31m[K^~~~~~~~~~~~~~~~~~~~~~~~~~~~~~~~~~~~~~~~~~~~~~~~[m[K
compilation terminated.
In file included from [01m[K/home/winner_bishal/ros2_delta_ws/build/delta_interfaces/rosidl_typesupport_fastrtps_cpp/delta_interfaces/msg/detail/all_detections__rosidl_typesupport_fastrtps_cpp.hpp:11[m[K,
                 from [01m[K/home/winner_bishal/ros2_delta_ws/build/delta_interfaces/rosidl_typesupport_fastrtps_cpp/delta_interfaces/msg/detail/dds_fastrtps/all_detections__type_support.cpp:4[m[K:
[01m[K/home/winner_bishal/ros2_delta_ws/build/delta_interfaces/rosidl_generator_cpp/delta_interfaces/msg/detail/all_detections__struct.hpp:20:10:[m[K [01;31m[Kfatal error: [m[Kdelta_interfaces/msg/detail/header__struct.hpp: No such file or directory
   20 | #include [01;31m[K"delta_interfaces/msg/detail/header__struct.hpp"[m[K
      |          [01;31m[K^~~~~~~~~~~~~~~~~~~~~~~~~~~~~~~~~~~~~~~~~~~~~~~~[m[K
compilation terminated.
gmake[2]: *** [CMakeFiles/delta_interfaces__rosidl_typesupport_introspection_cpp.dir/build.make:112: CMakeFiles/delta_interfaces__rosidl_typesupport_introspection_cpp.dir/rosidl_typesupport_introspection_cpp/delta_interfaces/msg/detail/all_detections__type_support.cpp.o] Error 1
gmake[2]: *** Waiting for unfinished jobs....
gmake[2]: *** [CMakeFiles/delta_interfaces__rosidl_typesupport_fastrtps_cpp.dir/build.make:112: CMakeFiles/delta_interfaces__rosidl_typesupport_fastrtps_cpp.dir/rosidl_typesupport_fastrtps_cpp/delta_interfaces/msg/detail/dds_fastrtps/all_detections__type_support.cpp.o] Error 1
gmake[2]: *** Waiting for unfinished jobs....
gmake[1]: *** [CMakeFiles/Makefile2:395: CMakeFiles/delta_interfaces__rosidl_typesupport_cpp.dir/all] Error 2
gmake[1]: *** [CMakeFiles/Makefile2:369: CMakeFiles/delta_interfaces__rosidl_typesupport_introspection_cpp.dir/all] Error 2
gmake[1]: *** [CMakeFiles/Makefile2:343: CMakeFiles/delta_interfaces__rosidl_typesupport_fastrtps_cpp.dir/all] Error 2
gmake: *** [Makefile:146: all] Error 2
