[0.078s] Invoking command in '/home/winner_bishal/ros2_delta_ws/build/delta_interfaces': CMAKE_PREFIX_PATH=${CMAKE_PREFIX_PATH}:/home/winner_bishal/ros2_delta_ws/install/delta_vision:/opt/ros/humble /usr/bin/cmake --build /home/winner_bishal/ros2_delta_ws/build/delta_interfaces -- -j12 -l12
[0.141s] -- Found ament_cmake: 1.3.8 (/opt/ros/humble/share/ament_cmake/cmake)
[0.262s] -- Found rosidl_default_generators: 1.2.0 (/opt/ros/humble/share/rosidl_default_generators/cmake)
[0.264s] -- Using all available rosidl_typesupport_c: rosidl_typesupport_fastrtps_c;rosidl_typesupport_introspection_c
[0.267s] -- Found rosidl_adapter: 3.1.5 (/opt/ros/humble/share/rosidl_adapter/cmake)
[0.300s] -- Using all available rosidl_typesupport_cpp: rosidl_typesupport_fastrtps_cpp;rosidl_typesupport_introspection_cpp
[0.329s] -- Found std_msgs: 4.2.3 (/opt/ros/humble/share/std_msgs/cmake)
[0.590s] -- Found ament_cmake_ros: 0.10.0 (/opt/ros/humble/share/ament_cmake_ros/cmake)
[0.743s] -- Using all available rosidl_typesupport_c: rosidl_typesupport_fastrtps_c;rosidl_typesupport_introspection_c
[0.939s] -- Using all available rosidl_typesupport_cpp: rosidl_typesupport_fastrtps_cpp;rosidl_typesupport_introspection_cpp
[0.960s] -- Found python_cmake_module: 0.10.0 (/opt/ros/humble/share/python_cmake_module/cmake)
[0.981s] -- Using PYTHON_EXECUTABLE: /usr/bin/python3
[0.981s] -- Using PYTHON_INCLUDE_DIRS: /usr/include/python3.10
[0.981s] -- Using PYTHON_LIBRARIES: /usr/lib/x86_64-linux-gnu/libpython3.10.so
[0.998s] -- Configuring done
[1.035s] -- Generating done
[1.038s] -- Build files have been written to: /home/winner_bishal/ros2_delta_ws/build/delta_interfaces
[1.061s] [  2%] [34m[1mGenerating C code for ROS interfaces[0m
[1.070s] [  5%] [34m[1mGenerating C++ code for ROS interfaces[0m
[1.080s] [  5%] Built target ament_cmake_python_copy_delta_interfaces
[1.317s] [  5%] Built target delta_interfaces__cpp
[1.327s] [ 12%] [34m[1mGenerating C++ introspection for ROS interfaces[0m
[1.327s] [ 12%] [34m[1mGenerating C++ type support for eProsima Fast-RTPS[0m
[1.327s] [ 12%] [34m[1mGenerating C++ type support dispatch for ROS interfaces[0m
[1.328s] [35m[1mConsolidate compiler generated dependencies of target delta_interfaces__rosidl_generator_c[0m
[1.339s] running egg_info
[1.340s] writing delta_interfaces.egg-info/PKG-INFO
[1.340s] writing dependency_links to delta_interfaces.egg-info/dependency_links.txt
[1.340s] writing top-level names to delta_interfaces.egg-info/top_level.txt
[1.341s] [ 17%] [32mBuilding C object CMakeFiles/delta_interfaces__rosidl_generator_c.dir/rosidl_generator_c/delta_interfaces/msg/detail/all_detections__functions.c.o[0m
[1.341s] [ 17%] [32mBuilding C object CMakeFiles/delta_interfaces__rosidl_generator_c.dir/rosidl_generator_c/delta_interfaces/msg/detail/detection__functions.c.o[0m
[1.344s] reading manifest file 'delta_interfaces.egg-info/SOURCES.txt'
[1.344s] writing manifest file 'delta_interfaces.egg-info/SOURCES.txt'
[1.362s] In file included from [01m[K/home/winner_bishal/ros2_delta_ws/build/delta_interfaces/rosidl_generator_c/delta_interfaces/msg/detail/all_detections__functions.h:19[m[K,
[1.362s]                  from [01m[K/home/winner_bishal/ros2_delta_ws/build/delta_interfaces/rosidl_generator_c/delta_interfaces/msg/detail/all_detections__functions.c:4[m[K:
[1.362s] [01m[K/home/winner_bishal/ros2_delta_ws/build/delta_interfaces/rosidl_generator_c/delta_interfaces/msg/detail/all_detections__struct.h:22:10:[m[K [01;31m[Kfatal error: [m[Kdelta_interfaces/msg/detail/header__struct.h: No such file or directory
[1.362s]    22 | #include [01;31m[K"delta_interfaces/msg/detail/header__struct.h"[m[K
[1.363s]       |          [01;31m[K^~~~~~~~~~~~~~~~~~~~~~~~~~~~~~~~~~~~~~~~~~~~~~[m[K
[1.363s] compilation terminated.
[1.363s] gmake[2]: *** [CMakeFiles/delta_interfaces__rosidl_generator_c.dir/build.make:135: CMakeFiles/delta_interfaces__rosidl_generator_c.dir/rosidl_generator_c/delta_interfaces/msg/detail/all_detections__functions.c.o] Error 1
[1.363s] gmake[2]: *** Waiting for unfinished jobs....
[1.375s] [ 17%] Built target ament_cmake_python_build_delta_interfaces_egg
[1.404s] gmake[1]: *** [CMakeFiles/Makefile2:213: CMakeFiles/delta_interfaces__rosidl_generator_c.dir/all] Error 2
[1.404s] gmake[1]: *** Waiting for unfinished jobs....
[1.534s] [35m[1mConsolidate compiler generated dependencies of target delta_interfaces__rosidl_typesupport_cpp[0m
[1.547s] [ 23%] [32mBuilding CXX object CMakeFiles/delta_interfaces__rosidl_typesupport_cpp.dir/rosidl_typesupport_cpp/delta_interfaces/msg/detection__type_support.cpp.o[0m
[1.547s] [ 23%] [32mBuilding CXX object CMakeFiles/delta_interfaces__rosidl_typesupport_cpp.dir/rosidl_typesupport_cpp/delta_interfaces/msg/all_detections__type_support.cpp.o[0m
[1.553s] [35m[1mConsolidate compiler generated dependencies of target delta_interfaces__rosidl_typesupport_introspection_cpp[0m
[1.567s] [ 28%] [32mBuilding CXX object CMakeFiles/delta_interfaces__rosidl_typesupport_introspection_cpp.dir/rosidl_typesupport_introspection_cpp/delta_interfaces/msg/detail/all_detections__type_support.cpp.o[0m
[1.567s] [ 28%] [32mBuilding CXX object CMakeFiles/delta_interfaces__rosidl_typesupport_introspection_cpp.dir/rosidl_typesupport_introspection_cpp/delta_interfaces/msg/detail/detection__type_support.cpp.o[0m
[1.568s] [35m[1mConsolidate compiler generated dependencies of target delta_interfaces__rosidl_typesupport_fastrtps_cpp[0m
[1.581s] [ 33%] [32mBuilding CXX object CMakeFiles/delta_interfaces__rosidl_typesupport_fastrtps_cpp.dir/rosidl_typesupport_fastrtps_cpp/delta_interfaces/msg/detail/dds_fastrtps/all_detections__type_support.cpp.o[0m
[1.581s] [ 33%] [32mBuilding CXX object CMakeFiles/delta_interfaces__rosidl_typesupport_fastrtps_cpp.dir/rosidl_typesupport_fastrtps_cpp/delta_interfaces/msg/detail/dds_fastrtps/detection__type_support.cpp.o[0m
[1.616s] In file included from [01m[K/home/winner_bishal/ros2_delta_ws/build/delta_interfaces/rosidl_typesupport_cpp/delta_interfaces/msg/all_detections__type_support.cpp:7[m[K:
[1.616s] [01m[K/home/winner_bishal/ros2_delta_ws/build/delta_interfaces/rosidl_generator_cpp/delta_interfaces/msg/detail/all_detections__struct.hpp:20:10:[m[K [01;31m[Kfatal error: [m[Kdelta_interfaces/msg/detail/header__struct.hpp: No such file or directory
[1.616s]    20 | #include [01;31m[K"delta_interfaces/msg/detail/header__struct.hpp"[m[K
[1.616s]       |          [01;31m[K^~~~~~~~~~~~~~~~~~~~~~~~~~~~~~~~~~~~~~~~~~~~~~~~[m[K
[1.616s] compilation terminated.
[1.617s] gmake[2]: *** [CMakeFiles/delta_interfaces__rosidl_typesupport_cpp.dir/build.make:104: CMakeFiles/delta_interfaces__rosidl_typesupport_cpp.dir/rosidl_typesupport_cpp/delta_interfaces/msg/all_detections__type_support.cpp.o] Error 1
[1.617s] gmake[2]: *** Waiting for unfinished jobs....
[1.634s] In file included from [01m[K/home/winner_bishal/ros2_delta_ws/build/delta_interfaces/rosidl_typesupport_introspection_cpp/delta_interfaces/msg/detail/all_detections__type_support.cpp:12[m[K:
[1.634s] [01m[K/home/winner_bishal/ros2_delta_ws/build/delta_interfaces/rosidl_generator_cpp/delta_interfaces/msg/detail/all_detections__struct.hpp:20:10:[m[K [01;31m[Kfatal error: [m[Kdelta_interfaces/msg/detail/header__struct.hpp: No such file or directory
[1.634s]    20 | #include [01;31m[K"delta_interfaces/msg/detail/header__struct.hpp"[m[K
[1.634s]       |          [01;31m[K^~~~~~~~~~~~~~~~~~~~~~~~~~~~~~~~~~~~~~~~~~~~~~~~[m[K
[1.634s] compilation terminated.
[1.635s] In file included from [01m[K/home/winner_bishal/ros2_delta_ws/build/delta_interfaces/rosidl_typesupport_fastrtps_cpp/delta_interfaces/msg/detail/all_detections__rosidl_typesupport_fastrtps_cpp.hpp:11[m[K,
[1.635s]                  from [01m[K/home/winner_bishal/ros2_delta_ws/build/delta_interfaces/rosidl_typesupport_fastrtps_cpp/delta_interfaces/msg/detail/dds_fastrtps/all_detections__type_support.cpp:4[m[K:
[1.635s] [01m[K/home/winner_bishal/ros2_delta_ws/build/delta_interfaces/rosidl_generator_cpp/delta_interfaces/msg/detail/all_detections__struct.hpp:20:10:[m[K [01;31m[Kfatal error: [m[Kdelta_interfaces/msg/detail/header__struct.hpp: No such file or directory
[1.635s]    20 | #include [01;31m[K"delta_interfaces/msg/detail/header__struct.hpp"[m[K
[1.635s]       |          [01;31m[K^~~~~~~~~~~~~~~~~~~~~~~~~~~~~~~~~~~~~~~~~~~~~~~~[m[K
[1.635s] compilation terminated.
[1.636s] gmake[2]: *** [CMakeFiles/delta_interfaces__rosidl_typesupport_introspection_cpp.dir/build.make:112: CMakeFiles/delta_interfaces__rosidl_typesupport_introspection_cpp.dir/rosidl_typesupport_introspection_cpp/delta_interfaces/msg/detail/all_detections__type_support.cpp.o] Error 1
[1.636s] gmake[2]: *** Waiting for unfinished jobs....
[1.636s] gmake[2]: *** [CMakeFiles/delta_interfaces__rosidl_typesupport_fastrtps_cpp.dir/build.make:112: CMakeFiles/delta_interfaces__rosidl_typesupport_fastrtps_cpp.dir/rosidl_typesupport_fastrtps_cpp/delta_interfaces/msg/detail/dds_fastrtps/all_detections__type_support.cpp.o] Error 1
[1.636s] gmake[2]: *** Waiting for unfinished jobs....
[1.798s] gmake[1]: *** [CMakeFiles/Makefile2:395: CMakeFiles/delta_interfaces__rosidl_typesupport_cpp.dir/all] Error 2
[1.885s] gmake[1]: *** [CMakeFiles/Makefile2:369: CMakeFiles/delta_interfaces__rosidl_typesupport_introspection_cpp.dir/all] Error 2
[1.907s] gmake[1]: *** [CMakeFiles/Makefile2:343: CMakeFiles/delta_interfaces__rosidl_typesupport_fastrtps_cpp.dir/all] Error 2
[1.908s] gmake: *** [Makefile:146: all] Error 2
[1.909s] Invoked command in '/home/winner_bishal/ros2_delta_ws/build/delta_interfaces' returned '2': CMAKE_PREFIX_PATH=${CMAKE_PREFIX_PATH}:/home/winner_bishal/ros2_delta_ws/install/delta_vision:/opt/ros/humble /usr/bin/cmake --build /home/winner_bishal/ros2_delta_ws/build/delta_interfaces -- -j12 -l12
