[0.850s] Invoking command in '/home/winner_bishal/ros2_delta_ws/src/delta_vision': PYTHONPATH=/home/winner_bishal/ros2_delta_ws/build/delta_vision/prefix_override:/home/winner_bishal/ros2_delta_ws/install/delta_vision/lib/python3.10/site-packages:${PYTHONPATH} /usr/bin/python3 setup.py egg_info --egg-base ../../build/delta_vision build --build-base /home/winner_bishal/ros2_delta_ws/build/delta_vision/build install --record /home/winner_bishal/ros2_delta_ws/build/delta_vision/install.log --single-version-externally-managed
[1.122s] running egg_info
[1.123s] writing ../../build/delta_vision/delta_vision.egg-info/PKG-INFO
[1.123s] writing dependency_links to ../../build/delta_vision/delta_vision.egg-info/dependency_links.txt
[1.123s] writing entry points to ../../build/delta_vision/delta_vision.egg-info/entry_points.txt
[1.123s] writing requirements to ../../build/delta_vision/delta_vision.egg-info/requires.txt
[1.123s] writing top-level names to ../../build/delta_vision/delta_vision.egg-info/top_level.txt
[1.125s] reading manifest file '../../build/delta_vision/delta_vision.egg-info/SOURCES.txt'
[1.126s] writing manifest file '../../build/delta_vision/delta_vision.egg-info/SOURCES.txt'
[1.127s] running build
[1.127s] running build_py
[1.127s] running install
[1.128s] running install_lib
[1.131s] running install_data
[1.132s] running install_egg_info
[1.135s] removing '/home/winner_bishal/ros2_delta_ws/install/delta_vision/lib/python3.10/site-packages/delta_vision-0.0.0-py3.10.egg-info' (and everything under it)
[1.135s] Copying ../../build/delta_vision/delta_vision.egg-info to /home/winner_bishal/ros2_delta_ws/install/delta_vision/lib/python3.10/site-packages/delta_vision-0.0.0-py3.10.egg-info
[1.136s] running install_scripts
[1.155s] writing list of installed files to '/home/winner_bishal/ros2_delta_ws/build/delta_vision/install.log'
[1.186s] Invoked command in '/home/winner_bishal/ros2_delta_ws/src/delta_vision' returned '0': PYTHONPATH=/home/winner_bishal/ros2_delta_ws/build/delta_vision/prefix_override:/home/winner_bishal/ros2_delta_ws/install/delta_vision/lib/python3.10/site-packages:${PYTHONPATH} /usr/bin/python3 setup.py egg_info --egg-base ../../build/delta_vision build --build-base /home/winner_bishal/ros2_delta_ws/build/delta_vision/build install --record /home/winner_bishal/ros2_delta_ws/build/delta_vision/install.log --single-version-externally-managed
